{"C:\\Users\\DELL\\Documents\\Standard Projects\\Backend\\01. Jobberman\\config\\default.ts": {"path":"C:\\Users\\DELL\\Documents\\Standard Projects\\Backend\\01. Jobberman\\config\\default.ts","statementMap":{"0":{"start":{"line":1,"column":0},"end":{"line":1,"column":28}},"1":{"start":{"line":2,"column":0},"end":{"line":2,"column":16}},"2":{"start":{"line":4,"column":0},"end":{"line":30,"column":2}}},"fnMap":{},"branchMap":{},"s":{"0":10,"1":10,"2":10},"f":{},"b":{}}
,"C:\\Users\\DELL\\Documents\\Standard Projects\\Backend\\01. Jobberman\\src\\scripts.ts": {"path":"C:\\Users\\DELL\\Documents\\Standard Projects\\Backend\\01. Jobberman\\src\\scripts.ts","statementMap":{"0":{"start":{"line":7,"column":0},"end":{"line":7,"column":16}},"1":{"start":{"line":1,"column":0},"end":{"line":1,"column":26}},"2":{"start":{"line":2,"column":0},"end":{"line":2,"column":46}},"3":{"start":{"line":3,"column":0},"end":{"line":3,"column":46}},"4":{"start":{"line":5,"column":23},"end":{"line":5,"column":52}},"5":{"start":{"line":8,"column":2},"end":{"line":10,"column":3}},"6":{"start":{"line":9,"column":4},"end":{"line":9,"column":58}},"7":{"start":{"line":11,"column":2},"end":{"line":11,"column":26}},"8":{"start":{"line":14,"column":13},"end":{"line":14,"column":43}},"9":{"start":{"line":15,"column":16},"end":{"line":15,"column":34}},"10":{"start":{"line":16,"column":13},"end":{"line":16,"column":52}}},"fnMap":{"0":{"name":"connectionScript","decl":{"start":{"line":7,"column":16},"end":{"line":7,"column":32}},"loc":{"start":{"line":7,"column":45},"end":{"line":12,"column":1}}}},"branchMap":{"0":{"loc":{"start":{"line":8,"column":2},"end":{"line":10,"column":3}},"type":"if","locations":[{"start":{"line":8,"column":2},"end":{"line":10,"column":3}}]}},"s":{"0":10,"1":10,"2":10,"3":10,"4":10,"5":32,"6":16,"7":32,"8":10,"9":10,"10":10},"f":{"0":32},"b":{"0":[16]}}
,"C:\\Users\\DELL\\Documents\\Standard Projects\\Backend\\01. Jobberman\\src\\controller\\Job.controller.ts": {"path":"C:\\Users\\DELL\\Documents\\Standard Projects\\Backend\\01. Jobberman\\src\\controller\\Job.controller.ts","statementMap":{"0":{"start":{"line":22,"column":0},"end":{"line":22,"column":22}},"1":{"start":{"line":49,"column":0},"end":{"line":49,"column":22}},"2":{"start":{"line":79,"column":0},"end":{"line":79,"column":22}},"3":{"start":{"line":119,"column":0},"end":{"line":119,"column":22}},"4":{"start":{"line":178,"column":0},"end":{"line":178,"column":22}},"5":{"start":{"line":216,"column":0},"end":{"line":216,"column":22}},"6":{"start":{"line":254,"column":0},"end":{"line":254,"column":22}},"7":{"start":{"line":296,"column":0},"end":{"line":296,"column":22}},"8":{"start":{"line":350,"column":0},"end":{"line":350,"column":22}},"9":{"start":{"line":3,"column":0},"end":{"line":3,"column":null}},"10":{"start":{"line":14,"column":0},"end":{"line":14,"column":64}},"11":{"start":{"line":26,"column":2},"end":{"line":46,"column":3}},"12":{"start":{"line":27,"column":19},"end":{"line":27,"column":29}},"13":{"start":{"line":29,"column":16},"end":{"line":29,"column":40}},"14":{"start":{"line":30,"column":4},"end":{"line":33,"column":5}},"15":{"start":{"line":31,"column":6},"end":{"line":31,"column":44}},"16":{"start":{"line":32,"column":6},"end":{"line":32,"column":13}},"17":{"start":{"line":34,"column":4},"end":{"line":38,"column":7}},"18":{"start":{"line":40,"column":4},"end":{"line":44,"column":7}},"19":{"start":{"line":45,"column":4},"end":{"line":45,"column":11}},"20":{"start":{"line":50,"column":2},"end":{"line":76,"column":3}},"21":{"start":{"line":52,"column":6},"end":{"line":52,"column":76}},"22":{"start":{"line":54,"column":6},"end":{"line":54,"column":75}},"23":{"start":{"line":55,"column":16},"end":{"line":55,"column":53}},"24":{"start":{"line":56,"column":18},"end":{"line":56,"column":46}},"25":{"start":{"line":57,"column":4},"end":{"line":60,"column":5}},"26":{"start":{"line":58,"column":6},"end":{"line":58,"column":44}},"27":{"start":{"line":59,"column":6},"end":{"line":59,"column":13}},"28":{"start":{"line":62,"column":4},"end":{"line":68,"column":7}},"29":{"start":{"line":70,"column":4},"end":{"line":74,"column":7}},"30":{"start":{"line":75,"column":4},"end":{"line":75,"column":11}},"31":{"start":{"line":83,"column":2},"end":{"line":116,"column":3}},"32":{"start":{"line":85,"column":6},"end":{"line":85,"column":76}},"33":{"start":{"line":87,"column":6},"end":{"line":87,"column":74}},"34":{"start":{"line":88,"column":21},"end":{"line":88,"column":40}},"35":{"start":{"line":89,"column":16},"end":{"line":96,"column":null}},"36":{"start":{"line":98,"column":4},"end":{"line":101,"column":5}},"37":{"start":{"line":99,"column":6},"end":{"line":99,"column":43}},"38":{"start":{"line":100,"column":6},"end":{"line":100,"column":13}},"39":{"start":{"line":103,"column":4},"end":{"line":108,"column":7}},"40":{"start":{"line":110,"column":4},"end":{"line":114,"column":7}},"41":{"start":{"line":115,"column":4},"end":{"line":115,"column":11}},"42":{"start":{"line":123,"column":2},"end":{"line":175,"column":3}},"43":{"start":{"line":125,"column":6},"end":{"line":125,"column":76}},"44":{"start":{"line":127,"column":6},"end":{"line":127,"column":75}},"45":{"start":{"line":128,"column":20},"end":{"line":128,"column":40}},"46":{"start":{"line":129,"column":18},"end":{"line":129,"column":33}},"47":{"start":{"line":130,"column":26},"end":{"line":130,"column":49}},"48":{"start":{"line":131,"column":21},"end":{"line":131,"column":39}},"49":{"start":{"line":132,"column":29},"end":{"line":132,"column":55}},"50":{"start":{"line":133,"column":27},"end":{"line":133,"column":51}},"51":{"start":{"line":134,"column":21},"end":{"line":134,"column":39}},"52":{"start":{"line":135,"column":17},"end":{"line":135,"column":38}},"53":{"start":{"line":136,"column":19},"end":{"line":136,"column":35}},"54":{"start":{"line":137,"column":22},"end":{"line":137,"column":50}},"55":{"start":{"line":138,"column":19},"end":{"line":138,"column":41}},"56":{"start":{"line":139,"column":21},"end":{"line":139,"column":39}},"57":{"start":{"line":140,"column":16},"end":{"line":156,"column":null}},"58":{"start":{"line":158,"column":4},"end":{"line":161,"column":5}},"59":{"start":{"line":159,"column":6},"end":{"line":159,"column":32}},"60":{"start":{"line":160,"column":6},"end":{"line":160,"column":13}},"61":{"start":{"line":162,"column":4},"end":{"line":167,"column":7}},"62":{"start":{"line":169,"column":4},"end":{"line":173,"column":7}},"63":{"start":{"line":174,"column":4},"end":{"line":174,"column":11}},"64":{"start":{"line":179,"column":2},"end":{"line":205,"column":3}},"65":{"start":{"line":181,"column":6},"end":{"line":181,"column":76}},"66":{"start":{"line":183,"column":6},"end":{"line":183,"column":75}},"67":{"start":{"line":184,"column":18},"end":{"line":184,"column":33}},"68":{"start":{"line":186,"column":16},"end":{"line":186,"column":58}},"69":{"start":{"line":187,"column":4},"end":{"line":190,"column":5}},"70":{"start":{"line":188,"column":6},"end":{"line":188,"column":43}},"71":{"start":{"line":189,"column":6},"end":{"line":189,"column":13}},"72":{"start":{"line":191,"column":4},"end":{"line":196,"column":7}},"73":{"start":{"line":197,"column":4},"end":{"line":197,"column":11}},"74":{"start":{"line":199,"column":4},"end":{"line":203,"column":7}},"75":{"start":{"line":204,"column":4},"end":{"line":204,"column":11}},"76":{"start":{"line":220,"column":2},"end":{"line":251,"column":3}},"77":{"start":{"line":221,"column":19},"end":{"line":221,"column":29}},"78":{"start":{"line":222,"column":17},"end":{"line":222,"column":25}},"79":{"start":{"line":224,"column":16},"end":{"line":224,"column":40}},"80":{"start":{"line":225,"column":4},"end":{"line":228,"column":5}},"81":{"start":{"line":226,"column":6},"end":{"line":226,"column":26}},"82":{"start":{"line":227,"column":6},"end":{"line":227,"column":13}},"83":{"start":{"line":231,"column":17},"end":{"line":231,"column":32}},"84":{"start":{"line":232,"column":4},"end":{"line":235,"column":5}},"85":{"start":{"line":233,"column":6},"end":{"line":233,"column":54}},"86":{"start":{"line":234,"column":6},"end":{"line":234,"column":13}},"87":{"start":{"line":237,"column":23},"end":{"line":237,"column":55}},"88":{"start":{"line":239,"column":4},"end":{"line":243,"column":7}},"89":{"start":{"line":245,"column":4},"end":{"line":249,"column":7}},"90":{"start":{"line":250,"column":4},"end":{"line":250,"column":11}},"91":{"start":{"line":258,"column":2},"end":{"line":293,"column":3}},"92":{"start":{"line":259,"column":17},"end":{"line":259,"column":25}},"93":{"start":{"line":262,"column":17},"end":{"line":262,"column":32}},"94":{"start":{"line":263,"column":4},"end":{"line":268,"column":5}},"95":{"start":{"line":264,"column":6},"end":{"line":266,"column":73}},"96":{"start":{"line":267,"column":6},"end":{"line":267,"column":13}},"97":{"start":{"line":270,"column":20},"end":{"line":270,"column":61}},"98":{"start":{"line":271,"column":4},"end":{"line":274,"column":5}},"99":{"start":{"line":272,"column":6},"end":{"line":272,"column":59}},"100":{"start":{"line":273,"column":6},"end":{"line":273,"column":13}},"101":{"start":{"line":275,"column":16},"end":{"line":276,"column":null}},"102":{"start":{"line":280,"column":4},"end":{"line":284,"column":7}},"103":{"start":{"line":285,"column":4},"end":{"line":285,"column":11}},"104":{"start":{"line":287,"column":4},"end":{"line":291,"column":7}},"105":{"start":{"line":292,"column":4},"end":{"line":292,"column":11}},"106":{"start":{"line":310,"column":2},"end":{"line":347,"column":3}},"107":{"start":{"line":311,"column":48},"end":{"line":311,"column":58}},"108":{"start":{"line":312,"column":17},"end":{"line":312,"column":25}},"109":{"start":{"line":313,"column":16},"end":{"line":313,"column":40}},"110":{"start":{"line":314,"column":4},"end":{"line":317,"column":5}},"111":{"start":{"line":315,"column":6},"end":{"line":315,"column":38}},"112":{"start":{"line":316,"column":6},"end":{"line":316,"column":13}},"113":{"start":{"line":320,"column":17},"end":{"line":320,"column":32}},"114":{"start":{"line":321,"column":4},"end":{"line":324,"column":5}},"115":{"start":{"line":322,"column":6},"end":{"line":322,"column":54}},"116":{"start":{"line":323,"column":6},"end":{"line":323,"column":13}},"117":{"start":{"line":326,"column":23},"end":{"line":331,"column":null}},"118":{"start":{"line":334,"column":4},"end":{"line":338,"column":7}},"119":{"start":{"line":339,"column":4},"end":{"line":339,"column":11}},"120":{"start":{"line":341,"column":4},"end":{"line":345,"column":7}},"121":{"start":{"line":346,"column":4},"end":{"line":346,"column":11}},"122":{"start":{"line":351,"column":2},"end":{"line":374,"column":3}},"123":{"start":{"line":352,"column":19},"end":{"line":352,"column":29}},"124":{"start":{"line":355,"column":17},"end":{"line":355,"column":32}},"125":{"start":{"line":356,"column":4},"end":{"line":359,"column":5}},"126":{"start":{"line":357,"column":6},"end":{"line":357,"column":54}},"127":{"start":{"line":358,"column":6},"end":{"line":358,"column":13}},"128":{"start":{"line":361,"column":16},"end":{"line":361,"column":42}},"129":{"start":{"line":362,"column":4},"end":{"line":366,"column":7}},"130":{"start":{"line":367,"column":4},"end":{"line":367,"column":11}},"131":{"start":{"line":369,"column":4},"end":{"line":373,"column":7}}},"fnMap":{"0":{"name":"findJobHandler","decl":{"start":{"line":22,"column":22},"end":{"line":22,"column":36}},"loc":{"start":{"line":24,"column":15},"end":{"line":47,"column":null}}},"1":{"name":"findAllJobsHandler","decl":{"start":{"line":49,"column":22},"end":{"line":49,"column":40}},"loc":{"start":{"line":49,"column":68},"end":{"line":77,"column":null}}},"2":{"name":"findJobsByLocationHandler","decl":{"start":{"line":79,"column":22},"end":{"line":79,"column":47}},"loc":{"start":{"line":81,"column":15},"end":{"line":117,"column":null}}},"3":{"name":"FilterJobHandler","decl":{"start":{"line":119,"column":22},"end":{"line":119,"column":38}},"loc":{"start":{"line":121,"column":15},"end":{"line":176,"column":null}}},"4":{"name":"SearchJobHandler","decl":{"start":{"line":178,"column":22},"end":{"line":178,"column":38}},"loc":{"start":{"line":178,"column":66},"end":{"line":206,"column":null}}},"5":{"name":"updateJobHandler","decl":{"start":{"line":216,"column":22},"end":{"line":216,"column":38}},"loc":{"start":{"line":218,"column":15},"end":{"line":252,"column":null}}},"6":{"name":"CreateJobHandler","decl":{"start":{"line":254,"column":22},"end":{"line":254,"column":38}},"loc":{"start":{"line":256,"column":15},"end":{"line":294,"column":null}}},"7":{"name":"updateJobFKHandler","decl":{"start":{"line":296,"column":22},"end":{"line":296,"column":40}},"loc":{"start":{"line":308,"column":15},"end":{"line":348,"column":null}}},"8":{"name":"deleteJobHandler","decl":{"start":{"line":350,"column":22},"end":{"line":350,"column":38}},"loc":{"start":{"line":350,"column":66},"end":{"line":375,"column":null}}}},"branchMap":{"0":{"loc":{"start":{"line":30,"column":4},"end":{"line":33,"column":5}},"type":"if","locations":[{"start":{"line":30,"column":4},"end":{"line":33,"column":5}}]},"1":{"loc":{"start":{"line":52,"column":6},"end":{"line":52,"column":76}},"type":"cond-expr","locations":[{"start":{"line":52,"column":46},"end":{"line":52,"column":72}},{"start":{"line":52,"column":75},"end":{"line":52,"column":76}}]},"2":{"loc":{"start":{"line":54,"column":6},"end":{"line":54,"column":75}},"type":"cond-expr","locations":[{"start":{"line":54,"column":47},"end":{"line":54,"column":70}},{"start":{"line":54,"column":73},"end":{"line":54,"column":75}}]},"3":{"loc":{"start":{"line":57,"column":4},"end":{"line":60,"column":5}},"type":"if","locations":[{"start":{"line":57,"column":4},"end":{"line":60,"column":5}}]},"4":{"loc":{"start":{"line":85,"column":6},"end":{"line":85,"column":76}},"type":"cond-expr","locations":[{"start":{"line":85,"column":46},"end":{"line":85,"column":72}},{"start":{"line":85,"column":75},"end":{"line":85,"column":76}}]},"5":{"loc":{"start":{"line":87,"column":6},"end":{"line":87,"column":74}},"type":"cond-expr","locations":[{"start":{"line":87,"column":47},"end":{"line":87,"column":70}},{"start":{"line":87,"column":73},"end":{"line":87,"column":74}}]},"6":{"loc":{"start":{"line":98,"column":4},"end":{"line":101,"column":5}},"type":"if","locations":[{"start":{"line":98,"column":4},"end":{"line":101,"column":5}}]},"7":{"loc":{"start":{"line":125,"column":6},"end":{"line":125,"column":76}},"type":"cond-expr","locations":[{"start":{"line":125,"column":46},"end":{"line":125,"column":72}},{"start":{"line":125,"column":75},"end":{"line":125,"column":76}}]},"8":{"loc":{"start":{"line":127,"column":6},"end":{"line":127,"column":75}},"type":"cond-expr","locations":[{"start":{"line":127,"column":47},"end":{"line":127,"column":70}},{"start":{"line":127,"column":73},"end":{"line":127,"column":75}}]},"9":{"loc":{"start":{"line":158,"column":4},"end":{"line":161,"column":5}},"type":"if","locations":[{"start":{"line":158,"column":4},"end":{"line":161,"column":5}}]},"10":{"loc":{"start":{"line":181,"column":6},"end":{"line":181,"column":76}},"type":"cond-expr","locations":[{"start":{"line":181,"column":46},"end":{"line":181,"column":72}},{"start":{"line":181,"column":75},"end":{"line":181,"column":76}}]},"11":{"loc":{"start":{"line":183,"column":6},"end":{"line":183,"column":75}},"type":"cond-expr","locations":[{"start":{"line":183,"column":47},"end":{"line":183,"column":70}},{"start":{"line":183,"column":73},"end":{"line":183,"column":75}}]},"12":{"loc":{"start":{"line":187,"column":4},"end":{"line":190,"column":5}},"type":"if","locations":[{"start":{"line":187,"column":4},"end":{"line":190,"column":5}}]},"13":{"loc":{"start":{"line":225,"column":4},"end":{"line":228,"column":5}},"type":"if","locations":[{"start":{"line":225,"column":4},"end":{"line":228,"column":5}}]},"14":{"loc":{"start":{"line":232,"column":4},"end":{"line":235,"column":5}},"type":"if","locations":[{"start":{"line":232,"column":4},"end":{"line":235,"column":5}}]},"15":{"loc":{"start":{"line":232,"column":8},"end":{"line":232,"column":50}},"type":"binary-expr","locations":[{"start":{"line":232,"column":8},"end":{"line":232,"column":13}},{"start":{"line":232,"column":17},"end":{"line":232,"column":50}}]},"16":{"loc":{"start":{"line":263,"column":4},"end":{"line":268,"column":5}},"type":"if","locations":[{"start":{"line":263,"column":4},"end":{"line":268,"column":5}}]},"17":{"loc":{"start":{"line":263,"column":8},"end":{"line":263,"column":39}},"type":"binary-expr","locations":[{"start":{"line":263,"column":8},"end":{"line":263,"column":13}},{"start":{"line":263,"column":17},"end":{"line":263,"column":39}}]},"18":{"loc":{"start":{"line":271,"column":4},"end":{"line":274,"column":5}},"type":"if","locations":[{"start":{"line":271,"column":4},"end":{"line":274,"column":5}}]},"19":{"loc":{"start":{"line":314,"column":4},"end":{"line":317,"column":5}},"type":"if","locations":[{"start":{"line":314,"column":4},"end":{"line":317,"column":5}}]},"20":{"loc":{"start":{"line":321,"column":4},"end":{"line":324,"column":5}},"type":"if","locations":[{"start":{"line":321,"column":4},"end":{"line":324,"column":5}}]},"21":{"loc":{"start":{"line":321,"column":8},"end":{"line":321,"column":50}},"type":"binary-expr","locations":[{"start":{"line":321,"column":8},"end":{"line":321,"column":13}},{"start":{"line":321,"column":17},"end":{"line":321,"column":50}}]},"22":{"loc":{"start":{"line":356,"column":4},"end":{"line":359,"column":5}},"type":"if","locations":[{"start":{"line":356,"column":4},"end":{"line":359,"column":5}}]},"23":{"loc":{"start":{"line":356,"column":8},"end":{"line":356,"column":38}},"type":"binary-expr","locations":[{"start":{"line":356,"column":8},"end":{"line":356,"column":13}},{"start":{"line":356,"column":17},"end":{"line":356,"column":38}}]}},"s":{"0":10,"1":10,"2":10,"3":10,"4":10,"5":10,"6":10,"7":10,"8":10,"9":10,"10":10,"11":0,"12":0,"13":0,"14":0,"15":0,"16":0,"17":0,"18":0,"19":0,"20":1,"21":1,"22":1,"23":1,"24":1,"25":1,"26":0,"27":0,"28":1,"29":0,"30":0,"31":1,"32":1,"33":1,"34":1,"35":1,"36":1,"37":0,"38":0,"39":1,"40":0,"41":0,"42":1,"43":1,"44":1,"45":1,"46":1,"47":1,"48":1,"49":1,"50":1,"51":1,"52":1,"53":1,"54":1,"55":1,"56":1,"57":1,"58":1,"59":0,"60":0,"61":1,"62":0,"63":0,"64":0,"65":0,"66":0,"67":0,"68":0,"69":0,"70":0,"71":0,"72":0,"73":0,"74":0,"75":0,"76":0,"77":0,"78":0,"79":0,"80":0,"81":0,"82":0,"83":0,"84":0,"85":0,"86":0,"87":0,"88":0,"89":0,"90":0,"91":0,"92":0,"93":0,"94":0,"95":0,"96":0,"97":0,"98":0,"99":0,"100":0,"101":0,"102":0,"103":0,"104":0,"105":0,"106":0,"107":0,"108":0,"109":0,"110":0,"111":0,"112":0,"113":0,"114":0,"115":0,"116":0,"117":0,"118":0,"119":0,"120":0,"121":0,"122":0,"123":0,"124":0,"125":0,"126":0,"127":0,"128":0,"129":0,"130":0,"131":0},"f":{"0":0,"1":1,"2":1,"3":1,"4":0,"5":0,"6":0,"7":0,"8":0},"b":{"0":[0],"1":[0,1],"2":[0,1],"3":[0],"4":[0,1],"5":[0,1],"6":[0],"7":[0,1],"8":[0,1],"9":[0],"10":[0,0],"11":[0,0],"12":[0],"13":[0],"14":[0],"15":[0,0],"16":[0],"17":[0,0],"18":[0],"19":[0],"20":[0],"21":[0,0],"22":[0],"23":[0,0]}}
,"C:\\Users\\DELL\\Documents\\Standard Projects\\Backend\\01. Jobberman\\src\\controller\\address.controller.ts": {"path":"C:\\Users\\DELL\\Documents\\Standard Projects\\Backend\\01. Jobberman\\src\\controller\\address.controller.ts","statementMap":{"0":{"start":{"line":12,"column":0},"end":{"line":12,"column":22}},"1":{"start":{"line":41,"column":0},"end":{"line":41,"column":22}},"2":{"start":{"line":77,"column":0},"end":{"line":77,"column":22}},"3":{"start":{"line":106,"column":0},"end":{"line":106,"column":22}},"4":{"start":{"line":144,"column":0},"end":{"line":144,"column":22}},"5":{"start":{"line":3,"column":0},"end":{"line":3,"column":null}},"6":{"start":{"line":16,"column":2},"end":{"line":38,"column":3}},"7":{"start":{"line":17,"column":19},"end":{"line":17,"column":29}},"8":{"start":{"line":19,"column":20},"end":{"line":19,"column":48}},"9":{"start":{"line":20,"column":4},"end":{"line":23,"column":5}},"10":{"start":{"line":21,"column":6},"end":{"line":21,"column":36}},"11":{"start":{"line":22,"column":6},"end":{"line":22,"column":13}},"12":{"start":{"line":25,"column":4},"end":{"line":29,"column":7}},"13":{"start":{"line":30,"column":4},"end":{"line":30,"column":11}},"14":{"start":{"line":32,"column":4},"end":{"line":36,"column":7}},"15":{"start":{"line":37,"column":4},"end":{"line":37,"column":11}},"16":{"start":{"line":42,"column":2},"end":{"line":69,"column":3}},"17":{"start":{"line":44,"column":6},"end":{"line":44,"column":76}},"18":{"start":{"line":46,"column":6},"end":{"line":46,"column":75}},"19":{"start":{"line":47,"column":20},"end":{"line":47,"column":60}},"20":{"start":{"line":48,"column":18},"end":{"line":48,"column":50}},"21":{"start":{"line":49,"column":4},"end":{"line":52,"column":5}},"22":{"start":{"line":50,"column":6},"end":{"line":50,"column":47}},"23":{"start":{"line":51,"column":6},"end":{"line":51,"column":13}},"24":{"start":{"line":54,"column":4},"end":{"line":60,"column":7}},"25":{"start":{"line":61,"column":4},"end":{"line":61,"column":11}},"26":{"start":{"line":63,"column":4},"end":{"line":67,"column":7}},"27":{"start":{"line":68,"column":4},"end":{"line":68,"column":11}},"28":{"start":{"line":83,"column":2},"end":{"line":103,"column":3}},"29":{"start":{"line":84,"column":17},"end":{"line":84,"column":25}},"30":{"start":{"line":86,"column":20},"end":{"line":87,"column":null}},"31":{"start":{"line":90,"column":4},"end":{"line":94,"column":7}},"32":{"start":{"line":95,"column":4},"end":{"line":95,"column":11}},"33":{"start":{"line":97,"column":4},"end":{"line":101,"column":7}},"34":{"start":{"line":102,"column":4},"end":{"line":102,"column":11}},"35":{"start":{"line":110,"column":17},"end":{"line":110,"column":27}},"36":{"start":{"line":111,"column":15},"end":{"line":111,"column":23}},"37":{"start":{"line":114,"column":15},"end":{"line":114,"column":30}},"38":{"start":{"line":115,"column":2},"end":{"line":118,"column":3}},"39":{"start":{"line":116,"column":4},"end":{"line":116,"column":52}},"40":{"start":{"line":117,"column":4},"end":{"line":117,"column":11}},"41":{"start":{"line":120,"column":18},"end":{"line":120,"column":46}},"42":{"start":{"line":121,"column":2},"end":{"line":124,"column":3}},"43":{"start":{"line":122,"column":4},"end":{"line":122,"column":24}},"44":{"start":{"line":123,"column":4},"end":{"line":123,"column":11}},"45":{"start":{"line":126,"column":2},"end":{"line":141,"column":3}},"46":{"start":{"line":127,"column":27},"end":{"line":127,"column":63}},"47":{"start":{"line":129,"column":4},"end":{"line":133,"column":7}},"48":{"start":{"line":135,"column":4},"end":{"line":139,"column":7}},"49":{"start":{"line":140,"column":4},"end":{"line":140,"column":11}},"50":{"start":{"line":145,"column":2},"end":{"line":168,"column":3}},"51":{"start":{"line":146,"column":19},"end":{"line":146,"column":29}},"52":{"start":{"line":149,"column":17},"end":{"line":149,"column":32}},"53":{"start":{"line":150,"column":4},"end":{"line":153,"column":5}},"54":{"start":{"line":151,"column":6},"end":{"line":151,"column":54}},"55":{"start":{"line":152,"column":6},"end":{"line":152,"column":13}},"56":{"start":{"line":155,"column":20},"end":{"line":155,"column":50}},"57":{"start":{"line":156,"column":4},"end":{"line":160,"column":7}},"58":{"start":{"line":161,"column":4},"end":{"line":161,"column":11}},"59":{"start":{"line":163,"column":4},"end":{"line":167,"column":7}}},"fnMap":{"0":{"name":"findAddressHandler","decl":{"start":{"line":12,"column":22},"end":{"line":12,"column":40}},"loc":{"start":{"line":14,"column":15},"end":{"line":39,"column":null}}},"1":{"name":"findAllAddressHandler","decl":{"start":{"line":41,"column":22},"end":{"line":41,"column":43}},"loc":{"start":{"line":41,"column":71},"end":{"line":70,"column":null}}},"2":{"name":"CreateAddressHandler","decl":{"start":{"line":77,"column":22},"end":{"line":77,"column":42}},"loc":{"start":{"line":79,"column":15},"end":{"line":104,"column":null}}},"3":{"name":"updateAddressHandler","decl":{"start":{"line":106,"column":22},"end":{"line":106,"column":42}},"loc":{"start":{"line":108,"column":15},"end":{"line":142,"column":null}}},"4":{"name":"deleteAddressHandler","decl":{"start":{"line":144,"column":22},"end":{"line":144,"column":42}},"loc":{"start":{"line":144,"column":70},"end":{"line":169,"column":null}}}},"branchMap":{"0":{"loc":{"start":{"line":20,"column":4},"end":{"line":23,"column":5}},"type":"if","locations":[{"start":{"line":20,"column":4},"end":{"line":23,"column":5}}]},"1":{"loc":{"start":{"line":44,"column":6},"end":{"line":44,"column":76}},"type":"cond-expr","locations":[{"start":{"line":44,"column":46},"end":{"line":44,"column":72}},{"start":{"line":44,"column":75},"end":{"line":44,"column":76}}]},"2":{"loc":{"start":{"line":46,"column":6},"end":{"line":46,"column":75}},"type":"cond-expr","locations":[{"start":{"line":46,"column":47},"end":{"line":46,"column":70}},{"start":{"line":46,"column":73},"end":{"line":46,"column":75}}]},"3":{"loc":{"start":{"line":49,"column":4},"end":{"line":52,"column":5}},"type":"if","locations":[{"start":{"line":49,"column":4},"end":{"line":52,"column":5}}]},"4":{"loc":{"start":{"line":115,"column":2},"end":{"line":118,"column":3}},"type":"if","locations":[{"start":{"line":115,"column":2},"end":{"line":118,"column":3}}]},"5":{"loc":{"start":{"line":121,"column":2},"end":{"line":124,"column":3}},"type":"if","locations":[{"start":{"line":121,"column":2},"end":{"line":124,"column":3}}]},"6":{"loc":{"start":{"line":150,"column":4},"end":{"line":153,"column":5}},"type":"if","locations":[{"start":{"line":150,"column":4},"end":{"line":153,"column":5}}]}},"s":{"0":10,"1":10,"2":10,"3":10,"4":10,"5":10,"6":1,"7":1,"8":1,"9":1,"10":0,"11":0,"12":1,"13":1,"14":0,"15":0,"16":0,"17":0,"18":0,"19":0,"20":0,"21":0,"22":0,"23":0,"24":0,"25":0,"26":0,"27":0,"28":1,"29":1,"30":1,"31":1,"32":1,"33":0,"34":0,"35":1,"36":1,"37":1,"38":1,"39":0,"40":0,"41":1,"42":1,"43":0,"44":0,"45":1,"46":1,"47":1,"48":0,"49":0,"50":1,"51":1,"52":1,"53":1,"54":0,"55":0,"56":1,"57":1,"58":1,"59":0},"f":{"0":1,"1":0,"2":1,"3":1,"4":1},"b":{"0":[0],"1":[0,0],"2":[0,0],"3":[0],"4":[0],"5":[0],"6":[0]}}
,"C:\\Users\\DELL\\Documents\\Standard Projects\\Backend\\01. Jobberman\\src\\controller\\company.controller.ts": {"path":"C:\\Users\\DELL\\Documents\\Standard Projects\\Backend\\01. Jobberman\\src\\controller\\company.controller.ts","statementMap":{"0":{"start":{"line":18,"column":0},"end":{"line":18,"column":22}},"1":{"start":{"line":46,"column":0},"end":{"line":46,"column":22}},"2":{"start":{"line":76,"column":0},"end":{"line":76,"column":22}},"3":{"start":{"line":109,"column":0},"end":{"line":109,"column":22}},"4":{"start":{"line":146,"column":0},"end":{"line":146,"column":22}},"5":{"start":{"line":182,"column":0},"end":{"line":182,"column":22}},"6":{"start":{"line":209,"column":0},"end":{"line":209,"column":22}},"7":{"start":{"line":247,"column":0},"end":{"line":247,"column":22}},"8":{"start":{"line":293,"column":0},"end":{"line":293,"column":22}},"9":{"start":{"line":4,"column":0},"end":{"line":4,"column":null}},"10":{"start":{"line":22,"column":2},"end":{"line":43,"column":3}},"11":{"start":{"line":23,"column":19},"end":{"line":23,"column":29}},"12":{"start":{"line":25,"column":20},"end":{"line":25,"column":48}},"13":{"start":{"line":26,"column":4},"end":{"line":29,"column":5}},"14":{"start":{"line":27,"column":6},"end":{"line":27,"column":48}},"15":{"start":{"line":28,"column":6},"end":{"line":28,"column":13}},"16":{"start":{"line":31,"column":4},"end":{"line":35,"column":7}},"17":{"start":{"line":37,"column":4},"end":{"line":41,"column":7}},"18":{"start":{"line":42,"column":4},"end":{"line":42,"column":11}},"19":{"start":{"line":47,"column":2},"end":{"line":73,"column":3}},"20":{"start":{"line":49,"column":6},"end":{"line":49,"column":76}},"21":{"start":{"line":51,"column":6},"end":{"line":51,"column":75}},"22":{"start":{"line":52,"column":20},"end":{"line":52,"column":60}},"23":{"start":{"line":53,"column":18},"end":{"line":53,"column":50}},"24":{"start":{"line":54,"column":4},"end":{"line":57,"column":5}},"25":{"start":{"line":55,"column":6},"end":{"line":55,"column":47}},"26":{"start":{"line":56,"column":6},"end":{"line":56,"column":13}},"27":{"start":{"line":59,"column":4},"end":{"line":65,"column":7}},"28":{"start":{"line":67,"column":4},"end":{"line":71,"column":7}},"29":{"start":{"line":72,"column":4},"end":{"line":72,"column":11}},"30":{"start":{"line":80,"column":2},"end":{"line":106,"column":3}},"31":{"start":{"line":82,"column":6},"end":{"line":82,"column":76}},"32":{"start":{"line":84,"column":6},"end":{"line":84,"column":74}},"33":{"start":{"line":85,"column":21},"end":{"line":85,"column":40}},"34":{"start":{"line":86,"column":20},"end":{"line":86,"column":71}},"35":{"start":{"line":87,"column":4},"end":{"line":90,"column":5}},"36":{"start":{"line":88,"column":6},"end":{"line":88,"column":59}},"37":{"start":{"line":89,"column":6},"end":{"line":89,"column":13}},"38":{"start":{"line":92,"column":4},"end":{"line":97,"column":7}},"39":{"start":{"line":98,"column":4},"end":{"line":98,"column":11}},"40":{"start":{"line":100,"column":4},"end":{"line":104,"column":7}},"41":{"start":{"line":105,"column":4},"end":{"line":105,"column":11}},"42":{"start":{"line":110,"column":2},"end":{"line":143,"column":3}},"43":{"start":{"line":112,"column":6},"end":{"line":112,"column":76}},"44":{"start":{"line":114,"column":6},"end":{"line":114,"column":75}},"45":{"start":{"line":115,"column":17},"end":{"line":115,"column":31}},"46":{"start":{"line":116,"column":17},"end":{"line":116,"column":31}},"47":{"start":{"line":117,"column":20},"end":{"line":117,"column":37}},"48":{"start":{"line":118,"column":17},"end":{"line":118,"column":31}},"49":{"start":{"line":120,"column":20},"end":{"line":123,"column":null}},"50":{"start":{"line":125,"column":4},"end":{"line":128,"column":5}},"51":{"start":{"line":126,"column":6},"end":{"line":126,"column":47}},"52":{"start":{"line":127,"column":6},"end":{"line":127,"column":13}},"53":{"start":{"line":129,"column":4},"end":{"line":134,"column":7}},"54":{"start":{"line":135,"column":4},"end":{"line":135,"column":11}},"55":{"start":{"line":137,"column":4},"end":{"line":141,"column":7}},"56":{"start":{"line":142,"column":4},"end":{"line":142,"column":11}},"57":{"start":{"line":147,"column":2},"end":{"line":173,"column":3}},"58":{"start":{"line":149,"column":6},"end":{"line":149,"column":76}},"59":{"start":{"line":151,"column":6},"end":{"line":151,"column":75}},"60":{"start":{"line":152,"column":17},"end":{"line":152,"column":31}},"61":{"start":{"line":154,"column":20},"end":{"line":154,"column":65}},"62":{"start":{"line":155,"column":4},"end":{"line":158,"column":5}},"63":{"start":{"line":156,"column":6},"end":{"line":156,"column":47}},"64":{"start":{"line":157,"column":6},"end":{"line":157,"column":13}},"65":{"start":{"line":159,"column":4},"end":{"line":164,"column":7}},"66":{"start":{"line":165,"column":4},"end":{"line":165,"column":11}},"67":{"start":{"line":167,"column":4},"end":{"line":171,"column":7}},"68":{"start":{"line":172,"column":4},"end":{"line":172,"column":11}},"69":{"start":{"line":186,"column":2},"end":{"line":206,"column":3}},"70":{"start":{"line":187,"column":17},"end":{"line":187,"column":25}},"71":{"start":{"line":189,"column":20},"end":{"line":190,"column":null}},"72":{"start":{"line":193,"column":4},"end":{"line":197,"column":7}},"73":{"start":{"line":198,"column":4},"end":{"line":198,"column":11}},"74":{"start":{"line":200,"column":4},"end":{"line":204,"column":7}},"75":{"start":{"line":205,"column":4},"end":{"line":205,"column":11}},"76":{"start":{"line":213,"column":2},"end":{"line":244,"column":3}},"77":{"start":{"line":214,"column":19},"end":{"line":214,"column":29}},"78":{"start":{"line":215,"column":17},"end":{"line":215,"column":25}},"79":{"start":{"line":218,"column":17},"end":{"line":218,"column":32}},"80":{"start":{"line":219,"column":4},"end":{"line":222,"column":5}},"81":{"start":{"line":220,"column":6},"end":{"line":220,"column":54}},"82":{"start":{"line":221,"column":6},"end":{"line":221,"column":13}},"83":{"start":{"line":224,"column":20},"end":{"line":224,"column":48}},"84":{"start":{"line":225,"column":4},"end":{"line":228,"column":5}},"85":{"start":{"line":226,"column":6},"end":{"line":226,"column":38}},"86":{"start":{"line":227,"column":6},"end":{"line":227,"column":13}},"87":{"start":{"line":229,"column":27},"end":{"line":229,"column":63}},"88":{"start":{"line":231,"column":4},"end":{"line":235,"column":7}},"89":{"start":{"line":236,"column":4},"end":{"line":236,"column":11}},"90":{"start":{"line":238,"column":4},"end":{"line":242,"column":7}},"91":{"start":{"line":243,"column":4},"end":{"line":243,"column":11}},"92":{"start":{"line":255,"column":2},"end":{"line":290,"column":3}},"93":{"start":{"line":256,"column":37},"end":{"line":256,"column":47}},"94":{"start":{"line":257,"column":17},"end":{"line":257,"column":25}},"95":{"start":{"line":260,"column":17},"end":{"line":260,"column":32}},"96":{"start":{"line":261,"column":4},"end":{"line":264,"column":5}},"97":{"start":{"line":262,"column":6},"end":{"line":262,"column":54}},"98":{"start":{"line":263,"column":6},"end":{"line":263,"column":13}},"99":{"start":{"line":265,"column":20},"end":{"line":265,"column":55}},"100":{"start":{"line":266,"column":4},"end":{"line":269,"column":5}},"101":{"start":{"line":267,"column":6},"end":{"line":267,"column":26}},"102":{"start":{"line":268,"column":6},"end":{"line":268,"column":13}},"103":{"start":{"line":271,"column":27},"end":{"line":274,"column":null}},"104":{"start":{"line":277,"column":4},"end":{"line":281,"column":7}},"105":{"start":{"line":282,"column":4},"end":{"line":282,"column":11}},"106":{"start":{"line":284,"column":4},"end":{"line":288,"column":7}},"107":{"start":{"line":289,"column":4},"end":{"line":289,"column":11}},"108":{"start":{"line":294,"column":2},"end":{"line":318,"column":3}},"109":{"start":{"line":295,"column":19},"end":{"line":295,"column":29}},"110":{"start":{"line":298,"column":17},"end":{"line":298,"column":32}},"111":{"start":{"line":299,"column":4},"end":{"line":302,"column":5}},"112":{"start":{"line":300,"column":6},"end":{"line":300,"column":54}},"113":{"start":{"line":301,"column":6},"end":{"line":301,"column":13}},"114":{"start":{"line":304,"column":20},"end":{"line":304,"column":50}},"115":{"start":{"line":305,"column":4},"end":{"line":309,"column":7}},"116":{"start":{"line":310,"column":4},"end":{"line":310,"column":11}},"117":{"start":{"line":312,"column":4},"end":{"line":316,"column":7}},"118":{"start":{"line":317,"column":4},"end":{"line":317,"column":11}}},"fnMap":{"0":{"name":"findCompanyHandler","decl":{"start":{"line":18,"column":22},"end":{"line":18,"column":40}},"loc":{"start":{"line":20,"column":15},"end":{"line":44,"column":null}}},"1":{"name":"findAllCompanysHandler","decl":{"start":{"line":46,"column":22},"end":{"line":46,"column":44}},"loc":{"start":{"line":46,"column":72},"end":{"line":74,"column":null}}},"2":{"name":"findCompanyByLocationHandler","decl":{"start":{"line":76,"column":22},"end":{"line":76,"column":50}},"loc":{"start":{"line":78,"column":15},"end":{"line":107,"column":null}}},"3":{"name":"FilterCompanyHandler","decl":{"start":{"line":109,"column":22},"end":{"line":109,"column":42}},"loc":{"start":{"line":109,"column":70},"end":{"line":144,"column":null}}},"4":{"name":"SearchCompanyHandler","decl":{"start":{"line":146,"column":22},"end":{"line":146,"column":42}},"loc":{"start":{"line":146,"column":70},"end":{"line":174,"column":null}}},"5":{"name":"CreateCompanyHandler","decl":{"start":{"line":182,"column":22},"end":{"line":182,"column":42}},"loc":{"start":{"line":184,"column":15},"end":{"line":207,"column":null}}},"6":{"name":"updateCompanyHandler","decl":{"start":{"line":209,"column":22},"end":{"line":209,"column":42}},"loc":{"start":{"line":211,"column":15},"end":{"line":245,"column":null}}},"7":{"name":"updateCompanyAddressHandler","decl":{"start":{"line":247,"column":22},"end":{"line":247,"column":49}},"loc":{"start":{"line":253,"column":15},"end":{"line":291,"column":null}}},"8":{"name":"deleteCompanyHandler","decl":{"start":{"line":293,"column":22},"end":{"line":293,"column":42}},"loc":{"start":{"line":293,"column":70},"end":{"line":319,"column":null}}}},"branchMap":{"0":{"loc":{"start":{"line":26,"column":4},"end":{"line":29,"column":5}},"type":"if","locations":[{"start":{"line":26,"column":4},"end":{"line":29,"column":5}}]},"1":{"loc":{"start":{"line":49,"column":6},"end":{"line":49,"column":76}},"type":"cond-expr","locations":[{"start":{"line":49,"column":46},"end":{"line":49,"column":72}},{"start":{"line":49,"column":75},"end":{"line":49,"column":76}}]},"2":{"loc":{"start":{"line":51,"column":6},"end":{"line":51,"column":75}},"type":"cond-expr","locations":[{"start":{"line":51,"column":47},"end":{"line":51,"column":70}},{"start":{"line":51,"column":73},"end":{"line":51,"column":75}}]},"3":{"loc":{"start":{"line":54,"column":4},"end":{"line":57,"column":5}},"type":"if","locations":[{"start":{"line":54,"column":4},"end":{"line":57,"column":5}}]},"4":{"loc":{"start":{"line":82,"column":6},"end":{"line":82,"column":76}},"type":"cond-expr","locations":[{"start":{"line":82,"column":46},"end":{"line":82,"column":72}},{"start":{"line":82,"column":75},"end":{"line":82,"column":76}}]},"5":{"loc":{"start":{"line":84,"column":6},"end":{"line":84,"column":74}},"type":"cond-expr","locations":[{"start":{"line":84,"column":47},"end":{"line":84,"column":70}},{"start":{"line":84,"column":73},"end":{"line":84,"column":74}}]},"6":{"loc":{"start":{"line":87,"column":4},"end":{"line":90,"column":5}},"type":"if","locations":[{"start":{"line":87,"column":4},"end":{"line":90,"column":5}}]},"7":{"loc":{"start":{"line":112,"column":6},"end":{"line":112,"column":76}},"type":"cond-expr","locations":[{"start":{"line":112,"column":46},"end":{"line":112,"column":72}},{"start":{"line":112,"column":75},"end":{"line":112,"column":76}}]},"8":{"loc":{"start":{"line":114,"column":6},"end":{"line":114,"column":75}},"type":"cond-expr","locations":[{"start":{"line":114,"column":47},"end":{"line":114,"column":70}},{"start":{"line":114,"column":73},"end":{"line":114,"column":75}}]},"9":{"loc":{"start":{"line":125,"column":4},"end":{"line":128,"column":5}},"type":"if","locations":[{"start":{"line":125,"column":4},"end":{"line":128,"column":5}}]},"10":{"loc":{"start":{"line":149,"column":6},"end":{"line":149,"column":76}},"type":"cond-expr","locations":[{"start":{"line":149,"column":46},"end":{"line":149,"column":72}},{"start":{"line":149,"column":75},"end":{"line":149,"column":76}}]},"11":{"loc":{"start":{"line":151,"column":6},"end":{"line":151,"column":75}},"type":"cond-expr","locations":[{"start":{"line":151,"column":47},"end":{"line":151,"column":70}},{"start":{"line":151,"column":73},"end":{"line":151,"column":75}}]},"12":{"loc":{"start":{"line":155,"column":4},"end":{"line":158,"column":5}},"type":"if","locations":[{"start":{"line":155,"column":4},"end":{"line":158,"column":5}}]},"13":{"loc":{"start":{"line":219,"column":4},"end":{"line":222,"column":5}},"type":"if","locations":[{"start":{"line":219,"column":4},"end":{"line":222,"column":5}}]},"14":{"loc":{"start":{"line":225,"column":4},"end":{"line":228,"column":5}},"type":"if","locations":[{"start":{"line":225,"column":4},"end":{"line":228,"column":5}}]},"15":{"loc":{"start":{"line":261,"column":4},"end":{"line":264,"column":5}},"type":"if","locations":[{"start":{"line":261,"column":4},"end":{"line":264,"column":5}}]},"16":{"loc":{"start":{"line":266,"column":4},"end":{"line":269,"column":5}},"type":"if","locations":[{"start":{"line":266,"column":4},"end":{"line":269,"column":5}}]},"17":{"loc":{"start":{"line":299,"column":4},"end":{"line":302,"column":5}},"type":"if","locations":[{"start":{"line":299,"column":4},"end":{"line":302,"column":5}}]}},"s":{"0":10,"1":10,"2":10,"3":10,"4":10,"5":10,"6":10,"7":10,"8":10,"9":10,"10":1,"11":1,"12":1,"13":1,"14":0,"15":0,"16":1,"17":0,"18":0,"19":2,"20":2,"21":2,"22":2,"23":2,"24":2,"25":0,"26":0,"27":2,"28":0,"29":0,"30":1,"31":1,"32":1,"33":1,"34":1,"35":1,"36":0,"37":0,"38":1,"39":1,"40":0,"41":0,"42":0,"43":0,"44":0,"45":0,"46":0,"47":0,"48":0,"49":0,"50":0,"51":0,"52":0,"53":0,"54":0,"55":0,"56":0,"57":0,"58":0,"59":0,"60":0,"61":0,"62":0,"63":0,"64":0,"65":0,"66":0,"67":0,"68":0,"69":1,"70":1,"71":1,"72":1,"73":1,"74":0,"75":0,"76":0,"77":0,"78":0,"79":0,"80":0,"81":0,"82":0,"83":0,"84":0,"85":0,"86":0,"87":0,"88":0,"89":0,"90":0,"91":0,"92":1,"93":1,"94":1,"95":1,"96":1,"97":0,"98":0,"99":1,"100":1,"101":0,"102":0,"103":1,"104":1,"105":1,"106":0,"107":0,"108":1,"109":1,"110":1,"111":1,"112":0,"113":0,"114":1,"115":1,"116":1,"117":0,"118":0},"f":{"0":1,"1":2,"2":1,"3":0,"4":0,"5":1,"6":0,"7":1,"8":1},"b":{"0":[0],"1":[0,2],"2":[0,2],"3":[0],"4":[0,1],"5":[0,1],"6":[0],"7":[0,0],"8":[0,0],"9":[0],"10":[0,0],"11":[0,0],"12":[0],"13":[0],"14":[0],"15":[0],"16":[0],"17":[0]}}
,"C:\\Users\\DELL\\Documents\\Standard Projects\\Backend\\01. Jobberman\\src\\controller\\fgs.controller.ts": {"path":"C:\\Users\\DELL\\Documents\\Standard Projects\\Backend\\01. Jobberman\\src\\controller\\fgs.controller.ts","statementMap":{"0":{"start":{"line":12,"column":0},"end":{"line":12,"column":22}},"1":{"start":{"line":40,"column":0},"end":{"line":40,"column":22}},"2":{"start":{"line":77,"column":0},"end":{"line":77,"column":22}},"3":{"start":{"line":104,"column":0},"end":{"line":104,"column":22}},"4":{"start":{"line":134,"column":0},"end":{"line":134,"column":22}},"5":{"start":{"line":2,"column":0},"end":{"line":2,"column":null}},"6":{"start":{"line":16,"column":2},"end":{"line":37,"column":3}},"7":{"start":{"line":17,"column":19},"end":{"line":17,"column":29}},"8":{"start":{"line":19,"column":16},"end":{"line":19,"column":40}},"9":{"start":{"line":20,"column":4},"end":{"line":23,"column":5}},"10":{"start":{"line":21,"column":6},"end":{"line":21,"column":32}},"11":{"start":{"line":22,"column":6},"end":{"line":22,"column":13}},"12":{"start":{"line":25,"column":4},"end":{"line":29,"column":7}},"13":{"start":{"line":31,"column":4},"end":{"line":35,"column":7}},"14":{"start":{"line":36,"column":4},"end":{"line":36,"column":11}},"15":{"start":{"line":41,"column":2},"end":{"line":68,"column":3}},"16":{"start":{"line":43,"column":6},"end":{"line":43,"column":76}},"17":{"start":{"line":45,"column":6},"end":{"line":45,"column":75}},"18":{"start":{"line":46,"column":16},"end":{"line":46,"column":52}},"19":{"start":{"line":47,"column":18},"end":{"line":47,"column":46}},"20":{"start":{"line":48,"column":4},"end":{"line":51,"column":5}},"21":{"start":{"line":49,"column":6},"end":{"line":49,"column":44}},"22":{"start":{"line":50,"column":6},"end":{"line":50,"column":13}},"23":{"start":{"line":53,"column":4},"end":{"line":59,"column":7}},"24":{"start":{"line":60,"column":4},"end":{"line":60,"column":11}},"25":{"start":{"line":62,"column":4},"end":{"line":66,"column":7}},"26":{"start":{"line":67,"column":4},"end":{"line":67,"column":11}},"27":{"start":{"line":81,"column":2},"end":{"line":101,"column":3}},"28":{"start":{"line":82,"column":17},"end":{"line":82,"column":25}},"29":{"start":{"line":84,"column":16},"end":{"line":85,"column":null}},"30":{"start":{"line":88,"column":4},"end":{"line":92,"column":7}},"31":{"start":{"line":93,"column":4},"end":{"line":93,"column":11}},"32":{"start":{"line":95,"column":4},"end":{"line":99,"column":7}},"33":{"start":{"line":100,"column":4},"end":{"line":100,"column":11}},"34":{"start":{"line":108,"column":2},"end":{"line":131,"column":3}},"35":{"start":{"line":109,"column":19},"end":{"line":109,"column":29}},"36":{"start":{"line":110,"column":17},"end":{"line":110,"column":25}},"37":{"start":{"line":111,"column":16},"end":{"line":111,"column":40}},"38":{"start":{"line":112,"column":4},"end":{"line":115,"column":5}},"39":{"start":{"line":113,"column":6},"end":{"line":113,"column":26}},"40":{"start":{"line":114,"column":6},"end":{"line":114,"column":13}},"41":{"start":{"line":117,"column":23},"end":{"line":117,"column":55}},"42":{"start":{"line":119,"column":4},"end":{"line":123,"column":7}},"43":{"start":{"line":125,"column":4},"end":{"line":129,"column":7}},"44":{"start":{"line":130,"column":4},"end":{"line":130,"column":11}},"45":{"start":{"line":135,"column":2},"end":{"line":151,"column":3}},"46":{"start":{"line":136,"column":19},"end":{"line":136,"column":29}},"47":{"start":{"line":138,"column":16},"end":{"line":138,"column":42}},"48":{"start":{"line":139,"column":4},"end":{"line":143,"column":7}},"49":{"start":{"line":144,"column":4},"end":{"line":144,"column":11}},"50":{"start":{"line":146,"column":4},"end":{"line":150,"column":7}}},"fnMap":{"0":{"name":"findFGSHandler","decl":{"start":{"line":12,"column":22},"end":{"line":12,"column":36}},"loc":{"start":{"line":14,"column":15},"end":{"line":38,"column":null}}},"1":{"name":"findAllFGSHandler","decl":{"start":{"line":40,"column":22},"end":{"line":40,"column":39}},"loc":{"start":{"line":40,"column":67},"end":{"line":69,"column":null}}},"2":{"name":"CreateFGSHandler","decl":{"start":{"line":77,"column":22},"end":{"line":77,"column":38}},"loc":{"start":{"line":79,"column":15},"end":{"line":102,"column":null}}},"3":{"name":"updateFGSHandler","decl":{"start":{"line":104,"column":22},"end":{"line":104,"column":38}},"loc":{"start":{"line":106,"column":15},"end":{"line":132,"column":null}}},"4":{"name":"deleteFGSHandler","decl":{"start":{"line":134,"column":22},"end":{"line":134,"column":38}},"loc":{"start":{"line":134,"column":66},"end":{"line":152,"column":null}}}},"branchMap":{"0":{"loc":{"start":{"line":20,"column":4},"end":{"line":23,"column":5}},"type":"if","locations":[{"start":{"line":20,"column":4},"end":{"line":23,"column":5}}]},"1":{"loc":{"start":{"line":43,"column":6},"end":{"line":43,"column":76}},"type":"cond-expr","locations":[{"start":{"line":43,"column":46},"end":{"line":43,"column":72}},{"start":{"line":43,"column":75},"end":{"line":43,"column":76}}]},"2":{"loc":{"start":{"line":45,"column":6},"end":{"line":45,"column":75}},"type":"cond-expr","locations":[{"start":{"line":45,"column":47},"end":{"line":45,"column":70}},{"start":{"line":45,"column":73},"end":{"line":45,"column":75}}]},"3":{"loc":{"start":{"line":48,"column":4},"end":{"line":51,"column":5}},"type":"if","locations":[{"start":{"line":48,"column":4},"end":{"line":51,"column":5}}]},"4":{"loc":{"start":{"line":112,"column":4},"end":{"line":115,"column":5}},"type":"if","locations":[{"start":{"line":112,"column":4},"end":{"line":115,"column":5}}]}},"s":{"0":10,"1":10,"2":10,"3":10,"4":10,"5":10,"6":1,"7":1,"8":1,"9":1,"10":0,"11":0,"12":1,"13":0,"14":0,"15":1,"16":1,"17":1,"18":1,"19":1,"20":1,"21":0,"22":0,"23":1,"24":1,"25":0,"26":0,"27":1,"28":1,"29":1,"30":1,"31":1,"32":0,"33":0,"34":1,"35":1,"36":1,"37":1,"38":1,"39":0,"40":0,"41":1,"42":1,"43":0,"44":0,"45":1,"46":1,"47":1,"48":1,"49":1,"50":0},"f":{"0":1,"1":1,"2":1,"3":1,"4":1},"b":{"0":[0],"1":[0,1],"2":[0,1],"3":[0],"4":[0]}}
,"C:\\Users\\DELL\\Documents\\Standard Projects\\Backend\\01. Jobberman\\src\\controller\\hpp.controller.ts": {"path":"C:\\Users\\DELL\\Documents\\Standard Projects\\Backend\\01. Jobberman\\src\\controller\\hpp.controller.ts","statementMap":{"0":{"start":{"line":12,"column":0},"end":{"line":12,"column":22}},"1":{"start":{"line":39,"column":0},"end":{"line":39,"column":22}},"2":{"start":{"line":76,"column":0},"end":{"line":76,"column":22}},"3":{"start":{"line":103,"column":0},"end":{"line":103,"column":22}},"4":{"start":{"line":133,"column":0},"end":{"line":133,"column":22}},"5":{"start":{"line":3,"column":0},"end":{"line":3,"column":null}},"6":{"start":{"line":16,"column":2},"end":{"line":37,"column":3}},"7":{"start":{"line":17,"column":19},"end":{"line":17,"column":29}},"8":{"start":{"line":19,"column":16},"end":{"line":19,"column":40}},"9":{"start":{"line":20,"column":4},"end":{"line":23,"column":5}},"10":{"start":{"line":21,"column":6},"end":{"line":21,"column":32}},"11":{"start":{"line":22,"column":6},"end":{"line":22,"column":13}},"12":{"start":{"line":25,"column":4},"end":{"line":29,"column":7}},"13":{"start":{"line":31,"column":4},"end":{"line":35,"column":7}},"14":{"start":{"line":36,"column":4},"end":{"line":36,"column":11}},"15":{"start":{"line":40,"column":2},"end":{"line":67,"column":3}},"16":{"start":{"line":42,"column":6},"end":{"line":42,"column":76}},"17":{"start":{"line":44,"column":6},"end":{"line":44,"column":75}},"18":{"start":{"line":45,"column":16},"end":{"line":45,"column":52}},"19":{"start":{"line":46,"column":18},"end":{"line":46,"column":46}},"20":{"start":{"line":47,"column":4},"end":{"line":50,"column":5}},"21":{"start":{"line":48,"column":6},"end":{"line":48,"column":44}},"22":{"start":{"line":49,"column":6},"end":{"line":49,"column":13}},"23":{"start":{"line":52,"column":4},"end":{"line":58,"column":7}},"24":{"start":{"line":59,"column":4},"end":{"line":59,"column":11}},"25":{"start":{"line":61,"column":4},"end":{"line":65,"column":7}},"26":{"start":{"line":66,"column":4},"end":{"line":66,"column":11}},"27":{"start":{"line":80,"column":2},"end":{"line":100,"column":3}},"28":{"start":{"line":81,"column":17},"end":{"line":81,"column":25}},"29":{"start":{"line":83,"column":16},"end":{"line":84,"column":null}},"30":{"start":{"line":87,"column":4},"end":{"line":91,"column":7}},"31":{"start":{"line":92,"column":4},"end":{"line":92,"column":11}},"32":{"start":{"line":94,"column":4},"end":{"line":98,"column":7}},"33":{"start":{"line":99,"column":4},"end":{"line":99,"column":11}},"34":{"start":{"line":107,"column":2},"end":{"line":130,"column":3}},"35":{"start":{"line":108,"column":19},"end":{"line":108,"column":29}},"36":{"start":{"line":109,"column":17},"end":{"line":109,"column":25}},"37":{"start":{"line":110,"column":16},"end":{"line":110,"column":40}},"38":{"start":{"line":111,"column":4},"end":{"line":114,"column":5}},"39":{"start":{"line":112,"column":6},"end":{"line":112,"column":26}},"40":{"start":{"line":113,"column":6},"end":{"line":113,"column":13}},"41":{"start":{"line":116,"column":27},"end":{"line":116,"column":59}},"42":{"start":{"line":118,"column":4},"end":{"line":122,"column":7}},"43":{"start":{"line":124,"column":4},"end":{"line":128,"column":7}},"44":{"start":{"line":129,"column":4},"end":{"line":129,"column":11}},"45":{"start":{"line":134,"column":2},"end":{"line":150,"column":3}},"46":{"start":{"line":135,"column":19},"end":{"line":135,"column":29}},"47":{"start":{"line":137,"column":16},"end":{"line":137,"column":42}},"48":{"start":{"line":138,"column":4},"end":{"line":142,"column":7}},"49":{"start":{"line":143,"column":4},"end":{"line":143,"column":11}},"50":{"start":{"line":145,"column":4},"end":{"line":149,"column":7}}},"fnMap":{"0":{"name":"findHPPHandler","decl":{"start":{"line":12,"column":22},"end":{"line":12,"column":36}},"loc":{"start":{"line":14,"column":15},"end":{"line":38,"column":null}}},"1":{"name":"findAllHPPHandler","decl":{"start":{"line":39,"column":22},"end":{"line":39,"column":39}},"loc":{"start":{"line":39,"column":67},"end":{"line":68,"column":null}}},"2":{"name":"CreateHPPHandler","decl":{"start":{"line":76,"column":22},"end":{"line":76,"column":38}},"loc":{"start":{"line":78,"column":15},"end":{"line":101,"column":null}}},"3":{"name":"updateHPPHandler","decl":{"start":{"line":103,"column":22},"end":{"line":103,"column":38}},"loc":{"start":{"line":105,"column":15},"end":{"line":131,"column":null}}},"4":{"name":"deleteHPPHandler","decl":{"start":{"line":133,"column":22},"end":{"line":133,"column":38}},"loc":{"start":{"line":133,"column":66},"end":{"line":151,"column":null}}}},"branchMap":{"0":{"loc":{"start":{"line":20,"column":4},"end":{"line":23,"column":5}},"type":"if","locations":[{"start":{"line":20,"column":4},"end":{"line":23,"column":5}}]},"1":{"loc":{"start":{"line":42,"column":6},"end":{"line":42,"column":76}},"type":"cond-expr","locations":[{"start":{"line":42,"column":46},"end":{"line":42,"column":72}},{"start":{"line":42,"column":75},"end":{"line":42,"column":76}}]},"2":{"loc":{"start":{"line":44,"column":6},"end":{"line":44,"column":75}},"type":"cond-expr","locations":[{"start":{"line":44,"column":47},"end":{"line":44,"column":70}},{"start":{"line":44,"column":73},"end":{"line":44,"column":75}}]},"3":{"loc":{"start":{"line":47,"column":4},"end":{"line":50,"column":5}},"type":"if","locations":[{"start":{"line":47,"column":4},"end":{"line":50,"column":5}}]},"4":{"loc":{"start":{"line":111,"column":4},"end":{"line":114,"column":5}},"type":"if","locations":[{"start":{"line":111,"column":4},"end":{"line":114,"column":5}}]}},"s":{"0":10,"1":10,"2":10,"3":10,"4":10,"5":10,"6":1,"7":1,"8":1,"9":1,"10":0,"11":0,"12":1,"13":0,"14":0,"15":1,"16":1,"17":1,"18":1,"19":1,"20":1,"21":0,"22":0,"23":1,"24":1,"25":0,"26":0,"27":1,"28":1,"29":1,"30":1,"31":1,"32":0,"33":0,"34":1,"35":1,"36":1,"37":1,"38":1,"39":0,"40":0,"41":1,"42":1,"43":0,"44":0,"45":1,"46":1,"47":1,"48":1,"49":1,"50":0},"f":{"0":1,"1":1,"2":1,"3":1,"4":1},"b":{"0":[0],"1":[0,1],"2":[0,1],"3":[0],"4":[0]}}
,"C:\\Users\\DELL\\Documents\\Standard Projects\\Backend\\01. Jobberman\\src\\controller\\metaData.controller.ts": {"path":"C:\\Users\\DELL\\Documents\\Standard Projects\\Backend\\01. Jobberman\\src\\controller\\metaData.controller.ts","statementMap":{"0":{"start":{"line":12,"column":0},"end":{"line":12,"column":22}},"1":{"start":{"line":39,"column":0},"end":{"line":39,"column":22}},"2":{"start":{"line":76,"column":0},"end":{"line":76,"column":22}},"3":{"start":{"line":103,"column":0},"end":{"line":103,"column":22}},"4":{"start":{"line":140,"column":0},"end":{"line":140,"column":22}},"5":{"start":{"line":3,"column":0},"end":{"line":3,"column":null}},"6":{"start":{"line":16,"column":2},"end":{"line":37,"column":3}},"7":{"start":{"line":17,"column":19},"end":{"line":17,"column":29}},"8":{"start":{"line":19,"column":21},"end":{"line":19,"column":50}},"9":{"start":{"line":20,"column":4},"end":{"line":23,"column":5}},"10":{"start":{"line":21,"column":6},"end":{"line":21,"column":38}},"11":{"start":{"line":22,"column":6},"end":{"line":22,"column":13}},"12":{"start":{"line":25,"column":4},"end":{"line":29,"column":7}},"13":{"start":{"line":31,"column":4},"end":{"line":35,"column":7}},"14":{"start":{"line":36,"column":4},"end":{"line":36,"column":11}},"15":{"start":{"line":40,"column":2},"end":{"line":67,"column":3}},"16":{"start":{"line":42,"column":6},"end":{"line":42,"column":76}},"17":{"start":{"line":44,"column":6},"end":{"line":44,"column":75}},"18":{"start":{"line":45,"column":16},"end":{"line":45,"column":57}},"19":{"start":{"line":46,"column":18},"end":{"line":46,"column":51}},"20":{"start":{"line":47,"column":4},"end":{"line":50,"column":5}},"21":{"start":{"line":48,"column":6},"end":{"line":48,"column":44}},"22":{"start":{"line":49,"column":6},"end":{"line":49,"column":13}},"23":{"start":{"line":52,"column":4},"end":{"line":58,"column":7}},"24":{"start":{"line":59,"column":4},"end":{"line":59,"column":11}},"25":{"start":{"line":61,"column":4},"end":{"line":65,"column":7}},"26":{"start":{"line":66,"column":4},"end":{"line":66,"column":11}},"27":{"start":{"line":80,"column":2},"end":{"line":100,"column":3}},"28":{"start":{"line":81,"column":17},"end":{"line":81,"column":25}},"29":{"start":{"line":83,"column":21},"end":{"line":84,"column":null}},"30":{"start":{"line":87,"column":4},"end":{"line":91,"column":7}},"31":{"start":{"line":92,"column":4},"end":{"line":92,"column":11}},"32":{"start":{"line":94,"column":4},"end":{"line":98,"column":7}},"33":{"start":{"line":99,"column":4},"end":{"line":99,"column":11}},"34":{"start":{"line":107,"column":2},"end":{"line":137,"column":3}},"35":{"start":{"line":108,"column":19},"end":{"line":108,"column":29}},"36":{"start":{"line":109,"column":17},"end":{"line":109,"column":25}},"37":{"start":{"line":111,"column":21},"end":{"line":111,"column":50}},"38":{"start":{"line":112,"column":4},"end":{"line":115,"column":5}},"39":{"start":{"line":113,"column":6},"end":{"line":113,"column":26}},"40":{"start":{"line":114,"column":6},"end":{"line":114,"column":13}},"41":{"start":{"line":123,"column":27},"end":{"line":123,"column":64}},"42":{"start":{"line":125,"column":4},"end":{"line":129,"column":7}},"43":{"start":{"line":131,"column":4},"end":{"line":135,"column":7}},"44":{"start":{"line":136,"column":4},"end":{"line":136,"column":11}},"45":{"start":{"line":141,"column":2},"end":{"line":163,"column":3}},"46":{"start":{"line":142,"column":19},"end":{"line":142,"column":29}},"47":{"start":{"line":150,"column":21},"end":{"line":150,"column":52}},"48":{"start":{"line":151,"column":4},"end":{"line":155,"column":7}},"49":{"start":{"line":156,"column":4},"end":{"line":156,"column":11}},"50":{"start":{"line":158,"column":4},"end":{"line":162,"column":7}}},"fnMap":{"0":{"name":"findMetadataHandler","decl":{"start":{"line":12,"column":22},"end":{"line":12,"column":41}},"loc":{"start":{"line":14,"column":15},"end":{"line":38,"column":null}}},"1":{"name":"findAllMetadataHandler","decl":{"start":{"line":39,"column":22},"end":{"line":39,"column":44}},"loc":{"start":{"line":39,"column":72},"end":{"line":68,"column":null}}},"2":{"name":"CreateMetadataHandler","decl":{"start":{"line":76,"column":22},"end":{"line":76,"column":43}},"loc":{"start":{"line":78,"column":15},"end":{"line":101,"column":null}}},"3":{"name":"updateMetadataHandler","decl":{"start":{"line":103,"column":22},"end":{"line":103,"column":43}},"loc":{"start":{"line":105,"column":15},"end":{"line":138,"column":null}}},"4":{"name":"deleteMetadataHandler","decl":{"start":{"line":140,"column":22},"end":{"line":140,"column":43}},"loc":{"start":{"line":140,"column":71},"end":{"line":164,"column":null}}}},"branchMap":{"0":{"loc":{"start":{"line":20,"column":4},"end":{"line":23,"column":5}},"type":"if","locations":[{"start":{"line":20,"column":4},"end":{"line":23,"column":5}}]},"1":{"loc":{"start":{"line":42,"column":6},"end":{"line":42,"column":76}},"type":"cond-expr","locations":[{"start":{"line":42,"column":46},"end":{"line":42,"column":72}},{"start":{"line":42,"column":75},"end":{"line":42,"column":76}}]},"2":{"loc":{"start":{"line":44,"column":6},"end":{"line":44,"column":75}},"type":"cond-expr","locations":[{"start":{"line":44,"column":47},"end":{"line":44,"column":70}},{"start":{"line":44,"column":73},"end":{"line":44,"column":75}}]},"3":{"loc":{"start":{"line":47,"column":4},"end":{"line":50,"column":5}},"type":"if","locations":[{"start":{"line":47,"column":4},"end":{"line":50,"column":5}}]},"4":{"loc":{"start":{"line":112,"column":4},"end":{"line":115,"column":5}},"type":"if","locations":[{"start":{"line":112,"column":4},"end":{"line":115,"column":5}}]}},"s":{"0":10,"1":10,"2":10,"3":10,"4":10,"5":10,"6":1,"7":1,"8":1,"9":1,"10":0,"11":0,"12":1,"13":0,"14":0,"15":1,"16":1,"17":1,"18":1,"19":1,"20":1,"21":0,"22":0,"23":1,"24":1,"25":0,"26":0,"27":1,"28":1,"29":1,"30":1,"31":1,"32":0,"33":0,"34":1,"35":1,"36":1,"37":1,"38":1,"39":0,"40":0,"41":1,"42":1,"43":0,"44":0,"45":1,"46":1,"47":1,"48":1,"49":1,"50":0},"f":{"0":1,"1":1,"2":1,"3":1,"4":1},"b":{"0":[0],"1":[0,1],"2":[0,1],"3":[0],"4":[0]}}
,"C:\\Users\\DELL\\Documents\\Standard Projects\\Backend\\01. Jobberman\\src\\controller\\salary.controller.ts": {"path":"C:\\Users\\DELL\\Documents\\Standard Projects\\Backend\\01. Jobberman\\src\\controller\\salary.controller.ts","statementMap":{"0":{"start":{"line":22,"column":0},"end":{"line":22,"column":22}},"1":{"start":{"line":50,"column":0},"end":{"line":50,"column":22}},"2":{"start":{"line":79,"column":0},"end":{"line":79,"column":22}},"3":{"start":{"line":125,"column":0},"end":{"line":125,"column":22}},"4":{"start":{"line":157,"column":0},"end":{"line":157,"column":22}},"5":{"start":{"line":205,"column":0},"end":{"line":205,"column":22}},"6":{"start":{"line":238,"column":0},"end":{"line":238,"column":22}},"7":{"start":{"line":276,"column":0},"end":{"line":276,"column":22}},"8":{"start":{"line":313,"column":0},"end":{"line":313,"column":22}},"9":{"start":{"line":3,"column":0},"end":{"line":3,"column":null}},"10":{"start":{"line":26,"column":2},"end":{"line":47,"column":3}},"11":{"start":{"line":27,"column":19},"end":{"line":27,"column":29}},"12":{"start":{"line":29,"column":19},"end":{"line":29,"column":46}},"13":{"start":{"line":30,"column":4},"end":{"line":33,"column":5}},"14":{"start":{"line":31,"column":6},"end":{"line":31,"column":34}},"15":{"start":{"line":32,"column":6},"end":{"line":32,"column":13}},"16":{"start":{"line":35,"column":4},"end":{"line":39,"column":7}},"17":{"start":{"line":41,"column":4},"end":{"line":45,"column":7}},"18":{"start":{"line":46,"column":4},"end":{"line":46,"column":11}},"19":{"start":{"line":51,"column":2},"end":{"line":76,"column":3}},"20":{"start":{"line":53,"column":6},"end":{"line":53,"column":76}},"21":{"start":{"line":55,"column":6},"end":{"line":55,"column":75}},"22":{"start":{"line":56,"column":19},"end":{"line":56,"column":58}},"23":{"start":{"line":57,"column":18},"end":{"line":57,"column":49}},"24":{"start":{"line":58,"column":4},"end":{"line":61,"column":5}},"25":{"start":{"line":59,"column":6},"end":{"line":59,"column":35}},"26":{"start":{"line":60,"column":6},"end":{"line":60,"column":13}},"27":{"start":{"line":62,"column":4},"end":{"line":68,"column":7}},"28":{"start":{"line":70,"column":4},"end":{"line":74,"column":7}},"29":{"start":{"line":75,"column":4},"end":{"line":75,"column":11}},"30":{"start":{"line":83,"column":2},"end":{"line":122,"column":3}},"31":{"start":{"line":85,"column":6},"end":{"line":85,"column":76}},"32":{"start":{"line":87,"column":6},"end":{"line":87,"column":75}},"33":{"start":{"line":88,"column":21},"end":{"line":88,"column":39}},"34":{"start":{"line":89,"column":25},"end":{"line":89,"column":47}},"35":{"start":{"line":90,"column":25},"end":{"line":90,"column":47}},"36":{"start":{"line":91,"column":24},"end":{"line":91,"column":45}},"37":{"start":{"line":92,"column":25},"end":{"line":92,"column":47}},"38":{"start":{"line":94,"column":19},"end":{"line":103,"column":null}},"39":{"start":{"line":105,"column":4},"end":{"line":108,"column":5}},"40":{"start":{"line":106,"column":6},"end":{"line":106,"column":34}},"41":{"start":{"line":107,"column":6},"end":{"line":107,"column":13}},"42":{"start":{"line":109,"column":4},"end":{"line":114,"column":7}},"43":{"start":{"line":116,"column":4},"end":{"line":120,"column":7}},"44":{"start":{"line":121,"column":4},"end":{"line":121,"column":11}},"45":{"start":{"line":129,"column":2},"end":{"line":154,"column":3}},"46":{"start":{"line":131,"column":6},"end":{"line":131,"column":76}},"47":{"start":{"line":133,"column":6},"end":{"line":133,"column":74}},"48":{"start":{"line":134,"column":20},"end":{"line":134,"column":36}},"49":{"start":{"line":135,"column":19},"end":{"line":135,"column":66}},"50":{"start":{"line":136,"column":4},"end":{"line":139,"column":5}},"51":{"start":{"line":137,"column":6},"end":{"line":137,"column":35}},"52":{"start":{"line":138,"column":6},"end":{"line":138,"column":13}},"53":{"start":{"line":141,"column":4},"end":{"line":146,"column":7}},"54":{"start":{"line":148,"column":4},"end":{"line":152,"column":7}},"55":{"start":{"line":153,"column":4},"end":{"line":153,"column":11}},"56":{"start":{"line":161,"column":2},"end":{"line":194,"column":3}},"57":{"start":{"line":163,"column":6},"end":{"line":163,"column":76}},"58":{"start":{"line":165,"column":6},"end":{"line":165,"column":74}},"59":{"start":{"line":166,"column":20},"end":{"line":166,"column":38}},"60":{"start":{"line":167,"column":19},"end":{"line":174,"column":null}},"61":{"start":{"line":176,"column":4},"end":{"line":179,"column":5}},"62":{"start":{"line":177,"column":6},"end":{"line":177,"column":35}},"63":{"start":{"line":178,"column":6},"end":{"line":178,"column":13}},"64":{"start":{"line":181,"column":4},"end":{"line":186,"column":7}},"65":{"start":{"line":188,"column":4},"end":{"line":192,"column":7}},"66":{"start":{"line":193,"column":4},"end":{"line":193,"column":11}},"67":{"start":{"line":209,"column":2},"end":{"line":235,"column":3}},"68":{"start":{"line":210,"column":17},"end":{"line":210,"column":25}},"69":{"start":{"line":213,"column":17},"end":{"line":213,"column":32}},"70":{"start":{"line":214,"column":4},"end":{"line":217,"column":5}},"71":{"start":{"line":215,"column":6},"end":{"line":215,"column":54}},"72":{"start":{"line":216,"column":6},"end":{"line":216,"column":13}},"73":{"start":{"line":219,"column":19},"end":{"line":220,"column":null}},"74":{"start":{"line":222,"column":4},"end":{"line":226,"column":7}},"75":{"start":{"line":227,"column":4},"end":{"line":227,"column":11}},"76":{"start":{"line":229,"column":4},"end":{"line":233,"column":7}},"77":{"start":{"line":234,"column":4},"end":{"line":234,"column":11}},"78":{"start":{"line":242,"column":2},"end":{"line":273,"column":3}},"79":{"start":{"line":243,"column":19},"end":{"line":243,"column":29}},"80":{"start":{"line":244,"column":17},"end":{"line":244,"column":25}},"81":{"start":{"line":247,"column":17},"end":{"line":247,"column":32}},"82":{"start":{"line":248,"column":4},"end":{"line":251,"column":5}},"83":{"start":{"line":249,"column":6},"end":{"line":249,"column":54}},"84":{"start":{"line":250,"column":6},"end":{"line":250,"column":13}},"85":{"start":{"line":253,"column":19},"end":{"line":253,"column":46}},"86":{"start":{"line":254,"column":4},"end":{"line":257,"column":5}},"87":{"start":{"line":255,"column":6},"end":{"line":255,"column":26}},"88":{"start":{"line":256,"column":6},"end":{"line":256,"column":13}},"89":{"start":{"line":259,"column":26},"end":{"line":259,"column":61}},"90":{"start":{"line":261,"column":4},"end":{"line":265,"column":7}},"91":{"start":{"line":267,"column":4},"end":{"line":271,"column":7}},"92":{"start":{"line":272,"column":4},"end":{"line":272,"column":11}},"93":{"start":{"line":284,"column":2},"end":{"line":310,"column":3}},"94":{"start":{"line":285,"column":33},"end":{"line":285,"column":43}},"95":{"start":{"line":286,"column":17},"end":{"line":286,"column":25}},"96":{"start":{"line":287,"column":19},"end":{"line":287,"column":46}},"97":{"start":{"line":288,"column":4},"end":{"line":291,"column":5}},"98":{"start":{"line":289,"column":6},"end":{"line":289,"column":38}},"99":{"start":{"line":290,"column":6},"end":{"line":290,"column":13}},"100":{"start":{"line":293,"column":27},"end":{"line":294,"column":null}},"101":{"start":{"line":297,"column":4},"end":{"line":301,"column":7}},"102":{"start":{"line":302,"column":4},"end":{"line":302,"column":11}},"103":{"start":{"line":304,"column":4},"end":{"line":308,"column":7}},"104":{"start":{"line":309,"column":4},"end":{"line":309,"column":11}},"105":{"start":{"line":314,"column":2},"end":{"line":336,"column":3}},"106":{"start":{"line":315,"column":19},"end":{"line":315,"column":29}},"107":{"start":{"line":317,"column":17},"end":{"line":317,"column":32}},"108":{"start":{"line":318,"column":4},"end":{"line":321,"column":5}},"109":{"start":{"line":319,"column":6},"end":{"line":319,"column":54}},"110":{"start":{"line":320,"column":6},"end":{"line":320,"column":13}},"111":{"start":{"line":323,"column":19},"end":{"line":323,"column":48}},"112":{"start":{"line":324,"column":4},"end":{"line":328,"column":7}},"113":{"start":{"line":329,"column":4},"end":{"line":329,"column":11}},"114":{"start":{"line":331,"column":4},"end":{"line":335,"column":7}}},"fnMap":{"0":{"name":"findSalaryHandler","decl":{"start":{"line":22,"column":22},"end":{"line":22,"column":39}},"loc":{"start":{"line":24,"column":15},"end":{"line":48,"column":null}}},"1":{"name":"findAllSalaryHandler","decl":{"start":{"line":50,"column":22},"end":{"line":50,"column":42}},"loc":{"start":{"line":50,"column":70},"end":{"line":77,"column":null}}},"2":{"name":"FilterSalaryHandler","decl":{"start":{"line":79,"column":22},"end":{"line":79,"column":41}},"loc":{"start":{"line":81,"column":15},"end":{"line":123,"column":null}}},"3":{"name":"searchSalaryHandler","decl":{"start":{"line":125,"column":22},"end":{"line":125,"column":41}},"loc":{"start":{"line":127,"column":15},"end":{"line":155,"column":null}}},"4":{"name":"autocompleteSalaryHandler","decl":{"start":{"line":157,"column":22},"end":{"line":157,"column":47}},"loc":{"start":{"line":159,"column":15},"end":{"line":195,"column":null}}},"5":{"name":"CreateFGSalaryHandler","decl":{"start":{"line":205,"column":22},"end":{"line":205,"column":43}},"loc":{"start":{"line":207,"column":15},"end":{"line":236,"column":null}}},"6":{"name":"updateSalaryHandler","decl":{"start":{"line":238,"column":22},"end":{"line":238,"column":41}},"loc":{"start":{"line":240,"column":15},"end":{"line":274,"column":null}}},"7":{"name":"updateSalaryFKHandler","decl":{"start":{"line":276,"column":22},"end":{"line":276,"column":43}},"loc":{"start":{"line":282,"column":15},"end":{"line":311,"column":null}}},"8":{"name":"deleteSalaryHandler","decl":{"start":{"line":313,"column":22},"end":{"line":313,"column":41}},"loc":{"start":{"line":313,"column":69},"end":{"line":337,"column":null}}}},"branchMap":{"0":{"loc":{"start":{"line":30,"column":4},"end":{"line":33,"column":5}},"type":"if","locations":[{"start":{"line":30,"column":4},"end":{"line":33,"column":5}}]},"1":{"loc":{"start":{"line":53,"column":6},"end":{"line":53,"column":76}},"type":"cond-expr","locations":[{"start":{"line":53,"column":46},"end":{"line":53,"column":72}},{"start":{"line":53,"column":75},"end":{"line":53,"column":76}}]},"2":{"loc":{"start":{"line":55,"column":6},"end":{"line":55,"column":75}},"type":"cond-expr","locations":[{"start":{"line":55,"column":47},"end":{"line":55,"column":70}},{"start":{"line":55,"column":73},"end":{"line":55,"column":75}}]},"3":{"loc":{"start":{"line":58,"column":4},"end":{"line":61,"column":5}},"type":"if","locations":[{"start":{"line":58,"column":4},"end":{"line":61,"column":5}}]},"4":{"loc":{"start":{"line":85,"column":6},"end":{"line":85,"column":76}},"type":"cond-expr","locations":[{"start":{"line":85,"column":46},"end":{"line":85,"column":72}},{"start":{"line":85,"column":75},"end":{"line":85,"column":76}}]},"5":{"loc":{"start":{"line":87,"column":6},"end":{"line":87,"column":75}},"type":"cond-expr","locations":[{"start":{"line":87,"column":47},"end":{"line":87,"column":70}},{"start":{"line":87,"column":73},"end":{"line":87,"column":75}}]},"6":{"loc":{"start":{"line":105,"column":4},"end":{"line":108,"column":5}},"type":"if","locations":[{"start":{"line":105,"column":4},"end":{"line":108,"column":5}}]},"7":{"loc":{"start":{"line":131,"column":6},"end":{"line":131,"column":76}},"type":"cond-expr","locations":[{"start":{"line":131,"column":46},"end":{"line":131,"column":72}},{"start":{"line":131,"column":75},"end":{"line":131,"column":76}}]},"8":{"loc":{"start":{"line":133,"column":6},"end":{"line":133,"column":74}},"type":"cond-expr","locations":[{"start":{"line":133,"column":47},"end":{"line":133,"column":70}},{"start":{"line":133,"column":73},"end":{"line":133,"column":74}}]},"9":{"loc":{"start":{"line":136,"column":4},"end":{"line":139,"column":5}},"type":"if","locations":[{"start":{"line":136,"column":4},"end":{"line":139,"column":5}}]},"10":{"loc":{"start":{"line":163,"column":6},"end":{"line":163,"column":76}},"type":"cond-expr","locations":[{"start":{"line":163,"column":46},"end":{"line":163,"column":72}},{"start":{"line":163,"column":75},"end":{"line":163,"column":76}}]},"11":{"loc":{"start":{"line":165,"column":6},"end":{"line":165,"column":74}},"type":"cond-expr","locations":[{"start":{"line":165,"column":47},"end":{"line":165,"column":70}},{"start":{"line":165,"column":73},"end":{"line":165,"column":74}}]},"12":{"loc":{"start":{"line":176,"column":4},"end":{"line":179,"column":5}},"type":"if","locations":[{"start":{"line":176,"column":4},"end":{"line":179,"column":5}}]},"13":{"loc":{"start":{"line":214,"column":4},"end":{"line":217,"column":5}},"type":"if","locations":[{"start":{"line":214,"column":4},"end":{"line":217,"column":5}}]},"14":{"loc":{"start":{"line":214,"column":8},"end":{"line":214,"column":39}},"type":"binary-expr","locations":[{"start":{"line":214,"column":8},"end":{"line":214,"column":13}},{"start":{"line":214,"column":17},"end":{"line":214,"column":39}}]},"15":{"loc":{"start":{"line":248,"column":4},"end":{"line":251,"column":5}},"type":"if","locations":[{"start":{"line":248,"column":4},"end":{"line":251,"column":5}}]},"16":{"loc":{"start":{"line":248,"column":8},"end":{"line":248,"column":39}},"type":"binary-expr","locations":[{"start":{"line":248,"column":8},"end":{"line":248,"column":13}},{"start":{"line":248,"column":17},"end":{"line":248,"column":39}}]},"17":{"loc":{"start":{"line":254,"column":4},"end":{"line":257,"column":5}},"type":"if","locations":[{"start":{"line":254,"column":4},"end":{"line":257,"column":5}}]},"18":{"loc":{"start":{"line":288,"column":4},"end":{"line":291,"column":5}},"type":"if","locations":[{"start":{"line":288,"column":4},"end":{"line":291,"column":5}}]},"19":{"loc":{"start":{"line":318,"column":4},"end":{"line":321,"column":5}},"type":"if","locations":[{"start":{"line":318,"column":4},"end":{"line":321,"column":5}}]},"20":{"loc":{"start":{"line":318,"column":8},"end":{"line":318,"column":39}},"type":"binary-expr","locations":[{"start":{"line":318,"column":8},"end":{"line":318,"column":13}},{"start":{"line":318,"column":17},"end":{"line":318,"column":39}}]}},"s":{"0":10,"1":10,"2":10,"3":10,"4":10,"5":10,"6":10,"7":10,"8":10,"9":10,"10":0,"11":0,"12":0,"13":0,"14":0,"15":0,"16":0,"17":0,"18":0,"19":1,"20":1,"21":1,"22":1,"23":1,"24":1,"25":0,"26":0,"27":1,"28":0,"29":0,"30":0,"31":0,"32":0,"33":0,"34":0,"35":0,"36":0,"37":0,"38":0,"39":0,"40":0,"41":0,"42":0,"43":0,"44":0,"45":0,"46":0,"47":0,"48":0,"49":0,"50":0,"51":0,"52":0,"53":0,"54":0,"55":0,"56":0,"57":0,"58":0,"59":0,"60":0,"61":0,"62":0,"63":0,"64":0,"65":0,"66":0,"67":0,"68":0,"69":0,"70":0,"71":0,"72":0,"73":0,"74":0,"75":0,"76":0,"77":0,"78":0,"79":0,"80":0,"81":0,"82":0,"83":0,"84":0,"85":0,"86":0,"87":0,"88":0,"89":0,"90":0,"91":0,"92":0,"93":0,"94":0,"95":0,"96":0,"97":0,"98":0,"99":0,"100":0,"101":0,"102":0,"103":0,"104":0,"105":0,"106":0,"107":0,"108":0,"109":0,"110":0,"111":0,"112":0,"113":0,"114":0},"f":{"0":0,"1":1,"2":0,"3":0,"4":0,"5":0,"6":0,"7":0,"8":0},"b":{"0":[0],"1":[0,1],"2":[0,1],"3":[0],"4":[0,0],"5":[0,0],"6":[0],"7":[0,0],"8":[0,0],"9":[0],"10":[0,0],"11":[0,0],"12":[0],"13":[0],"14":[0,0],"15":[0],"16":[0,0],"17":[0],"18":[0],"19":[0],"20":[0,0]}}
,"C:\\Users\\DELL\\Documents\\Standard Projects\\Backend\\01. Jobberman\\src\\controller\\session.controller.ts": {"path":"C:\\Users\\DELL\\Documents\\Standard Projects\\Backend\\01. Jobberman\\src\\controller\\session.controller.ts","statementMap":{"0":{"start":{"line":13,"column":0},"end":{"line":13,"column":22}},"1":{"start":{"line":67,"column":0},"end":{"line":67,"column":22}},"2":{"start":{"line":87,"column":0},"end":{"line":87,"column":22}},"3":{"start":{"line":2,"column":0},"end":{"line":2,"column":55}},"4":{"start":{"line":3,"column":0},"end":{"line":3,"column":null}},"5":{"start":{"line":8,"column":0},"end":{"line":8,"column":39}},"6":{"start":{"line":9,"column":0},"end":{"line":9,"column":28}},"7":{"start":{"line":11,"column":0},"end":{"line":11,"column":30}},"8":{"start":{"line":17,"column":2},"end":{"line":64,"column":3}},"9":{"start":{"line":18,"column":39},"end":{"line":18,"column":47}},"10":{"start":{"line":19,"column":17},"end":{"line":19,"column":59}},"11":{"start":{"line":21,"column":4},"end":{"line":24,"column":5}},"12":{"start":{"line":22,"column":6},"end":{"line":22,"column":45}},"13":{"start":{"line":23,"column":6},"end":{"line":23,"column":13}},"14":{"start":{"line":26,"column":22},"end":{"line":26,"column":48}},"15":{"start":{"line":27,"column":20},"end":{"line":31,"column":6}},"16":{"start":{"line":32,"column":22},"end":{"line":36,"column":null}},"17":{"start":{"line":40,"column":24},"end":{"line":43,"column":null}},"18":{"start":{"line":46,"column":25},"end":{"line":49,"column":null}},"19":{"start":{"line":52,"column":4},"end":{"line":56,"column":7}},"20":{"start":{"line":57,"column":4},"end":{"line":57,"column":11}},"21":{"start":{"line":59,"column":4},"end":{"line":63,"column":7}},"22":{"start":{"line":68,"column":2},"end":{"line":84,"column":3}},"23":{"start":{"line":69,"column":15},"end":{"line":69,"column":38}},"24":{"start":{"line":70,"column":20},"end":{"line":70,"column":41}},"25":{"start":{"line":71,"column":4},"end":{"line":75,"column":7}},"26":{"start":{"line":76,"column":4},"end":{"line":76,"column":11}},"27":{"start":{"line":78,"column":4},"end":{"line":82,"column":7}},"28":{"start":{"line":83,"column":4},"end":{"line":83,"column":11}},"29":{"start":{"line":88,"column":2},"end":{"line":103,"column":3}},"30":{"start":{"line":89,"column":15},"end":{"line":89,"column":38}},"31":{"start":{"line":90,"column":20},"end":{"line":90,"column":43}},"32":{"start":{"line":91,"column":4},"end":{"line":95,"column":7}},"33":{"start":{"line":97,"column":4},"end":{"line":101,"column":7}},"34":{"start":{"line":102,"column":4},"end":{"line":102,"column":11}}},"fnMap":{"0":{"name":"CreateSessionHandler","decl":{"start":{"line":13,"column":22},"end":{"line":13,"column":42}},"loc":{"start":{"line":15,"column":15},"end":{"line":65,"column":null}}},"1":{"name":"findSessionHandler","decl":{"start":{"line":67,"column":22},"end":{"line":67,"column":40}},"loc":{"start":{"line":67,"column":66},"end":{"line":85,"column":null}}},"2":{"name":"deleteSessionHandler","decl":{"start":{"line":87,"column":22},"end":{"line":87,"column":42}},"loc":{"start":{"line":87,"column":68},"end":{"line":104,"column":null}}}},"branchMap":{"0":{"loc":{"start":{"line":21,"column":4},"end":{"line":24,"column":5}},"type":"if","locations":[{"start":{"line":21,"column":4},"end":{"line":24,"column":5}}]},"1":{"loc":{"start":{"line":26,"column":22},"end":{"line":26,"column":48}},"type":"binary-expr","locations":[{"start":{"line":26,"column":22},"end":{"line":26,"column":42}},{"start":{"line":26,"column":46},"end":{"line":26,"column":48}}]}},"s":{"0":10,"1":10,"2":10,"3":10,"4":10,"5":10,"6":10,"7":10,"8":9,"9":9,"10":9,"11":9,"12":0,"13":0,"14":9,"15":9,"16":9,"17":9,"18":9,"19":9,"20":9,"21":0,"22":1,"23":1,"24":1,"25":1,"26":1,"27":0,"28":0,"29":1,"30":1,"31":1,"32":1,"33":0,"34":0},"f":{"0":9,"1":1,"2":1},"b":{"0":[0],"1":[9,9]}}
[...]
,"C:\\Users\\DELL\\Documents\\Standard Projects\\Backend\\01. Jobberman\\src\\service\\tbs.service.ts": {"path":"C:\\Users\\DELL\\Documents\\Standard Projects\\Backend\\01. Jobberman\\src\\service\\tbs.service.ts","statementMap":{"0":{"start":{"line":4,"column":0},"end":{"line":4,"column":22}},"1":{"start":{"line":13,"column":0},"end":{"line":13,"column":22}},"2":{"start":{"line":21,"column":0},"end":{"line":21,"column":22}},"3":{"start":{"line":32,"column":0},"end":{"line":32,"column":22}},"4":{"start":{"line":41,"column":0},"end":{"line":41,"column":22}},"5":{"start":{"line":53,"column":0},"end":{"line":53,"column":22}},"6":{"start":{"line":1,"column":0},"end":{"line":1,"column":36}},"7":{"start":{"line":5,"column":15},"end":{"line":9,"column":4}},"8":{"start":{"line":10,"column":2},"end":{"line":10,"column":14}},"9":{"start":{"line":14,"column":14},"end":{"line":17,"column":4}},"10":{"start":{"line":18,"column":2},"end":{"line":18,"column":13}},"11":{"start":{"line":22,"column":14},"end":{"line":22,"column":61}},"12":{"start":{"line":23,"column":2},"end":{"line":23,"column":13}},"13":{"start":{"line":33,"column":15},"end":{"line":37,"column":4}},"14":{"start":{"line":38,"column":2},"end":{"line":38,"column":14}},"15":{"start":{"line":42,"column":21},"end":{"line":49,"column":4}},"16":{"start":{"line":50,"column":2},"end":{"line":50,"column":20}},"17":{"start":{"line":54,"column":21},"end":{"line":58,"column":4}},"18":{"start":{"line":59,"column":2},"end":{"line":59,"column":20}}},"fnMap":{"0":{"name":"findTBSService","decl":{"start":{"line":4,"column":22},"end":{"line":4,"column":36}},"loc":{"start":{"line":4,"column":50},"end":{"line":11,"column":null}}},"1":{"name":"findAllTBSService","decl":{"start":{"line":13,"column":22},"end":{"line":13,"column":39}},"loc":{"start":{"line":13,"column":67},"end":{"line":19,"column":null}}},"2":{"name":"totalTBSCountService","decl":{"start":{"line":21,"column":22},"end":{"line":21,"column":42}},"loc":{"start":{"line":21,"column":42},"end":{"line":24,"column":null}}},"3":{"name":"createTBSService","decl":{"start":{"line":32,"column":22},"end":{"line":32,"column":38}},"loc":{"start":{"line":32,"column":49},"end":{"line":39,"column":null}}},"4":{"name":"updateTBSService","decl":{"start":{"line":41,"column":22},"end":{"line":41,"column":38}},"loc":{"start":{"line":41,"column":65},"end":{"line":51,"column":null}}},"5":{"name":"deleteTBSService","decl":{"start":{"line":53,"column":22},"end":{"line":53,"column":38}},"loc":{"start":{"line":53,"column":52},"end":{"line":60,"column":null}}}},"branchMap":{},"s":{"0":10,"1":10,"2":10,"3":10,"4":10,"5":10,"6":10,"7":2,"8":2,"9":1,"10":1,"11":1,"12":1,"13":1,"14":1,"15":1,"16":1,"17":1,"18":1},"f":{"0":2,"1":1,"2":1,"3":1,"4":1,"5":1},"b":{}}
,"C:\\Users\\DELL\\Documents\\Standard Projects\\Backend\\01. Jobberman\\src\\service\\user.service.ts": {"path":"C:\\Users\\DELL\\Documents\\Standard Projects\\Backend\\01. Jobberman\\src\\service\\user.service.ts","statementMap":{"0":{"start":{"line":6,"column":0},"end":{"line":6,"column":22}},"1":{"start":{"line":15,"column":0},"end":{"line":15,"column":22}},"2":{"start":{"line":33,"column":0},"end":{"line":33,"column":22}},"3":{"start":{"line":47,"column":0},"end":{"line":47,"column":22}},"4":{"start":{"line":87,"column":0},"end":{"line":87,"column":22}},"5":{"start":{"line":99,"column":0},"end":{"line":99,"column":22}},"6":{"start":{"line":111,"column":0},"end":{"line":111,"column":22}},"7":{"start":{"line":1,"column":0},"end":{"line":1,"column":30}},"8":{"start":{"line":2,"column":0},"end":{"line":2,"column":36}},"9":{"start":{"line":4,"column":0},"end":{"line":4,"column":69}},"10":{"start":{"line":7,"column":15},"end":{"line":11,"column":4}},"11":{"start":{"line":12,"column":2},"end":{"line":12,"column":14}},"12":{"start":{"line":16,"column":15},"end":{"line":20,"column":4}},"13":{"start":{"line":22,"column":2},"end":{"line":22,"column":59}},"14":{"start":{"line":22,"column":46},"end":{"line":22,"column":59}},"15":{"start":{"line":24,"column":16},"end":{"line":24,"column":69}},"16":{"start":{"line":26,"column":2},"end":{"line":28,"column":3}},"17":{"start":{"line":27,"column":4},"end":{"line":27,"column":16}},"18":{"start":{"line":30,"column":2},"end":{"line":30,"column":15}},"19":{"start":{"line":34,"column":15},"end":{"line":38,"column":4}},"20":{"start":{"line":39,"column":2},"end":{"line":39,"column":14}},"21":{"start":{"line":48,"column":22},"end":{"line":48,"column":63}},"22":{"start":{"line":49,"column":21},"end":{"line":60,"column":null}},"23":{"start":{"line":62,"column":15},"end":{"line":83,"column":4}},"24":{"start":{"line":84,"column":2},"end":{"line":84,"column":14}},"25":{"start":{"line":88,"column":21},"end":{"line":95,"column":4}},"26":{"start":{"line":96,"column":2},"end":{"line":96,"column":20}},"27":{"start":{"line":100,"column":21},"end":{"line":107,"column":4}},"28":{"start":{"line":108,"column":2},"end":{"line":108,"column":20}},"29":{"start":{"line":112,"column":22},"end":{"line":112,"column":48}},"30":{"start":{"line":113,"column":21},"end":{"line":121,"column":4}},"31":{"start":{"line":122,"column":2},"end":{"line":122,"column":20}}},"fnMap":{"0":{"name":"findUserService","decl":{"start":{"line":6,"column":22},"end":{"line":6,"column":37}},"loc":{"start":{"line":6,"column":51},"end":{"line":13,"column":null}}},"1":{"name":"validateUser","decl":{"start":{"line":15,"column":22},"end":{"line":15,"column":34}},"loc":{"start":{"line":15,"column":66},"end":{"line":31,"column":null}}},"2":{"name":"findEmailService","decl":{"start":{"line":33,"column":22},"end":{"line":33,"column":38}},"loc":{"start":{"line":33,"column":52},"end":{"line":40,"column":null}}},"3":{"name":"createUserService","decl":{"start":{"line":47,"column":22},"end":{"line":47,"column":39}},"loc":{"start":{"line":47,"column":58},"end":{"line":85,"column":null}}},"4":{"name":"verifyUserService","decl":{"start":{"line":87,"column":22},"end":{"line":87,"column":39}},"loc":{"start":{"line":87,"column":53},"end":{"line":97,"column":null}}},"5":{"name":"forgotUserService","decl":{"start":{"line":99,"column":22},"end":{"line":99,"column":39}},"loc":{"start":{"line":99,"column":69},"end":{"line":109,"column":null}}},"6":{"name":"passwordResetService","decl":{"start":{"line":111,"column":22},"end":{"line":111,"column":42}},"loc":{"start":{"line":111,"column":72},"end":{"line":123,"column":null}}}},"branchMap":{"0":{"loc":{"start":{"line":22,"column":2},"end":{"line":22,"column":59}},"type":"if","locations":[{"start":{"line":22,"column":2},"end":{"line":22,"column":59}}]},"1":{"loc":{"start":{"line":22,"column":6},"end":{"line":22,"column":44}},"type":"binary-expr","locations":[{"start":{"line":22,"column":6},"end":{"line":22,"column":11}},{"start":{"line":22,"column":15},"end":{"line":22,"column":44}}]},"2":{"loc":{"start":{"line":26,"column":2},"end":{"line":28,"column":3}},"type":"if","locations":[{"start":{"line":26,"column":2},"end":{"line":28,"column":3}}]}},"s":{"0":10,"1":10,"2":10,"3":10,"4":10,"5":10,"6":10,"7":10,"8":10,"9":10,"10":0,"11":0,"12":9,"13":9,"14":0,"15":9,"16":9,"17":9,"18":0,"19":0,"20":0,"21":10,"22":10,"23":10,"24":10,"25":0,"26":0,"27":0,"28":0,"29":0,"30":0,"31":0},"f":{"0":0,"1":9,"2":0,"3":10,"4":0,"5":0,"6":0},"b":{"0":[0],"1":[9,9],"2":[9]}}
,"C:\\Users\\DELL\\Documents\\Standard Projects\\Backend\\01. Jobberman\\src\\utils\\createServer.ts": {"path":"C:\\Users\\DELL\\Documents\\Standard Projects\\Backend\\01. Jobberman\\src\\utils\\createServer.ts","statementMap":{"0":{"start":{"line":5,"column":0},"end":{"line":5,"column":16}},"1":{"start":{"line":1,"column":0},"end":{"line":1,"column":30}},"2":{"start":{"line":2,"column":0},"end":{"line":2,"column":31}},"3":{"start":{"line":3,"column":0},"end":{"line":3,"column":60}},"4":{"start":{"line":6,"column":14},"end":{"line":6,"column":23}},"5":{"start":{"line":8,"column":2},"end":{"line":8,"column":26}},"6":{"start":{"line":9,"column":2},"end":{"line":9,"column":27}},"7":{"start":{"line":10,"column":2},"end":{"line":10,"column":18}},"8":{"start":{"line":11,"column":2},"end":{"line":11,"column":13}}},"fnMap":{"0":{"name":"createServer","decl":{"start":{"line":5,"column":16},"end":{"line":5,"column":28}},"loc":{"start":{"line":5,"column":28},"end":{"line":12,"column":1}}}},"branchMap":{},"s":{"0":10,"1":10,"2":10,"3":10,"4":10,"5":10,"6":10,"7":10,"8":10},"f":{"0":10},"b":{}}
,"C:\\Users\\DELL\\Documents\\Standard Projects\\Backend\\01. Jobberman\\src\\utils\\hashPasword.ts": {"path":"C:\\Users\\DELL\\Documents\\Standard Projects\\Backend\\01. Jobberman\\src\\utils\\hashPasword.ts","statementMap":{"0":{"start":{"line":4,"column":0},"end":{"line":4,"column":22}},"1":{"start":{"line":11,"column":0},"end":{"line":11,"column":22}},"2":{"start":{"line":1,"column":0},"end":{"line":1,"column":28}},"3":{"start":{"line":2,"column":0},"end":{"line":2,"column":28}},"4":{"start":{"line":5,"column":15},"end":{"line":5,"column":73}},"5":{"start":{"line":6,"column":15},"end":{"line":6,"column":46}},"6":{"start":{"line":7,"column":2},"end":{"line":7,"column":18}},"7":{"start":{"line":8,"column":2},"end":{"line":8,"column":18}},"8":{"start":{"line":15,"column":16},"end":{"line":17,"column":23}},"9":{"start":{"line":17,"column":17},"end":{"line":17,"column":22}},"10":{"start":{"line":19,"column":2},"end":{"line":19,"column":15}}},"fnMap":{"0":{"name":"hashPassword","decl":{"start":{"line":4,"column":22},"end":{"line":4,"column":34}},"loc":{"start":{"line":4,"column":51},"end":{"line":9,"column":null}}},"1":{"name":"comparePassword","decl":{"start":{"line":11,"column":22},"end":{"line":11,"column":37}},"loc":{"start":{"line":13,"column":18},"end":{"line":20,"column":null}}},"2":{"name":"(anonymous_12)","decl":{"start":{"line":17,"column":11},"end":{"line":17,"column":14}},"loc":{"start":{"line":17,"column":17},"end":{"line":17,"column":22}}}},"branchMap":{},"s":{"0":10,"1":10,"2":10,"3":10,"4":10,"5":10,"6":10,"7":10,"8":9,"9":0,"10":9},"f":{"0":10,"1":9,"2":0},"b":{}}
,"C:\\Users\\DELL\\Documents\\Standard Projects\\Backend\\01. Jobberman\\src\\utils\\jwt.ts": {"path":"C:\\Users\\DELL\\Documents\\Standard Projects\\Backend\\01. Jobberman\\src\\utils\\jwt.ts","statementMap":{"0":{"start":{"line":4,"column":0},"end":{"line":4,"column":16}},"1":{"start":{"line":19,"column":0},"end":{"line":19,"column":16}},"2":{"start":{"line":1,"column":0},"end":{"line":1,"column":31}},"3":{"start":{"line":2,"column":0},"end":{"line":2,"column":28}},"4":{"start":{"line":9,"column":2},"end":{"line":17,"column":3}},"5":{"start":{"line":10,"column":22},"end":{"line":10,"column":52}},"6":{"start":{"line":11,"column":4},"end":{"line":14,"column":7}},"7":{"start":{"line":16,"column":4},"end":{"line":16,"column":17}},"8":{"start":{"line":23,"column":2},"end":{"line":34,"column":3}},"9":{"start":{"line":24,"column":22},"end":{"line":24,"column":51}},"10":{"start":{"line":25,"column":20},"end":{"line":25,"column":48}},"11":{"start":{"line":27,"column":4},"end":{"line":27,"column":52}},"12":{"start":{"line":29,"column":4},"end":{"line":33,"column":6}}},"fnMap":{"0":{"name":"signJwt","decl":{"start":{"line":4,"column":16},"end":{"line":4,"column":23}},"loc":{"start":{"line":7,"column":39},"end":{"line":18,"column":1}}},"1":{"name":"verifyJwt","decl":{"start":{"line":19,"column":16},"end":{"line":19,"column":25}},"loc":{"start":{"line":21,"column":55},"end":{"line":35,"column":1}}}},"branchMap":{"0":{"loc":{"start":{"line":12,"column":10},"end":{"line":12,"column":28}},"type":"binary-expr","locations":[{"start":{"line":12,"column":10},"end":{"line":12,"column":17}},{"start":{"line":12,"column":21},"end":{"line":12,"column":28}}]}},"s":{"0":10,"1":10,"2":10,"3":10,"4":18,"5":18,"6":18,"7":0,"8":13,"9":13,"10":13,"11":13,"12":0},"f":{"0":18,"1":13},"b":{"0":[18,18]}}
,"C:\\Users\\DELL\\Documents\\Standard Projects\\Backend\\01. Jobberman\\src\\utils\\logger.ts": {"path":"C:\\Users\\DELL\\Documents\\Standard Projects\\Backend\\01. Jobberman\\src\\utils\\logger.ts","statementMap":{"0":{"start":{"line":1,"column":0},"end":{"line":1,"column":26}},"1":{"start":{"line":2,"column":0},"end":{"line":2,"column":26}},"2":{"start":{"line":3,"column":0},"end":{"line":3,"column":28}},"3":{"start":{"line":5,"column":14},"end":{"line":5,"column":44}},"4":{"start":{"line":7,"column":12},"end":{"line":16,"column":2}},"5":{"start":{"line":15,"column":19},"end":{"line":15,"column":50}},"6":{"start":{"line":18,"column":0},"end":{"line":18,"column":19}}},"fnMap":{"0":{"name":"(anonymous_1)","decl":{"start":{"line":15,"column":13},"end":{"line":15,"column":16}},"loc":{"start":{"line":15,"column":19},"end":{"line":15,"column":50}}}},"branchMap":{},"s":{"0":10,"1":10,"2":10,"3":10,"4":10,"5":19,"6":10},"f":{"0":19},"b":{}}
,"C:\\Users\\DELL\\Documents\\Standard Projects\\Backend\\01. Jobberman\\src\\utils\\random.ts": {"path":"C:\\Users\\DELL\\Documents\\Standard Projects\\Backend\\01. Jobberman\\src\\utils\\random.ts","statementMap":{"0":{"start":{"line":5,"column":0},"end":{"line":5,"column":16}},"1":{"start":{"line":16,"column":0},"end":{"line":16,"column":16}},"2":{"start":{"line":21,"column":0},"end":{"line":21,"column":16}},"3":{"start":{"line":26,"column":0},"end":{"line":26,"column":16}},"4":{"start":{"line":31,"column":0},"end":{"line":31,"column":16}},"5":{"start":{"line":2,"column":2},"end":{"line":2,"column":66}},"6":{"start":{"line":6,"column":15},"end":{"line":6,"column":18}},"7":{"start":{"line":7,"column":27},"end":{"line":7,"column":44}},"8":{"start":{"line":8,"column":2},"end":{"line":10,"column":3}},"9":{"start":{"line":8,"column":15},"end":{"line":8,"column":16}},"10":{"start":{"line":9,"column":4},"end":{"line":9,"column":78}},"11":{"start":{"line":12,"column":2},"end":{"line":12,"column":16}},"12":{"start":{"line":17,"column":2},"end":{"line":17,"column":55}},"13":{"start":{"line":22,"column":2},"end":{"line":22,"column":25}},"14":{"start":{"line":27,"column":2},"end":{"line":27,"column":28}},"15":{"start":{"line":32,"column":2},"end":{"line":32,"column":40}}},"fnMap":{"0":{"name":"randomString","decl":{"start":{"line":5,"column":16},"end":{"line":5,"column":28}},"loc":{"start":{"line":5,"column":43},"end":{"line":13,"column":1}}},"1":{"name":"randomInt","decl":{"start":{"line":16,"column":16},"end":{"line":16,"column":25}},"loc":{"start":{"line":16,"column":50},"end":{"line":18,"column":1}}},"2":{"name":"randomOwner","decl":{"start":{"line":21,"column":16},"end":{"line":21,"column":27}},"loc":{"start":{"line":21,"column":27},"end":{"line":23,"column":1}}},"3":{"name":"RandomMoney","decl":{"start":{"line":26,"column":16},"end":{"line":26,"column":27}},"loc":{"start":{"line":26,"column":27},"end":{"line":28,"column":1}}},"4":{"name":"randomEmail","decl":{"start":{"line":31,"column":16},"end":{"line":31,"column":27}},"loc":{"start":{"line":31,"column":27},"end":{"line":33,"column":1}}}},"branchMap":{},"s":{"0":10,"1":10,"2":10,"3":10,"4":10,"5":10,"6":660,"7":660,"8":660,"9":660,"10":3350,"11":660,"12":40,"13":0,"14":0,"15":30},"f":{"0":660,"1":40,"2":0,"3":0,"4":30},"b":{}}
,"C:\\Users\\DELL\\Documents\\Standard Projects\\Backend\\01. Jobberman\\src\\utils\\sendemail.ts": {"path":"C:\\Users\\DELL\\Documents\\Standard Projects\\Backend\\01. Jobberman\\src\\utils\\sendemail.ts","statementMap":{"0":{"start":{"line":1,"column":0},"end":{"line":1,"column":57}},"1":{"start":{"line":2,"column":0},"end":{"line":2,"column":28}},"2":{"start":{"line":3,"column":0},"end":{"line":3,"column":27}},"3":{"start":{"line":5,"column":13},"end":{"line":11,"column":10}},"4":{"start":{"line":13,"column":20},"end":{"line":15,"column":null}},"5":{"start":{"line":25,"column":2},"end":{"line":32,"column":5}},"6":{"start":{"line":26,"column":4},"end":{"line":29,"column":5}},"7":{"start":{"line":27,"column":6},"end":{"line":27,"column":44}},"8":{"start":{"line":28,"column":6},"end":{"line":28,"column":13}},"9":{"start":{"line":31,"column":4},"end":{"line":31,"column":67}},"10":{"start":{"line":35,"column":0},"end":{"line":35,"column":25}}},"fnMap":{"0":{"name":"sendEmail","decl":{"start":{"line":24,"column":15},"end":{"line":24,"column":24}},"loc":{"start":{"line":24,"column":49},"end":{"line":33,"column":null}}},"1":{"name":"(anonymous_10)","decl":{"start":{"line":25,"column":32},"end":{"line":25,"column":33}},"loc":{"start":{"line":25,"column":46},"end":{"line":32,"column":3}}}},"branchMap":{"0":{"loc":{"start":{"line":26,"column":4},"end":{"line":29,"column":5}},"type":"if","locations":[{"start":{"line":26,"column":4},"end":{"line":29,"column":5}}]}},"s":{"0":10,"1":10,"2":10,"3":10,"4":10,"5":10,"6":9,"7":9,"8":9,"9":0,"10":10},"f":{"0":10,"1":9},"b":{"0":[9]}}
,"C:\\Users\\DELL\\Documents\\Standard Projects\\Backend\\01. Jobberman\\src\\utils\\types.ts": {"path":"C:\\Users\\DELL\\Documents\\Standard Projects\\Backend\\01. Jobberman\\src\\utils\\types.ts","statementMap":{"0":{"start":{"line":1,"column":0},"end":{"line":1,"column":64}},"1":{"start":{"line":163,"column":21},"end":{"line":183,"column":2}},"2":{"start":{"line":370,"column":2},"end":{"line":370,"column":14}},"3":{"start":{"line":185,"column":21},"end":{"line":209,"column":2}},"4":{"start":{"line":369,"column":2},"end":{"line":369,"column":14}},"5":{"start":{"line":211,"column":17},"end":{"line":215,"column":2}},"6":{"start":{"line":367,"column":2},"end":{"line":367,"column":10}},"7":{"start":{"line":217,"column":17},"end":{"line":273,"column":2}},"8":{"start":{"line":366,"column":2},"end":{"line":366,"column":10}},"9":{"start":{"line":275,"column":22},"end":{"line":279,"column":2}},"10":{"start":{"line":365,"column":2},"end":{"line":365,"column":15}},"11":{"start":{"line":281,"column":20},"end":{"line":301,"column":2}},"12":{"start":{"line":364,"column":2},"end":{"line":364,"column":13}},"13":{"start":{"line":303,"column":17},"end":{"line":307,"column":2}},"14":{"start":{"line":362,"column":2},"end":{"line":362,"column":10}},"15":{"start":{"line":309,"column":17},"end":{"line":321,"column":2}},"16":{"start":{"line":368,"column":2},"end":{"line":368,"column":10}},"17":{"start":{"line":322,"column":17},"end":{"line":322,"column":39}},"18":{"start":{"line":334,"column":18},"end":{"line":350,"column":2}},"19":{"start":{"line":361,"column":2},"end":{"line":361,"column":11}},"20":{"start":{"line":352,"column":21},"end":{"line":358,"column":2}},"21":{"start":{"line":363,"column":2},"end":{"line":363,"column":14}}},"fnMap":{},"branchMap":{},"s":{"0":10,"1":10,"2":10,"3":10,"4":10,"5":10,"6":10,"7":10,"8":10,"9":10,"10":10,"11":10,"12":10,"13":10,"14":10,"15":10,"16":10,"17":10,"18":10,"19":10,"20":10,"21":10},"f":{},"b":{}}
}
