TN:
SF:config\default.ts
FNF:0
FNH:0
DA:1,6
DA:2,6
DA:4,6
LF:3
LH:3
BRF:0
BRH:0
end_of_record
TN:
SF:src\scripts.ts
FNF:0
FNH:0
DA:1,6
DA:2,6
DA:3,6
DA:5,6
DA:7,6
DA:8,6
DA:9,6
LF:7
LH:7
BRF:0
BRH:0
end_of_record
TN:
SF:src\controller\Job.controller.ts
FN:22,findJobHandler
FN:49,findAllJobsHandler
FN:79,findJobsByLocationHandler
FN:119,FilterJobHandler
FN:178,SearchJobHandler
FN:216,updateJobHandler
FN:254,CreateJobHandler
FN:296,updateJobFKHandler
FN:350,deleteJobHandler
FNF:9
FNH:1
FNDA:0,findJobHandler
FNDA:0,findAllJobsHandler
FNDA:0,findJobsByLocationHandler
FNDA:1,FilterJobHandler
FNDA:0,SearchJobHandler
FNDA:0,updateJobHandler
FNDA:0,CreateJobHandler
FNDA:0,updateJobFKHandler
FNDA:0,deleteJobHandler
DA:3,6
DA:14,6
DA:22,6
DA:26,0
DA:27,0
DA:29,0
DA:30,0
DA:31,0
DA:32,0
DA:34,0
DA:40,0
DA:45,0
DA:49,6
DA:50,0
DA:52,0
DA:54,0
DA:55,0
DA:56,0
DA:57,0
DA:58,0
DA:59,0
DA:62,0
DA:70,0
DA:75,0
DA:79,6
DA:83,0
DA:85,0
DA:87,0
DA:88,0
DA:89,0
DA:98,0
DA:99,0
DA:100,0
DA:103,0
DA:110,0
DA:115,0
DA:119,6
DA:123,1
DA:125,1
DA:127,1
DA:128,1
DA:129,1
DA:130,1
DA:131,1
DA:132,1
DA:133,1
DA:134,1
DA:135,1
DA:136,1
DA:137,1
DA:138,1
DA:139,1
DA:140,1
DA:158,1
DA:159,0
DA:160,0
DA:162,1
DA:169,0
DA:174,0
DA:178,6
DA:179,0
DA:181,0
DA:183,0
DA:184,0
DA:186,0
DA:187,0
DA:188,0
DA:189,0
DA:191,0
DA:197,0
DA:199,0
DA:204,0
DA:216,6
DA:220,0
DA:221,0
DA:222,0
DA:224,0
DA:225,0
DA:226,0
DA:227,0
DA:231,0
DA:232,0
DA:233,0
DA:234,0
DA:237,0
DA:239,0
DA:245,0
DA:250,0
DA:254,6
DA:258,0
DA:259,0
DA:262,0
DA:263,0
DA:264,0
DA:267,0
DA:270,0
DA:271,0
DA:272,0
DA:273,0
DA:275,0
DA:280,0
DA:285,0
DA:287,0
DA:292,0
DA:296,6
DA:310,0
DA:311,0
DA:312,0
DA:313,0
DA:314,0
DA:315,0
DA:316,0
DA:320,0
DA:321,0
DA:322,0
DA:323,0
DA:326,0
DA:334,0
DA:339,0
DA:341,0
DA:346,0
DA:350,6
DA:351,0
DA:352,0
DA:355,0
DA:356,0
DA:357,0
DA:358,0
DA:361,0
DA:362,0
DA:367,0
DA:369,0
LF:132
LH:29
BRDA:30,0,0,0
BRDA:52,1,0,0
BRDA:52,1,1,0
BRDA:54,2,0,0
BRDA:54,2,1,0
BRDA:57,3,0,0
BRDA:85,4,0,0
BRDA:85,4,1,0
BRDA:87,5,0,0
BRDA:87,5,1,0
BRDA:98,6,0,0
BRDA:125,7,0,0
BRDA:125,7,1,1
BRDA:127,8,0,0
BRDA:127,8,1,1
BRDA:158,9,0,0
BRDA:181,10,0,0
BRDA:181,10,1,0
BRDA:183,11,0,0
BRDA:183,11,1,0
BRDA:187,12,0,0
BRDA:225,13,0,0
BRDA:232,14,0,0
BRDA:232,15,0,0
BRDA:232,15,1,0
BRDA:263,16,0,0
BRDA:263,17,0,0
BRDA:263,17,1,0
BRDA:271,18,0,0
BRDA:314,19,0,0
BRDA:321,20,0,0
BRDA:321,21,0,0
BRDA:321,21,1,0
BRDA:356,22,0,0
BRDA:356,23,0,0
BRDA:356,23,1,0
BRF:36
BRH:2
end_of_record
TN:
SF:src\controller\address.controller.ts
FN:12,findAddressHandler
FN:41,findAllAddressHandler
FN:77,CreateAddressHandler
FN:106,updateAddressHandler
FN:144,deleteAddressHandler
FNF:5
FNH:4
FNDA:1,findAddressHandler
FNDA:0,findAllAddressHandler
FNDA:1,CreateAddressHandler
FNDA:1,updateAddressHandler
FNDA:1,deleteAddressHandler
DA:3,6
DA:12,6
DA:16,1
DA:17,1
DA:19,1
DA:20,1
DA:21,0
DA:22,0
DA:25,1
DA:30,1
DA:32,0
DA:37,0
DA:41,6
DA:42,0
DA:44,0
DA:46,0
DA:47,0
DA:48,0
DA:49,0
DA:50,0
DA:51,0
DA:54,0
DA:61,0
DA:63,0
DA:68,0
DA:77,6
DA:83,1
DA:84,1
DA:86,1
DA:90,1
DA:95,1
DA:97,0
DA:102,0
DA:106,6
DA:110,1
DA:111,1
DA:114,1
DA:115,1
DA:116,0
DA:117,0
DA:120,1
DA:121,1
DA:122,0
DA:123,0
DA:126,1
DA:127,1
DA:129,1
DA:135,0
DA:140,0
DA:144,6
DA:145,1
DA:146,1
DA:149,1
DA:150,1
DA:151,0
DA:152,0
DA:155,1
DA:156,1
DA:161,1
DA:163,0
LF:60
LH:33
BRDA:20,0,0,0
BRDA:44,1,0,0
BRDA:44,1,1,0
BRDA:46,2,0,0
BRDA:46,2,1,0
BRDA:49,3,0,0
BRDA:115,4,0,0
BRDA:121,5,0,0
BRDA:150,6,0,0
BRF:9
BRH:0
end_of_record
TN:
SF:src\controller\company.controller.ts
FN:18,findCompanyHandler
FN:46,findAllCompanysHandler
FN:76,findCompanyByLocationHandler
FN:109,FilterCompanyHandler
FN:146,SearchCompanyHandler
FN:182,CreateCompanyHandler
FN:209,updateCompanyHandler
FN:247,updateCompanyAddressHandler
FN:293,deleteCompanyHandler
FNF:9
FNH:6
FNDA:1,findCompanyHandler
FNDA:2,findAllCompanysHandler
FNDA:1,findCompanyByLocationHandler
FNDA:0,FilterCompanyHandler
FNDA:0,SearchCompanyHandler
FNDA:1,CreateCompanyHandler
FNDA:0,updateCompanyHandler
FNDA:1,updateCompanyAddressHandler
FNDA:1,deleteCompanyHandler
DA:4,6
DA:18,6
DA:22,1
DA:23,1
DA:25,1
DA:26,1
DA:27,0
DA:28,0
DA:31,1
DA:37,0
DA:42,0
DA:46,6
DA:47,2
DA:49,2
DA:51,2
DA:52,2
DA:53,2
DA:54,2
DA:55,0
DA:56,0
DA:59,2
DA:67,0
DA:72,0
DA:76,6
DA:80,1
DA:82,1
DA:84,1
DA:85,1
DA:86,1
DA:87,1
DA:88,0
DA:89,0
DA:92,1
DA:98,1
DA:100,0
DA:105,0
DA:109,6
DA:110,0
DA:112,0
DA:114,0
DA:115,0
DA:116,0
DA:117,0
DA:118,0
DA:120,0
DA:125,0
DA:126,0
DA:127,0
DA:129,0
DA:135,0
DA:137,0
DA:142,0
DA:146,6
DA:147,0
DA:149,0
DA:151,0
DA:152,0
DA:154,0
DA:155,0
DA:156,0
DA:157,0
DA:159,0
DA:165,0
DA:167,0
DA:172,0
DA:182,6
DA:186,1
DA:187,1
DA:189,1
DA:193,1
DA:198,1
DA:200,0
DA:205,0
DA:209,6
DA:213,0
DA:214,0
DA:215,0
DA:218,0
DA:219,0
DA:220,0
DA:221,0
DA:224,0
DA:225,0
DA:226,0
DA:227,0
DA:229,0
DA:231,0
DA:236,0
DA:238,0
DA:243,0
DA:247,6
DA:255,1
DA:256,1
DA:257,1
DA:260,1
DA:261,1
DA:262,0
DA:263,0
DA:265,1
DA:266,1
DA:267,0
DA:268,0
DA:271,1
DA:277,1
DA:282,1
DA:284,0
DA:289,0
DA:293,6
DA:294,1
DA:295,1
DA:298,1
DA:299,1
DA:300,0
DA:301,0
DA:304,1
DA:305,1
DA:310,1
DA:312,0
DA:317,0
LF:119
LH:52
BRDA:26,0,0,0
BRDA:49,1,0,0
BRDA:49,1,1,2
BRDA:51,2,0,0
BRDA:51,2,1,2
BRDA:54,3,0,0
BRDA:82,4,0,0
BRDA:82,4,1,1
BRDA:84,5,0,0
BRDA:84,5,1,1
BRDA:87,6,0,0
BRDA:112,7,0,0
BRDA:112,7,1,0
BRDA:114,8,0,0
BRDA:114,8,1,0
BRDA:125,9,0,0
BRDA:149,10,0,0
BRDA:149,10,1,0
BRDA:151,11,0,0
BRDA:151,11,1,0
BRDA:155,12,0,0
BRDA:219,13,0,0
BRDA:225,14,0,0
BRDA:261,15,0,0
BRDA:266,16,0,0
BRDA:299,17,0,0
BRF:26
BRH:4
end_of_record
TN:
SF:src\controller\fgs.controller.ts
FN:12,findFGSHandler
FN:40,findAllFGSHandler
FN:77,CreateFGSHandler
FN:104,updateFGSHandler
FN:134,deleteFGSHandler
FNF:5
FNH:5
FNDA:1,findFGSHandler
FNDA:1,findAllFGSHandler
FNDA:1,CreateFGSHandler
FNDA:1,updateFGSHandler
FNDA:1,deleteFGSHandler
DA:2,6
DA:12,6
DA:16,1
DA:17,1
DA:19,1
DA:20,1
DA:21,0
DA:22,0
DA:25,1
DA:31,0
DA:36,0
DA:40,6
DA:41,1
DA:43,1
DA:45,1
DA:46,1
DA:47,1
DA:48,1
DA:49,0
DA:50,0
DA:53,1
DA:60,1
DA:62,0
DA:67,0
DA:77,6
DA:81,1
DA:82,1
DA:84,1
DA:88,1
DA:93,1
DA:95,0
DA:100,0
DA:104,6
DA:108,1
DA:109,1
DA:110,1
DA:111,1
DA:112,1
DA:113,0
DA:114,0
DA:117,1
DA:119,1
DA:125,0
DA:130,0
DA:134,6
DA:135,1
DA:136,1
DA:138,1
DA:139,1
DA:144,1
DA:146,0
LF:51
LH:36
BRDA:20,0,0,0
BRDA:43,1,0,0
BRDA:43,1,1,1
BRDA:45,2,0,0
BRDA:45,2,1,1
BRDA:48,3,0,0
BRDA:112,4,0,0
BRF:7
BRH:2
end_of_record
TN:
SF:src\controller\hpp.controller.ts
FN:12,findHPPHandler
FN:39,findAllHPPHandler
FN:76,CreateHPPHandler
FN:103,updateHPPHandler
FN:133,deleteHPPHandler
FNF:5
FNH:5
FNDA:1,findHPPHandler
FNDA:1,findAllHPPHandler
FNDA:1,CreateHPPHandler
FNDA:1,updateHPPHandler
FNDA:1,deleteHPPHandler
DA:3,6
DA:12,6
DA:16,1
DA:17,1
DA:19,1
DA:20,1
DA:21,0
DA:22,0
DA:25,1
DA:31,0
DA:36,0
DA:39,6
DA:40,1
DA:42,1
DA:44,1
DA:45,1
DA:46,1
DA:47,1
DA:48,0
DA:49,0
DA:52,1
DA:59,1
DA:61,0
DA:66,0
DA:76,6
DA:80,1
DA:81,1
DA:83,1
DA:87,1
DA:92,1
DA:94,0
DA:99,0
DA:103,6
DA:107,1
DA:108,1
DA:109,1
DA:110,1
DA:111,1
DA:112,0
DA:113,0
DA:116,1
DA:118,1
DA:124,0
DA:129,0
DA:133,6
DA:134,1
DA:135,1
DA:137,1
DA:138,1
DA:143,1
DA:145,0
LF:51
LH:36
BRDA:20,0,0,0
BRDA:42,1,0,0
BRDA:42,1,1,1
BRDA:44,2,0,0
BRDA:44,2,1,1
BRDA:47,3,0,0
BRDA:111,4,0,0
BRF:7
BRH:2
end_of_record
TN:
SF:src\controller\metaData.controller.ts
FN:12,findMetadataHandler
FN:39,findAllMetadataHandler
FN:76,CreateMetadataHandler
FN:103,updateMetadataHandler
FN:140,deleteMetadataHandler
FNF:5
FNH:5
FNDA:1,findMetadataHandler
FNDA:1,findAllMetadataHandler
FNDA:1,CreateMetadataHandler
FNDA:1,updateMetadataHandler
FNDA:1,deleteMetadataHandler
DA:3,6
DA:12,6
DA:16,1
DA:17,1
DA:19,1
DA:20,1
DA:21,0
DA:22,0
DA:25,1
DA:31,0
DA:36,0
DA:39,6
DA:40,1
DA:42,1
DA:44,1
DA:45,1
DA:46,1
DA:47,1
DA:48,0
DA:49,0
DA:52,1
DA:59,1
DA:61,0
DA:66,0
DA:76,6
DA:80,1
DA:81,1
DA:83,1
DA:87,1
DA:92,1
DA:94,0
DA:99,0
DA:103,6
DA:107,1
DA:108,1
DA:109,1
DA:111,1
DA:112,1
DA:113,0
DA:114,0
DA:123,1
DA:125,1
DA:131,0
DA:136,0
DA:140,6
DA:141,1
DA:142,1
DA:150,1
DA:151,1
DA:156,1
DA:158,0
LF:51
LH:36
BRDA:20,0,0,0
BRDA:42,1,0,0
BRDA:42,1,1,1
BRDA:44,2,0,0
BRDA:44,2,1,1
BRDA:47,3,0,0
BRDA:112,4,0,0
BRF:7
BRH:2
end_of_record
TN:
SF:src\controller\salary.controller.ts
FN:22,findSalaryHandler
FN:50,findAllSalaryHandler
FN:79,FilterSalaryHandler
FN:125,searchSalaryHandler
FN:157,autocompleteSalaryHandler
FN:205,CreateFGSalaryHandler
FN:238,updateSalaryHandler
FN:276,updateSalaryFKHandler
FN:313,deleteSalaryHandler
FNF:9
FNH:0
FNDA:0,findSalaryHandler
FNDA:0,findAllSalaryHandler
FNDA:0,FilterSalaryHandler
FNDA:0,searchSalaryHandler
FNDA:0,autocompleteSalaryHandler
FNDA:0,CreateFGSalaryHandler
FNDA:0,updateSalaryHandler
FNDA:0,updateSalaryFKHandler
FNDA:0,deleteSalaryHandler
DA:3,6
DA:22,6
DA:26,0
DA:27,0
DA:29,0
DA:30,0
DA:31,0
DA:32,0
DA:35,0
DA:41,0
DA:46,0
DA:50,6
DA:51,0
DA:53,0
DA:55,0
DA:56,0
DA:57,0
DA:58,0
DA:59,0
DA:60,0
DA:62,0
DA:70,0
DA:75,0
DA:79,6
DA:83,0
DA:85,0
DA:87,0
DA:88,0
DA:89,0
DA:90,0
DA:91,0
DA:92,0
DA:94,0
DA:105,0
DA:106,0
DA:107,0
DA:109,0
DA:116,0
DA:121,0
DA:125,6
DA:129,0
DA:131,0
DA:133,0
DA:134,0
DA:135,0
DA:136,0
DA:137,0
DA:138,0
DA:141,0
DA:148,0
DA:153,0
DA:157,6
DA:161,0
DA:163,0
DA:165,0
DA:166,0
DA:167,0
DA:176,0
DA:177,0
DA:178,0
DA:181,0
DA:188,0
DA:193,0
DA:205,6
DA:209,0
DA:210,0
DA:213,0
DA:214,0
DA:215,0
DA:216,0
DA:219,0
DA:222,0
DA:227,0
DA:229,0
DA:234,0
DA:238,6
DA:242,0
DA:243,0
DA:244,0
DA:247,0
DA:248,0
DA:249,0
DA:250,0
DA:253,0
DA:254,0
DA:255,0
DA:256,0
DA:259,0
DA:261,0
DA:267,0
DA:272,0
DA:276,6
DA:284,0
DA:285,0
DA:286,0
DA:287,0
DA:288,0
DA:289,0
DA:290,0
DA:293,0
DA:297,0
DA:302,0
DA:304,0
DA:309,0
DA:313,6
DA:314,0
DA:315,0
DA:317,0
DA:318,0
DA:319,0
DA:320,0
DA:323,0
DA:324,0
DA:329,0
DA:331,0
LF:115
LH:10
BRDA:30,0,0,0
BRDA:53,1,0,0
BRDA:53,1,1,0
BRDA:55,2,0,0
BRDA:55,2,1,0
BRDA:58,3,0,0
BRDA:85,4,0,0
BRDA:85,4,1,0
BRDA:87,5,0,0
BRDA:87,5,1,0
BRDA:105,6,0,0
BRDA:131,7,0,0
BRDA:131,7,1,0
BRDA:133,8,0,0
BRDA:133,8,1,0
BRDA:136,9,0,0
BRDA:163,10,0,0
BRDA:163,10,1,0
BRDA:165,11,0,0
BRDA:165,11,1,0
BRDA:176,12,0,0
BRDA:214,13,0,0
BRDA:214,14,0,0
BRDA:214,14,1,0
BRDA:248,15,0,0
BRDA:248,16,0,0
BRDA:248,16,1,0
BRDA:254,17,0,0
BRDA:288,18,0,0
BRDA:318,19,0,0
BRDA:318,20,0,0
BRDA:318,20,1,0
BRF:32
BRH:0
end_of_record
TN:
SF:src\controller\session.controller.ts
FN:13,CreateSessionHandler
FN:67,findSessionHandler
FN:87,deleteSessionHandler
FNF:3
FNH:1
FNDA:3,CreateSessionHandler
FNDA:0,findSessionHandler
FNDA:0,deleteSessionHandler
DA:2,6
DA:3,6
DA:8,6
DA:9,6
DA:11,6
DA:13,6
DA:17,3
DA:18,3
DA:19,3
DA:21,3
DA:22,0
DA:23,0
DA:26,3
DA:27,3
DA:32,3
DA:40,3
DA:46,3
DA:52,3
DA:57,3
DA:59,0
DA:67,6
DA:68,0
DA:69,0
DA:70,0
DA:71,0
DA:76,0
DA:78,0
DA:83,0
DA:87,6
DA:88,0
DA:89,0
DA:90,0
DA:91,0
DA:97,0
DA:102,0
LF:35
LH:19
BRDA:21,0,0,0
BRDA:26,1,0,3
BRDA:26,1,1,3
BRF:3
BRH:2
end_of_record
TN:
SF:src\controller\tbs.controller.ts
FN:12,findTBSHandler
FN:40,findAllTBSHandler
FN:77,CreateTBSHandler
FN:104,updateTBSHandler
FN:134,deleteTBSHandler
FNF:5
FNH:5
FNDA:1,findTBSHandler
FNDA:1,findAllTBSHandler
FNDA:1,CreateTBSHandler
FNDA:1,updateTBSHandler
FNDA:1,deleteTBSHandler
DA:3,6
DA:12,6
DA:16,1
DA:17,1
DA:19,1
DA:20,1
DA:21,0
DA:22,0
DA:25,1
DA:31,0
DA:36,0
DA:40,6
DA:41,1
DA:43,1
DA:45,1
DA:46,1
DA:47,1
DA:48,1
DA:49,0
DA:50,0
DA:53,1
DA:60,1
DA:62,0
DA:67,0
DA:77,6
DA:81,1
DA:82,1
DA:84,1
DA:88,1
DA:93,1
DA:95,0
DA:100,0
DA:104,6
DA:108,1
DA:109,1
DA:110,1
DA:111,1
DA:112,1
DA:113,0
DA:114,0
DA:117,1
DA:119,1
DA:125,0
DA:130,0
DA:134,6
DA:135,1
DA:136,1
DA:138,1
DA:139,1
DA:144,1
DA:146,0
LF:51
LH:36
BRDA:20,0,0,0
BRDA:43,1,0,0
BRDA:43,1,1,1
BRDA:45,2,0,0
BRDA:45,2,1,1
BRDA:48,3,0,0
BRDA:112,4,0,0
BRF:7
BRH:2
end_of_record
TN:
SF:src\controller\user.controller.ts
FN:20,getCurrentUserHandler
FN:39,CreateUserHandler
FN:80,verifyUserHandler
FN:117,forgotPasswordHandler
FN:158,passwordResetHandler
FNF:5
FNH:1
FNDA:0,getCurrentUserHandler
FNDA:3,CreateUserHandler
FNDA:0,verifyUserHandler
FNDA:0,forgotPasswordHandler
FNDA:0,passwordResetHandler
DA:2,6
DA:17,6
DA:18,6
DA:19,6
DA:20,6
DA:21,0
DA:22,0
DA:23,0
DA:25,0
DA:39,6
DA:43,3
DA:44,3
DA:45,3
DA:46,3
DA:50,3
DA:57,3
DA:64,3
DA:69,3
DA:71,0
DA:76,0
DA:80,6
DA:84,0
DA:85,0
DA:87,0
DA:88,0
DA:89,0
DA:90,0
DA:92,0
DA:93,0
DA:94,0
DA:97,0
DA:98,0
DA:100,0
DA:101,0
DA:103,0
DA:108,0
DA:113,0
DA:117,6
DA:121,0
DA:122,0
DA:123,0
DA:124,0
DA:125,0
DA:126,0
DA:128,0
DA:129,0
DA:130,0
DA:132,0
DA:133,0
DA:134,0
DA:143,0
DA:147,0
DA:149,0
DA:154,0
DA:158,6
DA:162,0
DA:163,0
DA:164,0
DA:165,0
DA:166,0
DA:171,0
DA:172,0
DA:175,0
DA:176,0
DA:182,0
DA:188,0
DA:193,0
LF:67
LH:17
BRDA:88,0,0,0
BRDA:92,1,0,0
BRDA:97,2,0,0
BRDA:124,3,0,0
BRDA:128,4,0,0
BRDA:166,5,0,0
BRDA:167,6,0,0
BRDA:167,6,1,0
BRDA:167,6,2,0
BRF:9
BRH:0
end_of_record
TN:
SF:src\middleware\deserializeUser.ts
FN:6,(anonymous_7)
FN:10,(anonymous_8)
FNF:2
FNH:2
FNDA:38,(anonymous_7)
FNDA:38,(anonymous_8)
DA:2,6
DA:3,6
DA:4,6
DA:6,6
DA:10,38
DA:11,38
DA:16,38
DA:17,29
DA:20,9
DA:22,9
DA:23,9
DA:25,9
DA:27,9
DA:28,0
DA:30,0
DA:31,0
DA:33,0
DA:34,0
DA:36,0
DA:38,9
DA:41,6
LF:21
LH:15
BRDA:16,0,0,29
BRDA:22,1,0,9
BRDA:27,2,0,0
BRDA:27,3,0,9
BRDA:27,3,1,0
BRDA:30,4,0,0
BRF:6
BRH:3
end_of_record
TN:
SF:src\middleware\requireUser.ts
FN:3,(anonymous_0)
FNF:1
FNH:1
FNDA:2,(anonymous_0)
DA:3,6
DA:4,2
DA:5,2
DA:6,0
DA:7,0
DA:9,2
DA:11,6
LF:7
LH:5
BRDA:5,0,0,0
BRF:1
BRH:0
end_of_record
TN:
SF:src\middleware\validate.ts
FN:5,(anonymous_0)
FN:6,(anonymous_1)
FNF:2
FNH:2
FNDA:48,(anonymous_0)
FNDA:7,(anonymous_1)
DA:5,6
DA:6,48
DA:7,7
DA:8,7
DA:10,0
DA:11,0
DA:13,7
DA:16,6
LF:8
LH:6
BRF:0
BRH:0
end_of_record
TN:
SF:src\routes\address.routes.ts
FNF:0
FNH:0
DA:1,6
DA:2,6
DA:8,6
DA:10,6
DA:11,6
DA:12,6
DA:17,6
DA:18,6
DA:19,6
DA:21,6
LF:10
LH:10
BRF:0
BRH:0
end_of_record
TN:
SF:src\routes\company.routes.ts
FNF:0
FNH:0
DA:1,6
DA:2,6
DA:13,6
DA:14,6
DA:15,6
DA:17,6
DA:22,6
DA:23,6
DA:24,6
DA:25,6
DA:26,6
DA:31,6
DA:36,6
DA:37,6
DA:42,6
DA:44,6
LF:16
LH:16
BRF:0
BRH:0
end_of_record
TN:
SF:src\routes\fgs.routes.ts
FNF:0
FNH:0
DA:1,6
DA:2,6
DA:10,6
DA:11,6
DA:12,6
DA:17,6
DA:18,6
DA:19,6
DA:21,6
LF:9
LH:9
BRF:0
BRH:0
end_of_record
TN:
SF:src\routes\hpp.routes.ts
FNF:0
FNH:0
DA:1,6
DA:2,6
DA:10,6
DA:11,6
DA:12,6
DA:17,6
DA:18,6
DA:19,6
DA:21,6
LF:9
LH:9
BRF:0
BRH:0
end_of_record
TN:
SF:src\routes\index.ts
FN:15,(anonymous_1)
FNF:1
FNH:0
FNDA:0,(anonymous_1)
DA:1,6
DA:2,6
DA:3,6
DA:4,6
DA:5,6
DA:6,6
DA:7,6
DA:8,6
DA:9,6
DA:10,6
DA:11,6
DA:13,6
DA:15,6
DA:16,0
DA:21,6
DA:22,6
DA:23,6
DA:28,6
DA:29,6
DA:30,6
DA:31,6
DA:32,6
DA:33,6
DA:34,6
DA:36,6
LF:25
LH:24
BRF:0
BRH:0
end_of_record
TN:
SF:src\routes\job.routes.ts
FNF:0
FNH:0
DA:1,6
DA:3,6
DA:4,6
DA:15,6
DA:16,6
DA:18,6
DA:22,6
DA:23,6
DA:24,6
DA:25,6
DA:26,6
DA:32,6
DA:38,6
DA:39,6
DA:44,6
DA:46,6
LF:16
LH:16
BRF:0
BRH:0
end_of_record
TN:
SF:src\routes\metadata.routes.ts
FNF:0
FNH:0
DA:1,6
DA:2,6
DA:10,6
DA:11,6
DA:12,6
DA:17,6
DA:18,6
DA:19,6
DA:21,6
LF:9
LH:9
BRF:0
BRH:0
end_of_record
TN:
SF:src\routes\salary.routes.ts
FNF:0
FNH:0
DA:1,6
DA:2,6
DA:13,6
DA:14,6
DA:15,6
DA:17,6
DA:21,6
DA:22,6
DA:23,6
DA:24,6
DA:25,6
DA:32,6
DA:38,6
DA:39,6
DA:44,6
DA:46,6
LF:16
LH:16
BRF:0
BRH:0
end_of_record
TN:
SF:src\routes\session.routes.ts
FNF:0
FNH:0
DA:1,6
DA:2,6
DA:8,6
DA:9,6
DA:10,6
DA:12,6
DA:14,6
DA:19,6
DA:20,6
DA:22,6
LF:10
LH:10
BRF:0
BRH:0
end_of_record
TN:
SF:src\routes\tbs.routes.ts
FNF:0
FNH:0
DA:1,6
DA:2,6
DA:10,6
DA:11,6
DA:12,6
DA:17,6
DA:18,6
DA:19,6
DA:21,6
LF:9
LH:9
BRF:0
BRH:0
end_of_record
TN:
SF:src\routes\user.routes.ts
FNF:0
FNH:0
DA:1,6
DA:2,6
DA:9,6
DA:17,6
DA:19,6
DA:21,6
DA:26,6
DA:31,6
DA:36,6
DA:41,6
DA:43,6
LF:11
LH:11
BRF:0
BRH:0
end_of_record
TN:
SF:src\schema\company.schema.ts
FNF:0
FNH:0
DA:1,6
DA:3,6
DA:28,6
DA:35,6
DA:41,6
DA:44,6
LF:6
LH:6
BRF:0
BRH:0
end_of_record
TN:
SF:src\schema\job.schema.ts
FNF:0
FNH:0
DA:1,6
DA:3,6
DA:105,6
DA:136,6
LF:4
LH:4
BRF:0
BRH:0
end_of_record
TN:
SF:src\schema\session.schema.ts
FNF:0
FNH:0
DA:1,6
DA:3,6
DA:16,6
LF:3
LH:3
BRF:0
BRH:0
end_of_record
TN:
SF:src\schema\user.schema.ts
FN:49,(anonymous_0)
FN:92,(anonymous_1)
FNF:2
FNH:1
FNDA:3,(anonymous_0)
FNDA:0,(anonymous_1)
DA:1,6
DA:3,6
DA:34,6
DA:40,6
DA:47,6
DA:49,3
DA:57,6
DA:62,6
DA:66,6
DA:71,6
DA:75,6
DA:80,6
DA:90,6
DA:92,0
LF:14
LH:13
BRF:0
BRH:0
end_of_record
TN:
SF:src\service\address.service.ts
FN:4,findAddressService
FN:13,findAllAddressService
FN:21,totalAddressCountService
FN:31,createAddressService
FN:40,updateAddressService
FN:55,deleteAddressService
FNF:6
FNH:4
FNDA:2,findAddressService
FNDA:0,findAllAddressService
FNDA:0,totalAddressCountService
FNDA:1,createAddressService
FNDA:1,updateAddressService
FNDA:1,deleteAddressService
DA:1,6
DA:4,6
DA:5,2
DA:10,2
DA:13,6
DA:14,0
DA:18,0
DA:21,6
DA:22,0
DA:23,0
DA:31,6
DA:32,1
DA:37,1
DA:40,6
DA:44,1
DA:52,1
DA:55,6
DA:56,1
DA:61,1
LF:19
LH:15
BRF:0
BRH:0
end_of_record
TN:
SF:src\service\company.service.ts
FN:5,findCompanyService
FN:17,findAllCompanyService
FN:25,findManyCompanyService
FN:61,fiilterManyCompanyService
FN:98,totalCompanyCountService
FN:103,SearchCompanyService
FN:126,createCompanyService
FN:155,updateCompanyService
FN:173,updateCompanyAddressService
FN:210,deleteCompanyService
FNF:10
FNH:7
FNDA:2,findCompanyService
FNDA:2,findAllCompanyService
FNDA:1,findManyCompanyService
FNDA:0,fiilterManyCompanyService
FNDA:2,totalCompanyCountService
FNDA:0,SearchCompanyService
FNDA:1,createCompanyService
FNDA:0,updateCompanyService
FNDA:1,updateCompanyAddressService
FNDA:1,deleteCompanyService
DA:1,6
DA:5,6
DA:6,2
DA:14,2
DA:17,6
DA:18,2
DA:22,2
DA:25,6
DA:30,1
DA:58,1
DA:61,6
DA:66,0
DA:95,0
DA:98,6
DA:99,2
DA:100,2
DA:103,6
DA:108,0
DA:117,0
DA:126,6
DA:127,1
DA:152,1
DA:155,6
DA:159,0
DA:170,0
DA:173,6
DA:178,1
DA:207,1
DA:210,6
DA:211,1
DA:216,1
LF:31
LH:25
BRF:0
BRH:0
end_of_record
TN:
SF:src\service\fgs.service.ts
FN:4,findFGSService
FN:13,findAllFGSService
FN:21,totalFGSCountService
FN:32,createFGSService
FN:41,updateFGSService
FN:53,deleteFGSService
FNF:6
FNH:6
FNDA:2,findFGSService
FNDA:1,findAllFGSService
FNDA:1,totalFGSCountService
FNDA:1,createFGSService
FNDA:1,updateFGSService
FNDA:1,deleteFGSService
DA:1,6
DA:4,6
DA:5,2
DA:10,2
DA:13,6
DA:14,1
DA:18,1
DA:21,6
DA:22,1
DA:23,1
DA:32,6
DA:33,1
DA:38,1
DA:41,6
DA:42,1
DA:50,1
DA:53,6
DA:54,1
DA:59,1
LF:19
LH:19
BRF:0
BRH:0
end_of_record
TN:
SF:src\service\hpp.service.ts
FN:4,findHPPService
FN:13,findAllHPPService
FN:21,totalHPPCountService
FN:32,createHPPService
FN:41,updateHPPService
FN:53,deleteHPPService
FNF:6
FNH:6
FNDA:2,findHPPService
FNDA:1,findAllHPPService
FNDA:1,totalHPPCountService
FNDA:1,createHPPService
FNDA:1,updateHPPService
FNDA:1,deleteHPPService
DA:1,6
DA:4,6
DA:5,2
DA:10,2
DA:13,6
DA:14,1
DA:18,1
DA:21,6
DA:22,1
DA:23,1
DA:32,6
DA:33,1
DA:38,1
DA:41,6
DA:42,1
DA:50,1
DA:53,6
DA:54,1
DA:59,1
LF:19
LH:19
BRF:0
BRH:0
end_of_record
TN:
SF:src\service\job.service.ts
FN:4,findJobService
FN:13,findAllJobsService
FN:21,findManyJobsService
FN:36,totalJobCountService
FN:41,fiilterManyJobService
FN:86,SearchJobService
FN:102,findJobLocationService
FN:142,createJobService
FN:212,updateJobService
FN:225,updateJobFkService
FN:287,deleteJobService
FNF:11
FNH:1
FNDA:0,findJobService
FNDA:0,findAllJobsService
FNDA:1,findManyJobsService
FNDA:0,totalJobCountService
FNDA:0,fiilterManyJobService
FNDA:0,SearchJobService
FNDA:0,findJobLocationService
FNDA:0,createJobService
FNDA:0,updateJobService
FNDA:0,updateJobFkService
FNDA:0,deleteJobService
DA:1,6
DA:4,6
DA:5,0
DA:10,0
DA:13,6
DA:14,0
DA:18,0
DA:21,6
DA:26,1
DA:33,1
DA:36,6
DA:37,0
DA:38,0
DA:41,6
DA:46,0
DA:83,0
DA:86,6
DA:91,0
DA:100,0
DA:102,6
DA:107,0
DA:132,0
DA:142,6
DA:143,0
DA:209,0
DA:212,6
DA:213,0
DA:221,0
DA:225,6
DA:232,0
DA:284,0
DA:287,6
DA:288,0
DA:293,0
LF:34
LH:14
BRF:0
BRH:0
end_of_record
TN:
SF:src\service\metadata.service.ts
FN:4,findMetadataService
FN:13,findAllMetadataService
FN:21,totalMetadataCountService
FN:32,createMetadataService
FN:41,updateMetadataService
FN:56,deleteMetadataService
FNF:6
FNH:6
FNDA:2,findMetadataService
FNDA:1,findAllMetadataService
FNDA:1,totalMetadataCountService
FNDA:1,createMetadataService
FNDA:1,updateMetadataService
FNDA:1,deleteMetadataService
DA:1,6
DA:4,6
DA:5,2
DA:10,2
DA:13,6
DA:14,1
DA:18,1
DA:21,6
DA:22,1
DA:23,1
DA:32,6
DA:33,1
DA:38,1
DA:41,6
DA:45,1
DA:53,1
DA:56,6
DA:57,1
DA:62,1
LF:19
LH:19
BRF:0
BRH:0
end_of_record
TN:
SF:src\service\salary.service.ts
FN:4,findSalaryService
FN:17,findAllSalaryService
FN:29,findManySalaryService
FN:48,totalSalaryCountService
FN:53,fiilterManyCompanyService
FN:97,searchSalaryService
FN:139,createSalaryService
FN:166,updateSalaryService
FN:178,updateSalaryFKService
FN:224,deleteSalaryService
FNF:10
FNH:0
FNDA:0,findSalaryService
FNDA:0,findAllSalaryService
FNDA:0,findManySalaryService
FNDA:0,totalSalaryCountService
FNDA:0,fiilterManyCompanyService
FNDA:0,searchSalaryService
FNDA:0,createSalaryService
FNDA:0,updateSalaryService
FNDA:0,updateSalaryFKService
FNDA:0,deleteSalaryService
DA:1,6
DA:4,6
DA:5,0
DA:14,0
DA:17,6
DA:18,0
DA:26,0
DA:29,6
DA:34,0
DA:45,0
DA:48,6
DA:49,0
DA:50,0
DA:53,6
DA:64,0
DA:95,0
DA:97,6
DA:102,0
DA:111,0
DA:139,6
DA:140,0
DA:163,0
DA:166,6
DA:167,0
DA:175,0
DA:178,6
DA:184,0
DA:221,0
DA:224,6
DA:225,0
DA:230,0
LF:31
LH:11
BRF:0
BRH:0
end_of_record
TN:
SF:src\service\session.service.ts
FN:7,findSession
FN:22,createSession
FN:29,updateSession
FN:42,reIssueAccessToken
FNF:4
FNH:1
FNDA:0,findSession
FNDA:3,createSession
FNDA:0,updateSession
FNDA:0,reIssueAccessToken
DA:1,6
DA:2,6
DA:3,6
DA:4,6
DA:5,6
DA:7,6
DA:8,0
DA:13,0
DA:22,6
DA:23,3
DA:26,3
DA:29,6
DA:30,0
DA:39,0
DA:42,6
DA:43,0
DA:45,0
DA:47,0
DA:49,0
DA:51,0
DA:53,0
DA:55,0
DA:61,0
LF:23
LH:11
BRDA:45,0,0,0
BRDA:45,1,0,0
BRDA:45,1,1,0
BRDA:49,2,0,0
BRDA:49,3,0,0
BRDA:49,3,1,0
BRDA:53,4,0,0
BRF:7
BRH:0
end_of_record
TN:
SF:src\service\tbs.service.ts
FN:4,findTBSService
FN:13,findAllTBSService
FN:21,totalTBSCountService
FN:32,createTBSService
FN:41,updateTBSService
FN:53,deleteTBSService
FNF:6
FNH:6
FNDA:2,findTBSService
FNDA:1,findAllTBSService
FNDA:1,totalTBSCountService
FNDA:1,createTBSService
FNDA:1,updateTBSService
FNDA:1,deleteTBSService
DA:1,6
DA:4,6
DA:5,2
DA:10,2
DA:13,6
DA:14,1
DA:18,1
DA:21,6
DA:22,1
DA:23,1
DA:32,6
DA:33,1
DA:38,1
DA:41,6
DA:42,1
DA:50,1
DA:53,6
DA:54,1
DA:59,1
LF:19
LH:19
BRF:0
BRH:0
end_of_record
TN:
SF:src\service\user.service.ts
FN:6,findUserService
FN:15,validateUser
FN:33,findEmailService
FN:47,createUserService
FN:87,verifyUserService
FN:99,forgotUserService
FN:111,passwordResetService
FNF:7
FNH:2
FNDA:0,findUserService
FNDA:3,validateUser
FNDA:0,findEmailService
FNDA:3,createUserService
FNDA:0,verifyUserService
FNDA:0,forgotUserService
FNDA:0,passwordResetService
DA:1,6
DA:2,6
DA:4,6
DA:6,6
DA:7,0
DA:12,0
DA:15,6
DA:16,3
DA:22,3
DA:24,3
DA:26,3
DA:27,3
DA:30,0
DA:33,6
DA:34,0
DA:39,0
DA:47,6
DA:48,3
DA:49,3
DA:62,3
DA:84,3
DA:87,6
DA:88,0
DA:96,0
DA:99,6
DA:100,0
DA:108,0
DA:111,6
DA:112,0
DA:113,0
DA:122,0
LF:31
LH:19
BRDA:22,0,0,0
BRDA:22,1,0,3
BRDA:22,1,1,3
BRDA:26,2,0,3
BRF:4
BRH:3
end_of_record
TN:
SF:src\utils\createServer.ts
FN:5,createServer
FNF:1
FNH:1
FNDA:6,createServer
DA:1,6
DA:2,6
DA:3,6
DA:5,6
DA:6,6
DA:8,6
DA:9,6
DA:10,6
DA:11,6
LF:9
LH:9
BRF:0
BRH:0
end_of_record
TN:
SF:src\utils\hashPasword.ts
FN:4,hashPassword
FN:11,comparePassword
FN:17,(anonymous_12)
FNF:3
FNH:2
FNDA:3,hashPassword
FNDA:3,comparePassword
FNDA:0,(anonymous_12)
DA:1,6
DA:2,6
DA:4,6
DA:5,3
DA:6,3
DA:7,3
DA:8,3
DA:11,6
DA:15,3
DA:17,0
DA:19,3
LF:11
LH:10
BRF:0
BRH:0
end_of_record
TN:
SF:src\utils\jwt.ts
FN:4,signJwt
FN:19,verifyJwt
FNF:2
FNH:2
FNDA:6,signJwt
FNDA:9,verifyJwt
DA:1,6
DA:2,6
DA:4,6
DA:9,6
DA:10,6
DA:11,6
DA:16,0
DA:19,6
DA:23,9
DA:24,9
DA:25,9
DA:27,9
DA:29,0
LF:13
LH:11
BRDA:12,0,0,6
BRDA:12,0,1,6
BRF:2
BRH:2
end_of_record
TN:
SF:src\utils\logger.ts
FN:15,(anonymous_1)
FNF:1
FNH:1
FNDA:6,(anonymous_1)
DA:1,6
DA:2,6
DA:3,6
DA:5,6
DA:7,6
DA:15,6
DA:18,6
LF:7
LH:7
BRF:0
BRH:0
end_of_record
TN:
SF:src\utils\random.ts
FN:5,randomString
FN:16,randomInt
FN:21,randomOwner
FN:26,RandomMoney
FN:31,randomEmail
FNF:5
FNH:4
FNDA:401,randomString
FNDA:24,randomInt
FNDA:1,randomOwner
FNDA:0,RandomMoney
FNDA:19,randomEmail
DA:2,6
DA:5,6
DA:6,401
DA:7,401
DA:8,401
DA:9,2037
DA:12,401
DA:16,6
DA:17,24
DA:21,6
DA:22,1
DA:26,6
DA:27,0
DA:31,6
DA:32,19
LF:15
LH:14
BRF:0
BRH:0
end_of_record
TN:
SF:src\utils\sendemail.ts
FN:24,sendEmail
FN:25,(anonymous_10)
FNF:2
FNH:1
FNDA:3,sendEmail
FNDA:0,(anonymous_10)
DA:1,6
DA:2,6
DA:3,6
DA:5,6
DA:13,6
DA:25,3
DA:26,0
DA:27,0
DA:28,0
DA:31,0
DA:35,6
LF:11
LH:7
BRDA:26,0,0,0
BRF:1
BRH:0
end_of_record
TN:
SF:src\utils\types.ts
FNF:0
FNH:0
DA:1,6
DA:163,6
DA:185,6
DA:211,6
DA:217,6
DA:275,6
DA:281,6
DA:303,6
DA:309,6
DA:322,6
DA:334,6
DA:352,6
DA:361,6
DA:362,6
DA:363,6
DA:364,6
DA:365,6
DA:366,6
DA:367,6
DA:368,6
DA:369,6
DA:370,6
LF:22
LH:22
BRF:0
BRH:0
end_of_record
