TN:
SF:config\default.ts
FNF:0
FNH:0
DA:1,10
DA:2,10
DA:4,10
LF:3
LH:3
BRF:0
BRH:0
end_of_record
TN:
SF:src\scripts.ts
FN:7,connectionScript
FNF:1
FNH:1
FNDA:32,connectionScript
DA:1,10
DA:2,10
DA:3,10
DA:5,10
DA:7,10
DA:8,32
DA:9,16
DA:11,32
DA:14,10
DA:15,10
DA:16,10
LF:11
LH:11
BRDA:8,0,0,16
BRF:1
BRH:1
end_of_record
TN:
SF:src\controller\Job.controller.ts
FN:22,findJobHandler
FN:49,findAllJobsHandler
FN:79,findJobsByLocationHandler
FN:119,FilterJobHandler
FN:178,SearchJobHandler
FN:216,updateJobHandler
FN:254,CreateJobHandler
FN:296,updateJobFKHandler
FN:350,deleteJobHandler
FNF:9
FNH:3
FNDA:0,findJobHandler
FNDA:1,findAllJobsHandler
FNDA:1,findJobsByLocationHandler
FNDA:1,FilterJobHandler
FNDA:0,SearchJobHandler
FNDA:0,updateJobHandler
FNDA:0,CreateJobHandler
FNDA:0,updateJobFKHandler
FNDA:0,deleteJobHandler
DA:3,10
DA:14,10
DA:22,10
DA:26,0
DA:27,0
DA:29,0
DA:30,0
DA:31,0
DA:32,0
DA:34,0
DA:40,0
DA:45,0
DA:49,10
DA:50,1
DA:52,1
DA:54,1
DA:55,1
DA:56,1
DA:57,1
DA:58,0
DA:59,0
DA:62,1
DA:70,0
DA:75,0
DA:79,10
DA:83,1
DA:85,1
DA:87,1
DA:88,1
DA:89,1
DA:98,1
DA:99,0
DA:100,0
DA:103,1
DA:110,0
DA:115,0
DA:119,10
DA:123,1
DA:125,1
DA:127,1
DA:128,1
DA:129,1
DA:130,1
DA:131,1
DA:132,1
DA:133,1
DA:134,1
DA:135,1
DA:136,1
DA:137,1
DA:138,1
DA:139,1
DA:140,1
DA:158,1
DA:159,0
DA:160,0
DA:162,1
DA:169,0
DA:174,0
DA:178,10
DA:179,0
DA:181,0
DA:183,0
DA:184,0
DA:186,0
DA:187,0
DA:188,0
DA:189,0
DA:191,0
DA:197,0
DA:199,0
DA:204,0
DA:216,10
DA:220,0
DA:221,0
DA:222,0
DA:224,0
DA:225,0
DA:226,0
DA:227,0
DA:231,0
DA:232,0
DA:233,0
DA:234,0
DA:237,0
DA:239,0
DA:245,0
DA:250,0
DA:254,10
DA:258,0
DA:259,0
DA:262,0
DA:263,0
DA:264,0
DA:267,0
DA:270,0
DA:271,0
DA:272,0
DA:273,0
DA:275,0
DA:280,0
DA:285,0
DA:287,0
DA:292,0
DA:296,10
DA:310,0
DA:311,0
DA:312,0
DA:313,0
DA:314,0
DA:315,0
DA:316,0
DA:320,0
DA:321,0
DA:322,0
DA:323,0
DA:326,0
DA:334,0
DA:339,0
DA:341,0
DA:346,0
DA:350,10
DA:351,0
DA:352,0
DA:355,0
DA:356,0
DA:357,0
DA:358,0
DA:361,0
DA:362,0
DA:367,0
DA:369,0
LF:132
LH:43
BRDA:30,0,0,0
BRDA:52,1,0,0
BRDA:52,1,1,1
BRDA:54,2,0,0
BRDA:54,2,1,1
BRDA:57,3,0,0
BRDA:85,4,0,0
BRDA:85,4,1,1
BRDA:87,5,0,0
BRDA:87,5,1,1
BRDA:98,6,0,0
BRDA:125,7,0,0
BRDA:125,7,1,1
BRDA:127,8,0,0
BRDA:127,8,1,1
BRDA:158,9,0,0
BRDA:181,10,0,0
BRDA:181,10,1,0
BRDA:183,11,0,0
BRDA:183,11,1,0
BRDA:187,12,0,0
BRDA:225,13,0,0
BRDA:232,14,0,0
BRDA:232,15,0,0
BRDA:232,15,1,0
BRDA:263,16,0,0
BRDA:263,17,0,0
BRDA:263,17,1,0
BRDA:271,18,0,0
BRDA:314,19,0,0
BRDA:321,20,0,0
BRDA:321,21,0,0
BRDA:321,21,1,0
BRDA:356,22,0,0
BRDA:356,23,0,0
BRDA:356,23,1,0
BRF:36
BRH:6
end_of_record
TN:
SF:src\controller\address.controller.ts
FN:12,findAddressHandler
FN:41,findAllAddressHandler
FN:77,CreateAddressHandler
FN:106,updateAddressHandler
FN:144,deleteAddressHandler
FNF:5
FNH:4
FNDA:1,findAddressHandler
FNDA:0,findAllAddressHandler
FNDA:1,CreateAddressHandler
FNDA:1,updateAddressHandler
FNDA:1,deleteAddressHandler
DA:3,10
DA:12,10
DA:16,1
DA:17,1
DA:19,1
DA:20,1
DA:21,0
DA:22,0
DA:25,1
DA:30,1
DA:32,0
DA:37,0
DA:41,10
DA:42,0
DA:44,0
DA:46,0
DA:47,0
DA:48,0
DA:49,0
DA:50,0
DA:51,0
DA:54,0
DA:61,0
DA:63,0
DA:68,0
DA:77,10
DA:83,1
DA:84,1
DA:86,1
DA:90,1
DA:95,1
DA:97,0
DA:102,0
DA:106,10
DA:110,1
DA:111,1
DA:114,1
DA:115,1
DA:116,0
DA:117,0
DA:120,1
DA:121,1
DA:122,0
DA:123,0
DA:126,1
DA:127,1
DA:129,1
DA:135,0
DA:140,0
DA:144,10
DA:145,1
DA:146,1
DA:149,1
DA:150,1
DA:151,0
DA:152,0
DA:155,1
DA:156,1
DA:161,1
DA:163,0
LF:60
LH:33
BRDA:20,0,0,0
BRDA:44,1,0,0
BRDA:44,1,1,0
BRDA:46,2,0,0
BRDA:46,2,1,0
BRDA:49,3,0,0
BRDA:115,4,0,0
BRDA:121,5,0,0
BRDA:150,6,0,0
BRF:9
BRH:0
end_of_record
TN:
SF:src\controller\company.controller.ts
FN:18,findCompanyHandler
FN:46,findAllCompanysHandler
FN:76,findCompanyByLocationHandler
FN:109,FilterCompanyHandler
FN:146,SearchCompanyHandler
FN:182,CreateCompanyHandler
FN:209,updateCompanyHandler
FN:247,updateCompanyAddressHandler
FN:293,deleteCompanyHandler
FNF:9
FNH:6
FNDA:1,findCompanyHandler
FNDA:2,findAllCompanysHandler
FNDA:1,findCompanyByLocationHandler
FNDA:0,FilterCompanyHandler
FNDA:0,SearchCompanyHandler
FNDA:1,CreateCompanyHandler
FNDA:0,updateCompanyHandler
FNDA:1,updateCompanyAddressHandler
FNDA:1,deleteCompanyHandler
DA:4,10
DA:18,10
DA:22,1
DA:23,1
DA:25,1
DA:26,1
DA:27,0
DA:28,0
DA:31,1
DA:37,0
DA:42,0
DA:46,10
DA:47,2
DA:49,2
DA:51,2
DA:52,2
DA:53,2
DA:54,2
DA:55,0
DA:56,0
DA:59,2
DA:67,0
DA:72,0
DA:76,10
DA:80,1
DA:82,1
DA:84,1
DA:85,1
DA:86,1
DA:87,1
DA:88,0
DA:89,0
DA:92,1
DA:98,1
DA:100,0
DA:105,0
DA:109,10
DA:110,0
DA:112,0
DA:114,0
DA:115,0
DA:116,0
DA:117,0
DA:118,0
DA:120,0
DA:125,0
DA:126,0
DA:127,0
DA:129,0
DA:135,0
DA:137,0
DA:142,0
DA:146,10
DA:147,0
DA:149,0
DA:151,0
DA:152,0
DA:154,0
DA:155,0
DA:156,0
DA:157,0
DA:159,0
DA:165,0
DA:167,0
DA:172,0
DA:182,10
DA:186,1
DA:187,1
DA:189,1
DA:193,1
DA:198,1
DA:200,0
DA:205,0
DA:209,10
DA:213,0
DA:214,0
DA:215,0
DA:218,0
DA:219,0
DA:220,0
DA:221,0
DA:224,0
DA:225,0
DA:226,0
DA:227,0
DA:229,0
DA:231,0
DA:236,0
DA:238,0
DA:243,0
DA:247,10
DA:255,1
DA:256,1
DA:257,1
DA:260,1
DA:261,1
DA:262,0
DA:263,0
DA:265,1
DA:266,1
DA:267,0
DA:268,0
DA:271,1
DA:277,1
DA:282,1
DA:284,0
DA:289,0
DA:293,10
DA:294,1
DA:295,1
DA:298,1
DA:299,1
DA:300,0
DA:301,0
DA:304,1
DA:305,1
DA:310,1
DA:312,0
DA:317,0
LF:119
LH:52
BRDA:26,0,0,0
BRDA:49,1,0,0
BRDA:49,1,1,2
BRDA:51,2,0,0
BRDA:51,2,1,2
BRDA:54,3,0,0
BRDA:82,4,0,0
BRDA:82,4,1,1
BRDA:84,5,0,0
BRDA:84,5,1,1
BRDA:87,6,0,0
BRDA:112,7,0,0
BRDA:112,7,1,0
BRDA:114,8,0,0
BRDA:114,8,1,0
BRDA:125,9,0,0
BRDA:149,10,0,0
BRDA:149,10,1,0
BRDA:151,11,0,0
BRDA:151,11,1,0
BRDA:155,12,0,0
BRDA:219,13,0,0
BRDA:225,14,0,0
BRDA:261,15,0,0
BRDA:266,16,0,0
BRDA:299,17,0,0
BRF:26
BRH:4
end_of_record
TN:
SF:src\controller\fgs.controller.ts
FN:12,findFGSHandler
FN:40,findAllFGSHandler
FN:77,CreateFGSHandler
FN:104,updateFGSHandler
FN:134,deleteFGSHandler
FNF:5
FNH:5
FNDA:1,findFGSHandler
FNDA:1,findAllFGSHandler
FNDA:1,CreateFGSHandler
FNDA:1,updateFGSHandler
FNDA:1,deleteFGSHandler
DA:2,10
DA:12,10
DA:16,1
DA:17,1
DA:19,1
DA:20,1
DA:21,0
DA:22,0
DA:25,1
DA:31,0
DA:36,0
DA:40,10
DA:41,1
DA:43,1
DA:45,1
DA:46,1
DA:47,1
DA:48,1
DA:49,0
DA:50,0
DA:53,1
DA:60,1
DA:62,0
DA:67,0
DA:77,10
DA:81,1
DA:82,1
DA:84,1
DA:88,1
DA:93,1
DA:95,0
DA:100,0
DA:104,10
DA:108,1
DA:109,1
DA:110,1
DA:111,1
DA:112,1
DA:113,0
DA:114,0
DA:117,1
DA:119,1
DA:125,0
DA:130,0
DA:134,10
DA:135,1
DA:136,1
DA:138,1
DA:139,1
DA:144,1
DA:146,0
LF:51
LH:36
BRDA:20,0,0,0
BRDA:43,1,0,0
BRDA:43,1,1,1
BRDA:45,2,0,0
BRDA:45,2,1,1
BRDA:48,3,0,0
BRDA:112,4,0,0
BRF:7
BRH:2
end_of_record
TN:
SF:src\controller\hpp.controller.ts
FN:12,findHPPHandler
FN:39,findAllHPPHandler
FN:76,CreateHPPHandler
FN:103,updateHPPHandler
FN:133,deleteHPPHandler
FNF:5
FNH:5
FNDA:1,findHPPHandler
FNDA:1,findAllHPPHandler
FNDA:1,CreateHPPHandler
FNDA:1,updateHPPHandler
FNDA:1,deleteHPPHandler
DA:3,10
DA:12,10
DA:16,1
DA:17,1
DA:19,1
DA:20,1
DA:21,0
DA:22,0
DA:25,1
DA:31,0
DA:36,0
DA:39,10
DA:40,1
DA:42,1
DA:44,1
DA:45,1
DA:46,1
DA:47,1
DA:48,0
DA:49,0
DA:52,1
DA:59,1
DA:61,0
DA:66,0
DA:76,10
DA:80,1
DA:81,1
DA:83,1
DA:87,1
DA:92,1
DA:94,0
DA:99,0
DA:103,10
DA:107,1
DA:108,1
DA:109,1
DA:110,1
DA:111,1
DA:112,0
DA:113,0
DA:116,1
DA:118,1
DA:124,0
DA:129,0
DA:133,10
DA:134,1
DA:135,1
DA:137,1
DA:138,1
DA:143,1
DA:145,0
LF:51
LH:36
BRDA:20,0,0,0
BRDA:42,1,0,0
BRDA:42,1,1,1
BRDA:44,2,0,0
BRDA:44,2,1,1
BRDA:47,3,0,0
BRDA:111,4,0,0
BRF:7
BRH:2
end_of_record
TN:
SF:src\controller\metaData.controller.ts
FN:12,findMetadataHandler
FN:39,findAllMetadataHandler
FN:76,CreateMetadataHandler
FN:103,updateMetadataHandler
FN:140,deleteMetadataHandler
FNF:5
FNH:5
FNDA:1,findMetadataHandler
FNDA:1,findAllMetadataHandler
FNDA:1,CreateMetadataHandler
FNDA:1,updateMetadataHandler
FNDA:1,deleteMetadataHandler
DA:3,10
DA:12,10
DA:16,1
DA:17,1
DA:19,1
DA:20,1
DA:21,0
DA:22,0
DA:25,1
DA:31,0
DA:36,0
DA:39,10
DA:40,1
DA:42,1
DA:44,1
DA:45,1
DA:46,1
DA:47,1
DA:48,0
DA:49,0
DA:52,1
DA:59,1
DA:61,0
DA:66,0
DA:76,10
DA:80,1
DA:81,1
DA:83,1
DA:87,1
DA:92,1
DA:94,0
DA:99,0
DA:103,10
DA:107,1
DA:108,1
DA:109,1
DA:111,1
DA:112,1
DA:113,0
DA:114,0
DA:123,1
DA:125,1
DA:131,0
DA:136,0
DA:140,10
DA:141,1
DA:142,1
DA:150,1
DA:151,1
DA:156,1
DA:158,0
LF:51
LH:36
BRDA:20,0,0,0
BRDA:42,1,0,0
BRDA:42,1,1,1
BRDA:44,2,0,0
BRDA:44,2,1,1
BRDA:47,3,0,0
BRDA:112,4,0,0
BRF:7
BRH:2
end_of_record
TN:
SF:src\controller\salary.controller.ts
FN:22,findSalaryHandler
FN:50,findAllSalaryHandler
FN:79,FilterSalaryHandler
FN:125,searchSalaryHandler
FN:157,autocompleteSalaryHandler
FN:205,CreateFGSalaryHandler
FN:238,updateSalaryHandler
FN:276,updateSalaryFKHandler
FN:313,deleteSalaryHandler
FNF:9
FNH:1
FNDA:0,findSalaryHandler
FNDA:1,findAllSalaryHandler
FNDA:0,FilterSalaryHandler
FNDA:0,searchSalaryHandler
FNDA:0,autocompleteSalaryHandler
FNDA:0,CreateFGSalaryHandler
FNDA:0,updateSalaryHandler
FNDA:0,updateSalaryFKHandler
FNDA:0,deleteSalaryHandler
DA:3,10
DA:22,10
DA:26,0
DA:27,0
DA:29,0
DA:30,0
DA:31,0
DA:32,0
DA:35,0
DA:41,0
DA:46,0
DA:50,10
DA:51,1
DA:53,1
DA:55,1
DA:56,1
DA:57,1
DA:58,1
DA:59,0
DA:60,0
DA:62,1
DA:70,0
DA:75,0
DA:79,10
DA:83,0
DA:85,0
DA:87,0
DA:88,0
DA:89,0
DA:90,0
DA:91,0
DA:92,0
DA:94,0
DA:105,0
DA:106,0
DA:107,0
DA:109,0
DA:116,0
DA:121,0
DA:125,10
DA:129,0
DA:131,0
DA:133,0
DA:134,0
DA:135,0
DA:136,0
DA:137,0
DA:138,0
DA:141,0
DA:148,0
DA:153,0
DA:157,10
DA:161,0
DA:163,0
DA:165,0
DA:166,0
DA:167,0
DA:176,0
DA:177,0
DA:178,0
DA:181,0
DA:188,0
DA:193,0
DA:205,10
DA:209,0
DA:210,0
DA:213,0
DA:214,0
DA:215,0
DA:216,0
DA:219,0
DA:222,0
DA:227,0
DA:229,0
DA:234,0
DA:238,10
DA:242,0
DA:243,0
DA:244,0
DA:247,0
DA:248,0
DA:249,0
DA:250,0
DA:253,0
DA:254,0
DA:255,0
DA:256,0
DA:259,0
DA:261,0
DA:267,0
DA:272,0
DA:276,10
DA:284,0
DA:285,0
DA:286,0
DA:287,0
DA:288,0
DA:289,0
DA:290,0
DA:293,0
DA:297,0
DA:302,0
DA:304,0
DA:309,0
DA:313,10
DA:314,0
DA:315,0
DA:317,0
DA:318,0
DA:319,0
DA:320,0
DA:323,0
DA:324,0
DA:329,0
DA:331,0
LF:115
LH:17
BRDA:30,0,0,0
BRDA:53,1,0,0
BRDA:53,1,1,1
BRDA:55,2,0,0
BRDA:55,2,1,1
BRDA:58,3,0,0
BRDA:85,4,0,0
BRDA:85,4,1,0
BRDA:87,5,0,0
BRDA:87,5,1,0
BRDA:105,6,0,0
BRDA:131,7,0,0
BRDA:131,7,1,0
BRDA:133,8,0,0
BRDA:133,8,1,0
BRDA:136,9,0,0
BRDA:163,10,0,0
BRDA:163,10,1,0
BRDA:165,11,0,0
BRDA:165,11,1,0
BRDA:176,12,0,0
BRDA:214,13,0,0
BRDA:214,14,0,0
BRDA:214,14,1,0
BRDA:248,15,0,0
BRDA:248,16,0,0
BRDA:248,16,1,0
BRDA:254,17,0,0
BRDA:288,18,0,0
BRDA:318,19,0,0
BRDA:318,20,0,0
BRDA:318,20,1,0
BRF:32
BRH:2
end_of_record
TN:
SF:src\controller\session.controller.ts
FN:13,CreateSessionHandler
FN:67,findSessionHandler
FN:87,deleteSessionHandler
FNF:3
FNH:3
FNDA:9,CreateSessionHandler
FNDA:1,findSessionHandler
FNDA:1,deleteSessionHandler
DA:2,10
DA:3,10
DA:8,10
DA:9,10
DA:11,10
DA:13,10
DA:17,9
DA:18,9
DA:19,9
DA:21,9
DA:22,0
DA:23,0
DA:26,9
DA:27,9
DA:32,9
DA:40,9
DA:46,9
DA:52,9
DA:57,9
DA:59,0
DA:67,10
DA:68,1
DA:69,1
DA:70,1
DA:71,1
DA:76,1
DA:78,0
DA:83,0
DA:87,10
DA:88,1
DA:89,1
DA:90,1
DA:91,1
DA:97,0
DA:102,0
LF:35
LH:28
BRDA:21,0,0,0
BRDA:26,1,0,9
BRDA:26,1,1,9
BRF:3
BRH:2
end_of_record
TN:
SF:src\controller\tbs.controller.ts
FN:12,findTBSHandler
FN:40,findAllTBSHandler
FN:77,CreateTBSHandler
FN:104,updateTBSHandler
FN:134,deleteTBSHandler
FNF:5
FNH:5
FNDA:1,findTBSHandler
FNDA:1,findAllTBSHandler
FNDA:1,CreateTBSHandler
FNDA:1,updateTBSHandler
FNDA:1,deleteTBSHandler
DA:3,10
DA:12,10
DA:16,1
DA:17,1
DA:19,1
DA:20,1
DA:21,0
DA:22,0
DA:25,1
DA:31,0
DA:36,0
DA:40,10
DA:41,1
DA:43,1
DA:45,1
DA:46,1
DA:47,1
DA:48,1
DA:49,0
DA:50,0
DA:53,1
DA:60,1
DA:62,0
DA:67,0
DA:77,10
DA:81,1
DA:82,1
DA:84,1
DA:88,1
DA:93,1
DA:95,0
DA:100,0
DA:104,10
DA:108,1
DA:109,1
DA:110,1
DA:111,1
DA:112,1
DA:113,0
DA:114,0
DA:117,1
DA:119,1
DA:125,0
DA:130,0
DA:134,10
DA:135,1
DA:136,1
DA:138,1
DA:139,1
DA:144,1
DA:146,0
LF:51
LH:36
BRDA:20,0,0,0
BRDA:43,1,0,0
BRDA:43,1,1,1
BRDA:45,2,0,0
BRDA:45,2,1,1
BRDA:48,3,0,0
BRDA:112,4,0,0
BRF:7
BRH:2
end_of_record
TN:
SF:src\controller\user.controller.ts
FN:20,getCurrentUserHandler
FN:39,CreateUserHandler
FN:80,verifyUserHandler
FN:117,forgotPasswordHandler
FN:158,passwordResetHandler
FNF:5
FNH:1
FNDA:0,getCurrentUserHandler
FNDA:10,CreateUserHandler
FNDA:0,verifyUserHandler
FNDA:0,forgotPasswordHandler
FNDA:0,passwordResetHandler
DA:2,10
DA:17,10
DA:18,10
DA:19,10
DA:20,10
DA:21,0
DA:22,0
DA:23,0
DA:25,0
DA:39,10
DA:43,10
DA:44,10
DA:45,10
DA:46,10
DA:50,10
DA:57,10
DA:64,10
DA:69,10
DA:71,0
DA:76,0
DA:80,10
DA:84,0
DA:85,0
DA:87,0
DA:88,0
DA:89,0
DA:90,0
DA:92,0
DA:93,0
DA:94,0
DA:97,0
DA:98,0
DA:100,0
DA:101,0
DA:103,0
DA:108,0
DA:113,0
DA:117,10
DA:121,0
DA:122,0
DA:123,0
DA:124,0
DA:125,0
DA:126,0
DA:128,0
DA:129,0
DA:130,0
DA:132,0
DA:133,0
DA:134,0
DA:143,0
DA:147,0
DA:149,0
DA:154,0
DA:158,10
DA:162,0
DA:163,0
DA:164,0
DA:165,0
DA:166,0
DA:171,0
DA:172,0
DA:175,0
DA:176,0
DA:182,0
DA:188,0
DA:193,0
LF:67
LH:17
BRDA:88,0,0,0
BRDA:92,1,0,0
BRDA:97,2,0,0
BRDA:124,3,0,0
BRDA:128,4,0,0
BRDA:166,5,0,0
BRDA:167,6,0,0
BRDA:167,6,1,0
BRDA:167,6,2,0
BRF:9
BRH:0
end_of_record
TN:
SF:src\middleware\deserializeUser.ts
FN:6,(anonymous_7)
FN:10,(anonymous_8)
FNF:2
FNH:2
FNDA:58,(anonymous_7)
FNDA:58,(anonymous_8)
DA:2,10
DA:3,10
DA:4,10
DA:6,10
DA:10,58
DA:11,58
DA:16,58
DA:17,45
DA:20,13
DA:22,13
DA:23,13
DA:25,13
DA:27,13
DA:28,0
DA:30,0
DA:31,0
DA:33,0
DA:34,0
DA:36,0
DA:38,13
DA:41,10
LF:21
LH:15
BRDA:16,0,0,45
BRDA:22,1,0,13
BRDA:27,2,0,0
BRDA:27,3,0,13
BRDA:27,3,1,0
BRDA:30,4,0,0
BRF:6
BRH:3
end_of_record
TN:
SF:src\middleware\requireUser.ts
FN:3,(anonymous_0)
FNF:1
FNH:1
FNDA:4,(anonymous_0)
DA:3,10
DA:4,4
DA:5,4
DA:6,0
DA:7,0
DA:9,4
DA:11,10
LF:7
LH:5
BRDA:5,0,0,0
BRF:1
BRH:0
end_of_record
TN:
SF:src\middleware\validate.ts
FN:5,(anonymous_0)
FN:6,(anonymous_1)
FNF:2
FNH:2
FNDA:80,(anonymous_0)
FNDA:22,(anonymous_1)
DA:5,10
DA:6,80
DA:7,22
DA:8,22
DA:10,2
DA:11,2
DA:13,20
DA:16,10
LF:8
LH:8
BRF:0
BRH:0
end_of_record
TN:
SF:src\routes\address.routes.ts
FNF:0
FNH:0
DA:1,10
DA:2,10
DA:8,10
DA:10,10
DA:11,10
DA:12,10
DA:17,10
DA:18,10
DA:19,10
DA:21,10
LF:10
LH:10
BRF:0
BRH:0
end_of_record
TN:
SF:src\routes\company.routes.ts
FNF:0
FNH:0
DA:1,10
DA:2,10
DA:13,10
DA:14,10
DA:15,10
DA:17,10
DA:22,10
DA:23,10
DA:24,10
DA:25,10
DA:26,10
DA:31,10
DA:36,10
DA:37,10
DA:42,10
DA:44,10
LF:16
LH:16
BRF:0
BRH:0
end_of_record
TN:
SF:src\routes\fgs.routes.ts
FNF:0
FNH:0
DA:1,10
DA:2,10
DA:10,10
DA:11,10
DA:12,10
DA:17,10
DA:18,10
DA:19,10
DA:21,10
LF:9
LH:9
BRF:0
BRH:0
end_of_record
TN:
SF:src\routes\hpp.routes.ts
FNF:0
FNH:0
DA:1,10
DA:2,10
DA:10,10
DA:11,10
DA:12,10
DA:17,10
DA:18,10
DA:19,10
DA:21,10
LF:9
LH:9
BRF:0
BRH:0
end_of_record
TN:
SF:src\routes\index.ts
FN:15,(anonymous_1)
FNF:1
FNH:0
FNDA:0,(anonymous_1)
DA:1,10
DA:2,10
DA:3,10
DA:4,10
DA:5,10
DA:6,10
DA:7,10
DA:8,10
DA:9,10
DA:10,10
DA:11,10
DA:13,10
DA:15,10
DA:16,0
DA:21,10
DA:22,10
DA:23,10
DA:28,10
DA:29,10
DA:30,10
DA:31,10
DA:32,10
DA:33,10
DA:34,10
DA:36,10
LF:25
LH:24
BRF:0
BRH:0
end_of_record
TN:
SF:src\routes\job.routes.ts
FNF:0
FNH:0
DA:1,10
DA:3,10
DA:4,10
DA:15,10
DA:16,10
DA:18,10
DA:22,10
DA:23,10
DA:24,10
DA:25,10
DA:26,10
DA:32,10
DA:38,10
DA:39,10
DA:44,10
DA:46,10
LF:16
LH:16
BRF:0
BRH:0
end_of_record
TN:
SF:src\routes\metadata.routes.ts
FNF:0
FNH:0
DA:1,10
DA:2,10
DA:10,10
DA:11,10
DA:12,10
DA:17,10
DA:18,10
DA:19,10
DA:21,10
LF:9
LH:9
BRF:0
BRH:0
end_of_record
TN:
SF:src\routes\salary.routes.ts
FNF:0
FNH:0
DA:1,10
DA:2,10
DA:13,10
DA:14,10
DA:15,10
DA:17,10
DA:21,10
DA:22,10
DA:23,10
DA:24,10
DA:25,10
DA:32,10
DA:38,10
DA:39,10
DA:44,10
DA:46,10
LF:16
LH:16
BRF:0
BRH:0
end_of_record
TN:
SF:src\routes\session.routes.ts
FNF:0
FNH:0
DA:1,10
DA:2,10
DA:8,10
DA:9,10
DA:10,10
DA:12,10
DA:14,10
DA:19,10
DA:20,10
DA:22,10
LF:10
LH:10
BRF:0
BRH:0
end_of_record
TN:
SF:src\routes\tbs.routes.ts
FNF:0
FNH:0
DA:1,10
DA:2,10
DA:10,10
DA:11,10
DA:12,10
DA:17,10
DA:18,10
DA:19,10
DA:21,10
LF:9
LH:9
BRF:0
BRH:0
end_of_record
TN:
SF:src\routes\user.routes.ts
FNF:0
FNH:0
DA:1,10
DA:2,10
DA:9,10
DA:17,10
DA:19,10
DA:21,10
DA:26,10
DA:31,10
DA:36,10
DA:41,10
DA:43,10
LF:11
LH:11
BRF:0
BRH:0
end_of_record
TN:
SF:src\schema\company.schema.ts
FNF:0
FNH:0
DA:1,10
DA:3,10
DA:28,10
DA:35,10
DA:41,10
DA:44,10
LF:6
LH:6
BRF:0
BRH:0
end_of_record
TN:
SF:src\schema\job.schema.ts
FNF:0
FNH:0
DA:1,10
DA:3,10
DA:105,10
DA:136,10
LF:4
LH:4
BRF:0
BRH:0
end_of_record
TN:
SF:src\schema\session.schema.ts
FNF:0
FNH:0
DA:1,10
DA:3,10
DA:16,10
LF:3
LH:3
BRF:0
BRH:0
end_of_record
TN:
SF:src\schema\user.schema.ts
FN:49,(anonymous_0)
FN:92,(anonymous_1)
FNF:2
FNH:1
FNDA:10,(anonymous_0)
FNDA:0,(anonymous_1)
DA:1,10
DA:3,10
DA:34,10
DA:40,10
DA:47,10
DA:49,10
DA:57,10
DA:62,10
DA:66,10
DA:71,10
DA:75,10
DA:80,10
DA:90,10
DA:92,0
LF:14
LH:13
BRF:0
BRH:0
end_of_record
TN:
SF:src\service\address.service.ts
FN:4,findAddressService
FN:13,findAllAddressService
FN:21,totalAddressCountService
FN:31,createAddressService
FN:40,updateAddressService
FN:55,deleteAddressService
FNF:6
FNH:4
FNDA:2,findAddressService
FNDA:0,findAllAddressService
FNDA:0,totalAddressCountService
FNDA:1,createAddressService
FNDA:1,updateAddressService
FNDA:1,deleteAddressService
DA:1,10
DA:4,10
DA:5,2
DA:10,2
DA:13,10
DA:14,0
DA:18,0
DA:21,10
DA:22,0
DA:23,0
DA:31,10
DA:32,1
DA:37,1
DA:40,10
DA:44,1
DA:52,1
DA:55,10
DA:56,1
DA:61,1
LF:19
LH:15
BRF:0
BRH:0
end_of_record
TN:
SF:src\service\company.service.ts
FN:5,findCompanyService
FN:17,findAllCompanyService
FN:25,findManyCompanyService
FN:61,fiilterManyCompanyService
FN:98,totalCompanyCountService
FN:103,SearchCompanyService
FN:126,createCompanyService
FN:155,updateCompanyService
FN:173,updateCompanyAddressService
FN:210,deleteCompanyService
FNF:10
FNH:7
FNDA:2,findCompanyService
FNDA:2,findAllCompanyService
FNDA:1,findManyCompanyService
FNDA:0,fiilterManyCompanyService
FNDA:2,totalCompanyCountService
FNDA:0,SearchCompanyService
FNDA:1,createCompanyService
FNDA:0,updateCompanyService
FNDA:1,updateCompanyAddressService
FNDA:1,deleteCompanyService
DA:1,10
DA:5,10
DA:6,2
DA:14,2
DA:17,10
DA:18,2
DA:22,2
DA:25,10
DA:30,1
DA:58,1
DA:61,10
DA:66,0
DA:95,0
DA:98,10
DA:99,2
DA:100,2
DA:103,10
DA:108,0
DA:117,0
DA:126,10
DA:127,1
DA:152,1
DA:155,10
DA:159,0
DA:170,0
DA:173,10
DA:178,1
DA:207,1
DA:210,10
DA:211,1
DA:216,1
LF:31
LH:25
BRF:0
BRH:0
end_of_record
TN:
SF:src\service\fgs.service.ts
FN:4,findFGSService
FN:13,findAllFGSService
FN:21,totalFGSCountService
FN:32,createFGSService
FN:41,updateFGSService
FN:53,deleteFGSService
FNF:6
FNH:6
FNDA:2,findFGSService
FNDA:1,findAllFGSService
FNDA:1,totalFGSCountService
FNDA:1,createFGSService
FNDA:1,updateFGSService
FNDA:1,deleteFGSService
DA:1,10
DA:4,10
DA:5,2
DA:10,2
DA:13,10
DA:14,1
DA:18,1
DA:21,10
DA:22,1
DA:23,1
DA:32,10
DA:33,1
DA:38,1
DA:41,10
DA:42,1
DA:50,1
DA:53,10
DA:54,1
DA:59,1
LF:19
LH:19
BRF:0
BRH:0
end_of_record
TN:
SF:src\service\hpp.service.ts
FN:4,findHPPService
FN:13,findAllHPPService
FN:21,totalHPPCountService
FN:32,createHPPService
FN:41,updateHPPService
FN:53,deleteHPPService
FNF:6
FNH:6
FNDA:2,findHPPService
FNDA:1,findAllHPPService
FNDA:1,totalHPPCountService
FNDA:1,createHPPService
FNDA:1,updateHPPService
FNDA:1,deleteHPPService
DA:1,10
DA:4,10
DA:5,2
DA:10,2
DA:13,10
DA:14,1
DA:18,1
DA:21,10
DA:22,1
DA:23,1
DA:32,10
DA:33,1
DA:38,1
DA:41,10
DA:42,1
DA:50,1
DA:53,10
DA:54,1
DA:59,1
LF:19
LH:19
BRF:0
BRH:0
end_of_record
TN:
SF:src\service\job.service.ts
FN:4,findJobService
FN:13,findAllJobsService
FN:21,findManyJobsService
FN:36,totalJobCountService
FN:41,fiilterManyJobService
FN:86,SearchJobService
FN:102,findJobLocationService
FN:142,createJobService
FN:212,updateJobService
FN:225,updateJobFkService
FN:287,deleteJobService
FNF:11
FNH:3
FNDA:0,findJobService
FNDA:1,findAllJobsService
FNDA:2,findManyJobsService
FNDA:1,totalJobCountService
FNDA:0,fiilterManyJobService
FNDA:0,SearchJobService
FNDA:0,findJobLocationService
FNDA:0,createJobService
FNDA:0,updateJobService
FNDA:0,updateJobFkService
FNDA:0,deleteJobService
DA:1,10
DA:4,10
DA:5,0
DA:10,0
DA:13,10
DA:14,1
DA:18,1
DA:21,10
DA:26,2
DA:33,2
DA:36,10
DA:37,1
DA:38,1
DA:41,10
DA:46,0
DA:83,0
DA:86,10
DA:91,0
DA:100,0
DA:102,10
DA:107,0
DA:132,0
DA:142,10
DA:143,0
DA:209,0
DA:212,10
DA:213,0
DA:221,0
DA:225,10
DA:232,0
DA:284,0
DA:287,10
DA:288,0
DA:293,0
LF:34
LH:18
BRF:0
BRH:0
end_of_record
TN:
SF:src\service\metadata.service.ts
FN:4,findMetadataService
FN:13,findAllMetadataService
FN:21,totalMetadataCountService
FN:32,createMetadataService
FN:41,updateMetadataService
FN:56,deleteMetadataService
FNF:6
FNH:6
FNDA:2,findMetadataService
FNDA:1,findAllMetadataService
FNDA:1,totalMetadataCountService
FNDA:1,createMetadataService
FNDA:1,updateMetadataService
FNDA:1,deleteMetadataService
DA:1,10
DA:4,10
DA:5,2
DA:10,2
DA:13,10
DA:14,1
DA:18,1
DA:21,10
DA:22,1
DA:23,1
DA:32,10
DA:33,1
DA:38,1
DA:41,10
DA:45,1
DA:53,1
DA:56,10
DA:57,1
DA:62,1
LF:19
LH:19
BRF:0
BRH:0
end_of_record
TN:
SF:src\service\salary.service.ts
FN:4,findSalaryService
FN:17,findAllSalaryService
FN:29,findManySalaryService
FN:48,totalSalaryCountService
FN:53,fiilterManyCompanyService
FN:97,searchSalaryService
FN:139,createSalaryService
FN:166,updateSalaryService
FN:178,updateSalaryFKService
FN:224,deleteSalaryService
FNF:10
FNH:2
FNDA:0,findSalaryService
FNDA:1,findAllSalaryService
FNDA:0,findManySalaryService
FNDA:1,totalSalaryCountService
FNDA:0,fiilterManyCompanyService
FNDA:0,searchSalaryService
FNDA:0,createSalaryService
FNDA:0,updateSalaryService
FNDA:0,updateSalaryFKService
FNDA:0,deleteSalaryService
DA:1,10
DA:4,10
DA:5,0
DA:14,0
DA:17,10
DA:18,1
DA:26,1
DA:29,10
DA:34,0
DA:45,0
DA:48,10
DA:49,1
DA:50,1
DA:53,10
DA:64,0
DA:95,0
DA:97,10
DA:102,0
DA:111,0
DA:139,10
DA:140,0
DA:163,0
DA:166,10
DA:167,0
DA:175,0
DA:178,10
DA:184,0
DA:221,0
DA:224,10
DA:225,0
DA:230,0
LF:31
LH:15
BRF:0
BRH:0
end_of_record
TN:
SF:src\service\session.service.ts
FN:7,findSession
FN:22,createSession
FN:29,updateSession
FN:42,reIssueAccessToken
FNF:4
FNH:3
FNDA:1,findSession
FNDA:9,createSession
FNDA:1,updateSession
FNDA:0,reIssueAccessToken
DA:1,10
DA:2,10
DA:3,10
DA:4,10
DA:5,10
DA:7,10
DA:8,1
DA:13,1
DA:22,10
DA:23,9
DA:26,9
DA:29,10
DA:30,1
DA:39,1
DA:42,10
DA:43,0
DA:45,0
DA:47,0
DA:49,0
DA:51,0
DA:53,0
DA:55,0
DA:61,0
LF:23
LH:15
BRDA:45,0,0,0
BRDA:45,1,0,0
BRDA:45,1,1,0
BRDA:49,2,0,0
BRDA:49,3,0,0
BRDA:49,3,1,0
BRDA:53,4,0,0
BRF:7
BRH:0
end_of_record
TN:
SF:src\service\tbs.service.ts
FN:4,findTBSService
FN:13,findAllTBSService
FN:21,totalTBSCountService
FN:32,createTBSService
FN:41,updateTBSService
FN:53,deleteTBSService
FNF:6
FNH:6
FNDA:2,findTBSService
FNDA:1,findAllTBSService
FNDA:1,totalTBSCountService
FNDA:1,createTBSService
FNDA:1,updateTBSService
FNDA:1,deleteTBSService
DA:1,10
DA:4,10
DA:5,2
DA:10,2
DA:13,10
DA:14,1
DA:18,1
DA:21,10
DA:22,1
DA:23,1
DA:32,10
DA:33,1
DA:38,1
DA:41,10
DA:42,1
DA:50,1
DA:53,10
DA:54,1
DA:59,1
LF:19
LH:19
BRF:0
BRH:0
end_of_record
TN:
SF:src\service\user.service.ts
FN:6,findUserService
FN:15,validateUser
FN:33,findEmailService
FN:47,createUserService
FN:87,verifyUserService
FN:99,forgotUserService
FN:111,passwordResetService
FNF:7
FNH:2
FNDA:0,findUserService
FNDA:9,validateUser
FNDA:0,findEmailService
FNDA:10,createUserService
FNDA:0,verifyUserService
FNDA:0,forgotUserService
FNDA:0,passwordResetService
DA:1,10
DA:2,10
DA:4,10
DA:6,10
DA:7,0
DA:12,0
DA:15,10
DA:16,9
DA:22,9
DA:24,9
DA:26,9
DA:27,9
DA:30,0
DA:33,10
DA:34,0
DA:39,0
DA:47,10
DA:48,10
DA:49,10
DA:62,10
DA:84,10
DA:87,10
DA:88,0
DA:96,0
DA:99,10
DA:100,0
DA:108,0
DA:111,10
DA:112,0
DA:113,0
DA:122,0
LF:31
LH:19
BRDA:22,0,0,0
BRDA:22,1,0,9
BRDA:22,1,1,9
BRDA:26,2,0,9
BRF:4
BRH:3
end_of_record
TN:
SF:src\utils\createServer.ts
FN:5,createServer
FNF:1
FNH:1
FNDA:10,createServer
DA:1,10
DA:2,10
DA:3,10
DA:5,10
DA:6,10
DA:8,10
DA:9,10
DA:10,10
DA:11,10
LF:9
LH:9
BRF:0
BRH:0
end_of_record
TN:
SF:src\utils\hashPasword.ts
FN:4,hashPassword
FN:11,comparePassword
FN:17,(anonymous_12)
FNF:3
FNH:2
FNDA:10,hashPassword
FNDA:9,comparePassword
FNDA:0,(anonymous_12)
DA:1,10
DA:2,10
DA:4,10
DA:5,10
DA:6,10
DA:7,10
DA:8,10
DA:11,10
DA:15,9
DA:17,0
DA:19,9
LF:11
LH:10
BRF:0
BRH:0
end_of_record
TN:
SF:src\utils\jwt.ts
FN:4,signJwt
FN:19,verifyJwt
FNF:2
FNH:2
FNDA:18,signJwt
FNDA:13,verifyJwt
DA:1,10
DA:2,10
DA:4,10
DA:9,18
DA:10,18
DA:11,18
DA:16,0
DA:19,10
DA:23,13
DA:24,13
DA:25,13
DA:27,13
DA:29,0
LF:13
LH:11
BRDA:12,0,0,18
BRDA:12,0,1,18
BRF:2
BRH:2
end_of_record
TN:
SF:src\utils\logger.ts
FN:15,(anonymous_1)
FNF:1
FNH:1
FNDA:19,(anonymous_1)
DA:1,10
DA:2,10
DA:3,10
DA:5,10
DA:7,10
DA:15,19
DA:18,10
LF:7
LH:7
BRF:0
BRH:0
end_of_record
TN:
SF:src\utils\random.ts
FN:5,randomString
FN:16,randomInt
FN:21,randomOwner
FN:26,RandomMoney
FN:31,randomEmail
FNF:5
FNH:3
FNDA:660,randomString
FNDA:40,randomInt
FNDA:0,randomOwner
FNDA:0,RandomMoney
FNDA:30,randomEmail
DA:2,10
DA:5,10
DA:6,660
DA:7,660
DA:8,660
DA:9,3350
DA:12,660
DA:16,10
DA:17,40
DA:21,10
DA:22,0
DA:26,10
DA:27,0
DA:31,10
DA:32,30
LF:15
LH:13
BRF:0
BRH:0
end_of_record
TN:
SF:src\utils\sendemail.ts
FN:24,sendEmail
FN:25,(anonymous_10)
FNF:2
FNH:2
FNDA:10,sendEmail
FNDA:9,(anonymous_10)
DA:1,10
DA:2,10
DA:3,10
DA:5,10
DA:13,10
DA:25,10
DA:26,9
DA:27,9
DA:28,9
DA:31,0
DA:35,10
LF:11
LH:10
BRDA:26,0,0,9
BRF:1
BRH:1
end_of_record
TN:
SF:src\utils\types.ts
FNF:0
FNH:0
DA:1,10
DA:163,10
DA:185,10
DA:211,10
DA:217,10
DA:275,10
DA:281,10
DA:303,10
DA:309,10
DA:322,10
DA:334,10
DA:352,10
DA:361,10
DA:362,10
DA:363,10
DA:364,10
DA:365,10
DA:366,10
DA:367,10
DA:368,10
DA:369,10
DA:370,10
LF:22
LH:22
BRF:0
BRH:0
end_of_record
